{"total": {"lines":{"total":16902,"covered":247,"skipped":0,"pct":1.46},"statements":{"total":18602,"covered":268,"skipped":0,"pct":1.44},"functions":{"total":5437,"covered":47,"skipped":0,"pct":0.86},"branches":{"total":10688,"covered":112,"skipped":0,"pct":1.04},"branchesTrue":{"total":0,"covered":0,"skipped":0,"pct":100}}
,"C:\\Users\\chase\\Downloads\\crm (32)\\src\\App.tsx": {"lines":{"total":150,"covered":0,"skipped":0,"pct":0},"functions":{"total":119,"covered":0,"skipped":0,"pct":0},"statements":{"total":194,"covered":0,"skipped":0,"pct":0},"branches":{"total":67,"covered":0,"skipped":0,"pct":0}}
,"C:\\Users\\chase\\Downloads\\crm (32)\\src\\app\\error.tsx": {"lines":{"total":4,"covered":0,"skipped":0,"pct":0},"functions":{"total":2,"covered":0,"skipped":0,"pct":0},"statements":{"total":4,"covered":0,"skipped":0,"pct":0},"branches":{"total":0,"covered":0,"skipped":0,"pct":100}}
,"C:\\Users\\chase\\Downloads\\crm (32)\\src\\app\\not-found.tsx": {"lines":{"total":2,"covered":0,"skipped":0,"pct":0},"functions":{"total":1,"covered":0,"skipped":0,"pct":0},"statements":{"total":2,"covered":0,"skipped":0,"pct":0},"branches":{"total":0,"covered":0,"skipped":0,"pct":100}}
,"C:\\Users\\chase\\Downloads\\crm (32)\\src\\app\\page.tsx": {"lines":{"total":6,"covered":0,"skipped":0,"pct":0},"functions":{"total":4,"covered":0,"skipped":0,"pct":0},"statements":{"total":6,"covered":0,"skipped":0,"pct":0},"branches":{"total":0,"covered":0,"skipped":0,"pct":100}}
,"C:\\Users\\chase\\Downloads\\crm (32)\\src\\app\\api\\analytics\\[metric]\\route.ts": {"lines":{"total":11,"covered":0,"skipped":0,"pct":0},"functions":{"total":1,"covered":0,"skipped":0,"pct":0},"statements":{"total":11,"covered":0,"skipped":0,"pct":0},"branches":{"total":4,"covered":0,"skipped":0,"pct":0}}
,"C:\\Users\\chase\\Downloads\\crm (32)\\src\\app\\api\\clients\\route.ts": {"lines":{"total":17,"covered":0,"skipped":0,"pct":0},"functions":{"total":4,"covered":0,"skipped":0,"pct":0},"statements":{"total":19,"covered":0,"skipped":0,"pct":0},"branches":{"total":0,"covered":0,"skipped":0,"pct":100}}
,"C:\\Users\\chase\\Downloads\\crm (32)\\src\\app\\api\\clients\\[id]\\route.ts": {"lines":{"total":36,"covered":0,"skipped":0,"pct":0},"functions":{"total":9,"covered":0,"skipped":0,"pct":0},"statements":{"total":42,"covered":0,"skipped":0,"pct":0},"branches":{"total":6,"covered":0,"skipped":0,"pct":0}}
,"C:\\Users\\chase\\Downloads\\crm (32)\\src\\app\\api\\dashboards\\[userId]\\route.ts": {"lines":{"total":17,"covered":0,"skipped":0,"pct":0},"functions":{"total":2,"covered":0,"skipped":0,"pct":0},"statements":{"total":17,"covered":0,"skipped":0,"pct":0},"branches":{"total":2,"covered":0,"skipped":0,"pct":0}}
,"C:\\Users\\chase\\Downloads\\crm (32)\\src\\app\\clients\\page.tsx": {"lines":{"total":6,"covered":0,"skipped":0,"pct":0},"functions":{"total":1,"covered":0,"skipped":0,"pct":0},"statements":{"total":6,"covered":0,"skipped":0,"pct":0},"branches":{"total":0,"covered":0,"skipped":0,"pct":100}}
,"C:\\Users\\chase\\Downloads\\crm (32)\\src\\app\\pipeline\\page.tsx": {"lines":{"total":6,"covered":0,"skipped":0,"pct":0},"functions":{"total":1,"covered":0,"skipped":0,"pct":0},"statements":{"total":6,"covered":0,"skipped":0,"pct":0},"branches":{"total":0,"covered":0,"skipped":0,"pct":100}}
,"C:\\Users\\chase\\Downloads\\crm (32)\\src\\app\\reports\\page.tsx": {"lines":{"total":25,"covered":0,"skipped":0,"pct":0},"functions":{"total":6,"covered":0,"skipped":0,"pct":0},"statements":{"total":26,"covered":0,"skipped":0,"pct":0},"branches":{"total":7,"covered":0,"skipped":0,"pct":0}}
,"C:\\Users\\chase\\Downloads\\crm (32)\\src\\components\\AdminDashboard.tsx": {"lines":{"total":306,"covered":0,"skipped":0,"pct":0},"functions":{"total":160,"covered":0,"skipped":0,"pct":0},"statements":{"total":321,"covered":0,"skipped":0,"pct":0},"branches":{"total":356,"covered":0,"skipped":0,"pct":0}}
,"C:\\Users\\chase\\Downloads\\crm (32)\\src\\components\\AdvancedAnalytics.tsx": {"lines":{"total":79,"covered":0,"skipped":0,"pct":0},"functions":{"total":21,"covered":0,"skipped":0,"pct":0},"statements":{"total":80,"covered":0,"skipped":0,"pct":0},"branches":{"total":27,"covered":0,"skipped":0,"pct":0}}
,"C:\\Users\\chase\\Downloads\\crm (32)\\src\\components\\AdvancedProjectManagement.tsx": {"lines":{"total":180,"covered":0,"skipped":0,"pct":0},"functions":{"total":70,"covered":0,"skipped":0,"pct":0},"statements":{"total":197,"covered":0,"skipped":0,"pct":0},"branches":{"total":197,"covered":0,"skipped":0,"pct":0}}
,"C:\\Users\\chase\\Downloads\\crm (32)\\src\\components\\AgentOnboarding.tsx": {"lines":{"total":132,"covered":0,"skipped":0,"pct":0},"functions":{"total":74,"covered":0,"skipped":0,"pct":0},"statements":{"total":145,"covered":0,"skipped":0,"pct":0},"branches":{"total":110,"covered":0,"skipped":0,"pct":0}}
,"C:\\Users\\chase\\Downloads\\crm (32)\\src\\components\\AppWithProviders.tsx": {"lines":{"total":6,"covered":0,"skipped":0,"pct":0},"functions":{"total":1,"covered":0,"skipped":0,"pct":0},"statements":{"total":6,"covered":0,"skipped":0,"pct":0},"branches":{"total":0,"covered":0,"skipped":0,"pct":100}}
,"C:\\Users\\chase\\Downloads\\crm (32)\\src\\components\\AutomatedNotificationSystem.tsx": {"lines":{"total":46,"covered":0,"skipped":0,"pct":0},"functions":{"total":37,"covered":0,"skipped":0,"pct":0},"statements":{"total":62,"covered":0,"skipped":0,"pct":0},"branches":{"total":18,"covered":0,"skipped":0,"pct":0}}
,"C:\\Users\\chase\\Downloads\\crm (32)\\src\\components\\AutomationWorkflows.tsx": {"lines":{"total":143,"covered":0,"skipped":0,"pct":0},"functions":{"total":65,"covered":0,"skipped":0,"pct":0},"statements":{"total":152,"covered":0,"skipped":0,"pct":0},"branches":{"total":138,"covered":0,"skipped":0,"pct":0}}
,"C:\\Users\\chase\\Downloads\\crm (32)\\src\\components\\Calendar.tsx": {"lines":{"total":5,"covered":0,"skipped":0,"pct":0},"functions":{"total":1,"covered":0,"skipped":0,"pct":0},"statements":{"total":6,"covered":0,"skipped":0,"pct":0},"branches":{"total":0,"covered":0,"skipped":0,"pct":100}}
,"C:\\Users\\chase\\Downloads\\crm (32)\\src\\components\\ClientInvoicePayment.tsx": {"lines":{"total":24,"covered":0,"skipped":0,"pct":0},"functions":{"total":10,"covered":0,"skipped":0,"pct":0},"statements":{"total":26,"covered":0,"skipped":0,"pct":0},"branches":{"total":8,"covered":0,"skipped":0,"pct":0}}
,"C:\\Users\\chase\\Downloads\\crm (32)\\src\\components\\Clients.tsx": {"lines":{"total":253,"covered":0,"skipped":0,"pct":0},"functions":{"total":95,"covered":0,"skipped":0,"pct":0},"statements":{"total":266,"covered":0,"skipped":0,"pct":0},"branches":{"total":253,"covered":0,"skipped":0,"pct":0}}
,"C:\\Users\\chase\\Downloads\\crm (32)\\src\\components\\CommissionDashboard.tsx": {"lines":{"total":98,"covered":0,"skipped":0,"pct":0},"functions":{"total":25,"covered":0,"skipped":0,"pct":0},"statements":{"total":102,"covered":0,"skipped":0,"pct":0},"branches":{"total":108,"covered":0,"skipped":0,"pct":0}}
,"C:\\Users\\chase\\Downloads\\crm (32)\\src\\components\\Company.tsx": {"lines":{"total":56,"covered":0,"skipped":0,"pct":0},"functions":{"total":18,"covered":0,"skipped":0,"pct":0},"statements":{"total":61,"covered":0,"skipped":0,"pct":0},"branches":{"total":38,"covered":0,"skipped":0,"pct":0}}
,"C:\\Users\\chase\\Downloads\\crm (32)\\src\\components\\CompetitorAnalysis.tsx": {"lines":{"total":81,"covered":0,"skipped":0,"pct":0},"functions":{"total":42,"covered":0,"skipped":0,"pct":0},"statements":{"total":103,"covered":0,"skipped":0,"pct":0},"branches":{"total":43,"covered":0,"skipped":0,"pct":0}}
,"C:\\Users\\chase\\Downloads\\crm (32)\\src\\components\\ContactForm.tsx": {"lines":{"total":13,"covered":0,"skipped":0,"pct":0},"functions":{"total":9,"covered":0,"skipped":0,"pct":0},"statements":{"total":14,"covered":0,"skipped":0,"pct":0},"branches":{"total":20,"covered":0,"skipped":0,"pct":0}}
,"C:\\Users\\chase\\Downloads\\crm (32)\\src\\components\\ContractApprovalWorkflow.tsx": {"lines":{"total":25,"covered":0,"skipped":0,"pct":0},"functions":{"total":12,"covered":0,"skipped":0,"pct":0},"statements":{"total":28,"covered":0,"skipped":0,"pct":0},"branches":{"total":12,"covered":0,"skipped":0,"pct":0}}
,"C:\\Users\\chase\\Downloads\\crm (32)\\src\\components\\Contracts.tsx": {"lines":{"total":65,"covered":0,"skipped":0,"pct":0},"functions":{"total":16,"covered":0,"skipped":0,"pct":0},"statements":{"total":71,"covered":0,"skipped":0,"pct":0},"branches":{"total":64,"covered":0,"skipped":0,"pct":0}}
,"C:\\Users\\chase\\Downloads\\crm (32)\\src\\components\\CountdownTimer.tsx": {"lines":{"total":31,"covered":0,"skipped":0,"pct":0},"functions":{"total":5,"covered":0,"skipped":0,"pct":0},"statements":{"total":34,"covered":0,"skipped":0,"pct":0},"branches":{"total":16,"covered":0,"skipped":0,"pct":0}}
,"C:\\Users\\chase\\Downloads\\crm (32)\\src\\components\\CustomFieldsManager.tsx": {"lines":{"total":129,"covered":0,"skipped":0,"pct":0},"functions":{"total":50,"covered":0,"skipped":0,"pct":0},"statements":{"total":138,"covered":0,"skipped":0,"pct":0},"branches":{"total":108,"covered":0,"skipped":0,"pct":0}}
,"C:\\Users\\chase\\Downloads\\crm (32)\\src\\components\\CustomizableDashboard.tsx": {"lines":{"total":76,"covered":0,"skipped":0,"pct":0},"functions":{"total":16,"covered":0,"skipped":0,"pct":0},"statements":{"total":79,"covered":0,"skipped":0,"pct":0},"branches":{"total":19,"covered":0,"skipped":0,"pct":0}}
,"C:\\Users\\chase\\Downloads\\crm (32)\\src\\components\\Dashboard.tsx": {"lines":{"total":50,"covered":0,"skipped":0,"pct":0},"functions":{"total":18,"covered":0,"skipped":0,"pct":0},"statements":{"total":57,"covered":0,"skipped":0,"pct":0},"branches":{"total":29,"covered":0,"skipped":0,"pct":0}}
,"C:\\Users\\chase\\Downloads\\crm (32)\\src\\components\\DataExport.tsx": {"lines":{"total":113,"covered":0,"skipped":0,"pct":0},"functions":{"total":48,"covered":0,"skipped":0,"pct":0},"statements":{"total":122,"covered":0,"skipped":0,"pct":0},"branches":{"total":49,"covered":0,"skipped":0,"pct":0}}
,"C:\\Users\\chase\\Downloads\\crm (32)\\src\\components\\DesignFeedback.tsx": {"lines":{"total":68,"covered":0,"skipped":0,"pct":0},"functions":{"total":29,"covered":0,"skipped":0,"pct":0},"statements":{"total":79,"covered":0,"skipped":0,"pct":0},"branches":{"total":62,"covered":0,"skipped":0,"pct":0}}
,"C:\\Users\\chase\\Downloads\\crm (32)\\src\\components\\Documents.tsx": {"lines":{"total":146,"covered":0,"skipped":0,"pct":0},"functions":{"total":47,"covered":0,"skipped":0,"pct":0},"statements":{"total":162,"covered":0,"skipped":0,"pct":0},"branches":{"total":114,"covered":0,"skipped":0,"pct":0}}
,"C:\\Users\\chase\\Downloads\\crm (32)\\src\\components\\Email.tsx": {"lines":{"total":170,"covered":0,"skipped":0,"pct":0},"functions":{"total":54,"covered":0,"skipped":0,"pct":0},"statements":{"total":193,"covered":0,"skipped":0,"pct":0},"branches":{"total":90,"covered":0,"skipped":0,"pct":0}}
,"C:\\Users\\chase\\Downloads\\crm (32)\\src\\components\\EnhancedCRMShowcase.tsx": {"lines":{"total":28,"covered":0,"skipped":0,"pct":0},"functions":{"total":10,"covered":0,"skipped":0,"pct":0},"statements":{"total":29,"covered":0,"skipped":0,"pct":0},"branches":{"total":9,"covered":0,"skipped":0,"pct":0}}
,"C:\\Users\\chase\\Downloads\\crm (32)\\src\\components\\EnhancedClientDashboard.tsx": {"lines":{"total":67,"covered":0,"skipped":0,"pct":0},"functions":{"total":25,"covered":0,"skipped":0,"pct":0},"statements":{"total":69,"covered":0,"skipped":0,"pct":0},"branches":{"total":52,"covered":0,"skipped":0,"pct":0}}
,"C:\\Users\\chase\\Downloads\\crm (32)\\src\\components\\EnhancedClientPortal.tsx": {"lines":{"total":78,"covered":0,"skipped":0,"pct":0},"functions":{"total":54,"covered":0,"skipped":0,"pct":0},"statements":{"total":84,"covered":0,"skipped":0,"pct":0},"branches":{"total":93,"covered":0,"skipped":0,"pct":0}}
,"C:\\Users\\chase\\Downloads\\crm (32)\\src\\components\\EnhancedContractInvoiceManager.fixed.tsx": {"lines":{"total":104,"covered":45,"skipped":0,"pct":43.26},"functions":{"total":44,"covered":13,"skipped":0,"pct":29.54},"statements":{"total":118,"covered":51,"skipped":0,"pct":43.22},"branches":{"total":61,"covered":22,"skipped":0,"pct":36.06}}
,"C:\\Users\\chase\\Downloads\\crm (32)\\src\\components\\EnhancedContractInvoiceManager.tsx": {"lines":{"total":214,"covered":0,"skipped":0,"pct":0},"functions":{"total":71,"covered":0,"skipped":0,"pct":0},"statements":{"total":236,"covered":0,"skipped":0,"pct":0},"branches":{"total":134,"covered":0,"skipped":0,"pct":0}}
,"C:\\Users\\chase\\Downloads\\crm (32)\\src\\components\\EnhancedErrorBoundary.tsx": {"lines":{"total":157,"covered":0,"skipped":0,"pct":0},"functions":{"total":25,"covered":0,"skipped":0,"pct":0},"statements":{"total":170,"covered":0,"skipped":0,"pct":0},"branches":{"total":144,"covered":0,"skipped":0,"pct":0}}
,"C:\\Users\\chase\\Downloads\\crm (32)\\src\\components\\EnhancedPaymentSystem.tsx": {"lines":{"total":90,"covered":0,"skipped":0,"pct":0},"functions":{"total":30,"covered":0,"skipped":0,"pct":0},"statements":{"total":98,"covered":0,"skipped":0,"pct":0},"branches":{"total":39,"covered":0,"skipped":0,"pct":0}}
,"C:\\Users\\chase\\Downloads\\crm (32)\\src\\components\\EnhancedSearch.tsx": {"lines":{"total":186,"covered":0,"skipped":0,"pct":0},"functions":{"total":66,"covered":0,"skipped":0,"pct":0},"statements":{"total":200,"covered":0,"skipped":0,"pct":0},"branches":{"total":118,"covered":0,"skipped":0,"pct":0}}
,"C:\\Users\\chase\\Downloads\\crm (32)\\src\\components\\ErrorBoundary.tsx": {"lines":{"total":99,"covered":0,"skipped":0,"pct":0},"functions":{"total":23,"covered":0,"skipped":0,"pct":0},"statements":{"total":102,"covered":0,"skipped":0,"pct":0},"branches":{"total":70,"covered":0,"skipped":0,"pct":0}}
,"C:\\Users\\chase\\Downloads\\crm (32)\\src\\components\\ErrorMonitoringDashboard.tsx": {"lines":{"total":64,"covered":0,"skipped":0,"pct":0},"functions":{"total":25,"covered":0,"skipped":0,"pct":0},"statements":{"total":69,"covered":0,"skipped":0,"pct":0},"branches":{"total":42,"covered":0,"skipped":0,"pct":0}}
,"C:\\Users\\chase\\Downloads\\crm (32)\\src\\components\\FinancialDashboard.tsx": {"lines":{"total":37,"covered":0,"skipped":0,"pct":0},"functions":{"total":15,"covered":0,"skipped":0,"pct":0},"statements":{"total":40,"covered":0,"skipped":0,"pct":0},"branches":{"total":31,"covered":0,"skipped":0,"pct":0}}
,"C:\\Users\\chase\\Downloads\\crm (32)\\src\\components\\FocusMode.tsx": {"lines":{"total":91,"covered":0,"skipped":0,"pct":0},"functions":{"total":29,"covered":0,"skipped":0,"pct":0},"statements":{"total":99,"covered":0,"skipped":0,"pct":0},"branches":{"total":49,"covered":0,"skipped":0,"pct":0}}
,"C:\\Users\\chase\\Downloads\\crm (32)\\src\\components\\Leads.tsx": {"lines":{"total":139,"covered":0,"skipped":0,"pct":0},"functions":{"total":74,"covered":0,"skipped":0,"pct":0},"statements":{"total":146,"covered":0,"skipped":0,"pct":0},"branches":{"total":30,"covered":0,"skipped":0,"pct":0}}
,"C:\\Users\\chase\\Downloads\\crm (32)\\src\\components\\LoadingIndicator.tsx": {"lines":{"total":5,"covered":0,"skipped":0,"pct":0},"functions":{"total":1,"covered":0,"skipped":0,"pct":0},"statements":{"total":6,"covered":0,"skipped":0,"pct":0},"branches":{"total":4,"covered":0,"skipped":0,"pct":0}}
,"C:\\Users\\chase\\Downloads\\crm (32)\\src\\components\\LocalSEO.tsx": {"lines":{"total":76,"covered":0,"skipped":0,"pct":0},"functions":{"total":28,"covered":0,"skipped":0,"pct":0},"statements":{"total":86,"covered":0,"skipped":0,"pct":0},"branches":{"total":80,"covered":0,"skipped":0,"pct":0}}
,"C:\\Users\\chase\\Downloads\\crm (32)\\src\\components\\MailjetIntegration.tsx": {"lines":{"total":75,"covered":0,"skipped":0,"pct":0},"functions":{"total":24,"covered":0,"skipped":0,"pct":0},"statements":{"total":76,"covered":0,"skipped":0,"pct":0},"branches":{"total":43,"covered":0,"skipped":0,"pct":0}}
,"C:\\Users\\chase\\Downloads\\crm (32)\\src\\components\\MobileNavigation.tsx": {"lines":{"total":105,"covered":0,"skipped":0,"pct":0},"functions":{"total":32,"covered":0,"skipped":0,"pct":0},"statements":{"total":117,"covered":0,"skipped":0,"pct":0},"branches":{"total":79,"covered":0,"skipped":0,"pct":0}}
,"C:\\Users\\chase\\Downloads\\crm (32)\\src\\components\\Notes.tsx": {"lines":{"total":114,"covered":0,"skipped":0,"pct":0},"functions":{"total":52,"covered":0,"skipped":0,"pct":0},"statements":{"total":121,"covered":0,"skipped":0,"pct":0},"branches":{"total":98,"covered":0,"skipped":0,"pct":0}}
,"C:\\Users\\chase\\Downloads\\crm (32)\\src\\components\\OptimizedImage.tsx": {"lines":{"total":68,"covered":0,"skipped":0,"pct":0},"functions":{"total":19,"covered":0,"skipped":0,"pct":0},"statements":{"total":76,"covered":0,"skipped":0,"pct":0},"branches":{"total":113,"covered":0,"skipped":0,"pct":0}}
,"C:\\Users\\chase\\Downloads\\crm (32)\\src\\components\\PWAInstallPrompt.tsx": {"lines":{"total":41,"covered":0,"skipped":0,"pct":0},"functions":{"total":10,"covered":0,"skipped":0,"pct":0},"statements":{"total":43,"covered":0,"skipped":0,"pct":0},"branches":{"total":42,"covered":0,"skipped":0,"pct":0}}
,"C:\\Users\\chase\\Downloads\\crm (32)\\src\\components\\PerformanceMonitoring.tsx": {"lines":{"total":12,"covered":0,"skipped":0,"pct":0},"functions":{"total":4,"covered":0,"skipped":0,"pct":0},"statements":{"total":12,"covered":0,"skipped":0,"pct":0},"branches":{"total":4,"covered":0,"skipped":0,"pct":0}}
,"C:\\Users\\chase\\Downloads\\crm (32)\\src\\components\\Pipeline.tsx": {"lines":{"total":125,"covered":0,"skipped":0,"pct":0},"functions":{"total":50,"covered":0,"skipped":0,"pct":0},"statements":{"total":143,"covered":0,"skipped":0,"pct":0},"branches":{"total":107,"covered":0,"skipped":0,"pct":0}}
,"C:\\Users\\chase\\Downloads\\crm (32)\\src\\components\\ProductivityAdmin.tsx": {"lines":{"total":86,"covered":0,"skipped":0,"pct":0},"functions":{"total":58,"covered":0,"skipped":0,"pct":0},"statements":{"total":93,"covered":0,"skipped":0,"pct":0},"branches":{"total":39,"covered":0,"skipped":0,"pct":0}}
,"C:\\Users\\chase\\Downloads\\crm (32)\\src\\components\\ProjectTimeline.tsx": {"lines":{"total":97,"covered":0,"skipped":0,"pct":0},"functions":{"total":42,"covered":0,"skipped":0,"pct":0},"statements":{"total":108,"covered":0,"skipped":0,"pct":0},"branches":{"total":140,"covered":0,"skipped":0,"pct":0}}
,"C:\\Users\\chase\\Downloads\\crm (32)\\src\\components\\Projects.tsx": {"lines":{"total":66,"covered":0,"skipped":0,"pct":0},"functions":{"total":26,"covered":0,"skipped":0,"pct":0},"statements":{"total":69,"covered":0,"skipped":0,"pct":0},"branches":{"total":73,"covered":0,"skipped":0,"pct":0}}
,"C:\\Users\\chase\\Downloads\\crm (32)\\src\\components\\ProposalBuilder.tsx": {"lines":{"total":207,"covered":0,"skipped":0,"pct":0},"functions":{"total":41,"covered":0,"skipped":0,"pct":0},"statements":{"total":216,"covered":0,"skipped":0,"pct":0},"branches":{"total":71,"covered":0,"skipped":0,"pct":0}}
,"C:\\Users\\chase\\Downloads\\crm (32)\\src\\components\\QuickNavigation.tsx": {"lines":{"total":23,"covered":0,"skipped":0,"pct":0},"functions":{"total":7,"covered":0,"skipped":0,"pct":0},"statements":{"total":26,"covered":0,"skipped":0,"pct":0},"branches":{"total":15,"covered":0,"skipped":0,"pct":0}}
,"C:\\Users\\chase\\Downloads\\crm (32)\\src\\components\\ROICalculator.tsx": {"lines":{"total":51,"covered":0,"skipped":0,"pct":0},"functions":{"total":11,"covered":0,"skipped":0,"pct":0},"statements":{"total":53,"covered":0,"skipped":0,"pct":0},"branches":{"total":17,"covered":0,"skipped":0,"pct":0}}
,"C:\\Users\\chase\\Downloads\\crm (32)\\src\\components\\Reports.tsx": {"lines":{"total":113,"covered":0,"skipped":0,"pct":0},"functions":{"total":64,"covered":0,"skipped":0,"pct":0},"statements":{"total":146,"covered":0,"skipped":0,"pct":0},"branches":{"total":68,"covered":0,"skipped":0,"pct":0}}
,"C:\\Users\\chase\\Downloads\\crm (32)\\src\\components\\SEORankTracking.tsx": {"lines":{"total":194,"covered":0,"skipped":0,"pct":0},"functions":{"total":108,"covered":0,"skipped":0,"pct":0},"statements":{"total":208,"covered":0,"skipped":0,"pct":0},"branches":{"total":152,"covered":0,"skipped":0,"pct":0}}
,"C:\\Users\\chase\\Downloads\\crm (32)\\src\\components\\SalesPerformance.tsx": {"lines":{"total":36,"covered":0,"skipped":0,"pct":0},"functions":{"total":14,"covered":0,"skipped":0,"pct":0},"statements":{"total":41,"covered":0,"skipped":0,"pct":0},"branches":{"total":33,"covered":0,"skipped":0,"pct":0}}
,"C:\\Users\\chase\\Downloads\\crm (32)\\src\\components\\SalesScripts.tsx": {"lines":{"total":71,"covered":0,"skipped":0,"pct":0},"functions":{"total":26,"covered":0,"skipped":0,"pct":0},"statements":{"total":75,"covered":0,"skipped":0,"pct":0},"branches":{"total":33,"covered":0,"skipped":0,"pct":0}}
,"C:\\Users\\chase\\Downloads\\crm (32)\\src\\components\\SecurityAudit.tsx": {"lines":{"total":95,"covered":0,"skipped":0,"pct":0},"functions":{"total":35,"covered":0,"skipped":0,"pct":0},"statements":{"total":103,"covered":0,"skipped":0,"pct":0},"branches":{"total":50,"covered":0,"skipped":0,"pct":0}}
,"C:\\Users\\chase\\Downloads\\crm (32)\\src\\components\\Settings.tsx": {"lines":{"total":167,"covered":0,"skipped":0,"pct":0},"functions":{"total":88,"covered":0,"skipped":0,"pct":0},"statements":{"total":180,"covered":0,"skipped":0,"pct":0},"branches":{"total":122,"covered":0,"skipped":0,"pct":0}}
,"C:\\Users\\chase\\Downloads\\crm (32)\\src\\components\\Sidebar.tsx": {"lines":{"total":20,"covered":0,"skipped":0,"pct":0},"functions":{"total":9,"covered":0,"skipped":0,"pct":0},"statements":{"total":22,"covered":0,"skipped":0,"pct":0},"branches":{"total":6,"covered":0,"skipped":0,"pct":0}}
,"C:\\Users\\chase\\Downloads\\crm (32)\\src\\components\\StripePayment.tsx": {"lines":{"total":55,"covered":0,"skipped":0,"pct":0},"functions":{"total":10,"covered":0,"skipped":0,"pct":0},"statements":{"total":58,"covered":0,"skipped":0,"pct":0},"branches":{"total":19,"covered":0,"skipped":0,"pct":0}}
,"C:\\Users\\chase\\Downloads\\crm (32)\\src\\components\\SystemStatus.tsx": {"lines":{"total":43,"covered":0,"skipped":0,"pct":0},"functions":{"total":7,"covered":0,"skipped":0,"pct":0},"statements":{"total":46,"covered":0,"skipped":0,"pct":0},"branches":{"total":15,"covered":0,"skipped":0,"pct":0}}
,"C:\\Users\\chase\\Downloads\\crm (32)\\src\\components\\Tasks.backup.tsx": {"lines":{"total":414,"covered":0,"skipped":0,"pct":0},"functions":{"total":161,"covered":0,"skipped":0,"pct":0},"statements":{"total":459,"covered":0,"skipped":0,"pct":0},"branches":{"total":373,"covered":0,"skipped":0,"pct":0}}
,"C:\\Users\\chase\\Downloads\\crm (32)\\src\\components\\Tasks.tsx": {"lines":{"total":4,"covered":0,"skipped":0,"pct":0},"functions":{"total":1,"covered":0,"skipped":0,"pct":0},"statements":{"total":5,"covered":0,"skipped":0,"pct":0},"branches":{"total":0,"covered":0,"skipped":0,"pct":100}}
,"C:\\Users\\chase\\Downloads\\crm (32)\\src\\components\\TrainingDashboard.tsx": {"lines":{"total":243,"covered":0,"skipped":0,"pct":0},"functions":{"total":98,"covered":0,"skipped":0,"pct":0},"statements":{"total":273,"covered":0,"skipped":0,"pct":0},"branches":{"total":253,"covered":0,"skipped":0,"pct":0}}
,"C:\\Users\\chase\\Downloads\\crm (32)\\src\\components\\WebDesignQuote.tsx": {"lines":{"total":97,"covered":0,"skipped":0,"pct":0},"functions":{"total":20,"covered":0,"skipped":0,"pct":0},"statements":{"total":102,"covered":0,"skipped":0,"pct":0},"branches":{"total":39,"covered":0,"skipped":0,"pct":0}}
,"C:\\Users\\chase\\Downloads\\crm (32)\\src\\components\\WebsiteAudit.tsx": {"lines":{"total":84,"covered":0,"skipped":0,"pct":0},"functions":{"total":27,"covered":0,"skipped":0,"pct":0},"statements":{"total":90,"covered":0,"skipped":0,"pct":0},"branches":{"total":58,"covered":0,"skipped":0,"pct":0}}
,"C:\\Users\\chase\\Downloads\\crm (32)\\src\\components\\WorkflowEditor.tsx": {"lines":{"total":43,"covered":0,"skipped":0,"pct":0},"functions":{"total":18,"covered":0,"skipped":0,"pct":0},"statements":{"total":50,"covered":0,"skipped":0,"pct":0},"branches":{"total":14,"covered":0,"skipped":0,"pct":0}}
,"C:\\Users\\chase\\Downloads\\crm (32)\\src\\components\\Dashboard\\GridLayout.tsx": {"lines":{"total":5,"covered":0,"skipped":0,"pct":0},"functions":{"total":3,"covered":0,"skipped":0,"pct":0},"statements":{"total":6,"covered":0,"skipped":0,"pct":0},"branches":{"total":2,"covered":0,"skipped":0,"pct":0}}
,"C:\\Users\\chase\\Downloads\\crm (32)\\src\\components\\Dashboard\\Widget.tsx": {"lines":{"total":13,"covered":0,"skipped":0,"pct":0},"functions":{"total":6,"covered":0,"skipped":0,"pct":0},"statements":{"total":15,"covered":0,"skipped":0,"pct":0},"branches":{"total":2,"covered":0,"skipped":0,"pct":0}}
,"C:\\Users\\chase\\Downloads\\crm (32)\\src\\components\\Pipeline\\PipelineCardsView.tsx": {"lines":{"total":34,"covered":0,"skipped":0,"pct":0},"functions":{"total":18,"covered":0,"skipped":0,"pct":0},"statements":{"total":37,"covered":0,"skipped":0,"pct":0},"branches":{"total":45,"covered":0,"skipped":0,"pct":0}}
,"C:\\Users\\chase\\Downloads\\crm (32)\\src\\components\\Pipeline\\PipelineMetricsView.tsx": {"lines":{"total":10,"covered":0,"skipped":0,"pct":0},"functions":{"total":3,"covered":0,"skipped":0,"pct":0},"statements":{"total":11,"covered":0,"skipped":0,"pct":0},"branches":{"total":10,"covered":0,"skipped":0,"pct":0}}
,"C:\\Users\\chase\\Downloads\\crm (32)\\src\\components\\Projects\\ProjectGanttView.tsx": {"lines":{"total":6,"covered":0,"skipped":0,"pct":0},"functions":{"total":4,"covered":0,"skipped":0,"pct":0},"statements":{"total":7,"covered":0,"skipped":0,"pct":0},"branches":{"total":9,"covered":0,"skipped":0,"pct":0}}
,"C:\\Users\\chase\\Downloads\\crm (32)\\src\\components\\Projects\\ProjectListView.tsx": {"lines":{"total":12,"covered":0,"skipped":0,"pct":0},"functions":{"total":7,"covered":0,"skipped":0,"pct":0},"statements":{"total":13,"covered":0,"skipped":0,"pct":0},"branches":{"total":19,"covered":0,"skipped":0,"pct":0}}
,"C:\\Users\\chase\\Downloads\\crm (32)\\src\\components\\Tasks\\TaskCalendarView.tsx": {"lines":{"total":20,"covered":0,"skipped":0,"pct":0},"functions":{"total":8,"covered":0,"skipped":0,"pct":0},"statements":{"total":23,"covered":0,"skipped":0,"pct":0},"branches":{"total":20,"covered":0,"skipped":0,"pct":0}}
,"C:\\Users\\chase\\Downloads\\crm (32)\\src\\components\\Tasks\\TaskCard.tsx": {"lines":{"total":14,"covered":0,"skipped":0,"pct":0},"functions":{"total":5,"covered":0,"skipped":0,"pct":0},"statements":{"total":15,"covered":0,"skipped":0,"pct":0},"branches":{"total":9,"covered":0,"skipped":0,"pct":0}}
,"C:\\Users\\chase\\Downloads\\crm (32)\\src\\components\\Tasks\\TaskKanbanView.tsx": {"lines":{"total":24,"covered":0,"skipped":0,"pct":0},"functions":{"total":11,"covered":0,"skipped":0,"pct":0},"statements":{"total":26,"covered":0,"skipped":0,"pct":0},"branches":{"total":37,"covered":0,"skipped":0,"pct":0}}
,"C:\\Users\\chase\\Downloads\\crm (32)\\src\\components\\Tasks\\TaskListView.tsx": {"lines":{"total":19,"covered":0,"skipped":0,"pct":0},"functions":{"total":11,"covered":0,"skipped":0,"pct":0},"statements":{"total":25,"covered":0,"skipped":0,"pct":0},"branches":{"total":32,"covered":0,"skipped":0,"pct":0}}
,"C:\\Users\\chase\\Downloads\\crm (32)\\src\\components\\Tasks\\TaskRecentView.tsx": {"lines":{"total":10,"covered":0,"skipped":0,"pct":0},"functions":{"total":4,"covered":0,"skipped":0,"pct":0},"statements":{"total":12,"covered":0,"skipped":0,"pct":0},"branches":{"total":31,"covered":0,"skipped":0,"pct":0}}
,"C:\\Users\\chase\\Downloads\\crm (32)\\src\\components\\WebDesignQuote\\NavigationControls.tsx": {"lines":{"total":14,"covered":0,"skipped":0,"pct":0},"functions":{"total":2,"covered":0,"skipped":0,"pct":0},"statements":{"total":15,"covered":0,"skipped":0,"pct":0},"branches":{"total":20,"covered":0,"skipped":0,"pct":0}}
,"C:\\Users\\chase\\Downloads\\crm (32)\\src\\components\\WebDesignQuote\\QuestionRenderer.tsx": {"lines":{"total":28,"covered":0,"skipped":0,"pct":0},"functions":{"total":11,"covered":0,"skipped":0,"pct":0},"statements":{"total":31,"covered":0,"skipped":0,"pct":0},"branches":{"total":25,"covered":0,"skipped":0,"pct":0}}
,"C:\\Users\\chase\\Downloads\\crm (32)\\src\\components\\WebDesignQuote\\data.ts": {"lines":{"total":9,"covered":0,"skipped":0,"pct":0},"functions":{"total":1,"covered":0,"skipped":0,"pct":0},"statements":{"total":17,"covered":0,"skipped":0,"pct":0},"branches":{"total":2,"covered":0,"skipped":0,"pct":0}}
,"C:\\Users\\chase\\Downloads\\crm (32)\\src\\components\\WebDesignQuote\\reducer.ts": {"lines":{"total":25,"covered":0,"skipped":0,"pct":0},"functions":{"total":1,"covered":0,"skipped":0,"pct":0},"statements":{"total":28,"covered":0,"skipped":0,"pct":0},"branches":{"total":21,"covered":0,"skipped":0,"pct":0}}
,"C:\\Users\\chase\\Downloads\\crm (32)\\src\\components\\WebDesignQuote\\schema.ts": {"lines":{"total":4,"covered":0,"skipped":0,"pct":0},"functions":{"total":0,"covered":0,"skipped":0,"pct":100},"statements":{"total":7,"covered":0,"skipped":0,"pct":0},"branches":{"total":0,"covered":0,"skipped":0,"pct":100}}
,"C:\\Users\\chase\\Downloads\\crm (32)\\src\\components\\WebDesignQuote\\utils.ts": {"lines":{"total":73,"covered":0,"skipped":0,"pct":0},"functions":{"total":10,"covered":0,"skipped":0,"pct":0},"statements":{"total":83,"covered":0,"skipped":0,"pct":0},"branches":{"total":75,"covered":0,"skipped":0,"pct":0}}
,"C:\\Users\\chase\\Downloads\\crm (32)\\src\\components\\clients\\ClientEmailActions.tsx": {"lines":{"total":9,"covered":0,"skipped":0,"pct":0},"functions":{"total":1,"covered":0,"skipped":0,"pct":0},"statements":{"total":10,"covered":0,"skipped":0,"pct":0},"branches":{"total":0,"covered":0,"skipped":0,"pct":100}}
,"C:\\Users\\chase\\Downloads\\crm (32)\\src\\components\\email\\ComposeModal.tsx": {"lines":{"total":16,"covered":0,"skipped":0,"pct":0},"functions":{"total":7,"covered":0,"skipped":0,"pct":0},"statements":{"total":18,"covered":0,"skipped":0,"pct":0},"branches":{"total":7,"covered":0,"skipped":0,"pct":0}}
,"C:\\Users\\chase\\Downloads\\crm (32)\\src\\components\\email\\EmailDetailModal.tsx": {"lines":{"total":13,"covered":0,"skipped":0,"pct":0},"functions":{"total":8,"covered":0,"skipped":0,"pct":0},"statements":{"total":15,"covered":0,"skipped":0,"pct":0},"branches":{"total":12,"covered":0,"skipped":0,"pct":0}}
,"C:\\Users\\chase\\Downloads\\crm (32)\\src\\components\\email\\EmailIntegration.tsx": {"lines":{"total":103,"covered":0,"skipped":0,"pct":0},"functions":{"total":29,"covered":0,"skipped":0,"pct":0},"statements":{"total":109,"covered":0,"skipped":0,"pct":0},"branches":{"total":34,"covered":0,"skipped":0,"pct":0}}
,"C:\\Users\\chase\\Downloads\\crm (32)\\src\\components\\email\\EmailList.tsx": {"lines":{"total":12,"covered":0,"skipped":0,"pct":0},"functions":{"total":9,"covered":0,"skipped":0,"pct":0},"statements":{"total":13,"covered":0,"skipped":0,"pct":0},"branches":{"total":14,"covered":0,"skipped":0,"pct":0}}
,"C:\\Users\\chase\\Downloads\\crm (32)\\src\\components\\email\\EmailQuotaDisplay.tsx": {"lines":{"total":29,"covered":0,"skipped":0,"pct":0},"functions":{"total":8,"covered":0,"skipped":0,"pct":0},"statements":{"total":35,"covered":0,"skipped":0,"pct":0},"branches":{"total":17,"covered":0,"skipped":0,"pct":0}}
,"C:\\Users\\chase\\Downloads\\crm (32)\\src\\components\\email\\EmailSidebar.tsx": {"lines":{"total":10,"covered":0,"skipped":0,"pct":0},"functions":{"total":5,"covered":0,"skipped":0,"pct":0},"statements":{"total":11,"covered":0,"skipped":0,"pct":0},"branches":{"total":11,"covered":0,"skipped":0,"pct":0}}
,"C:\\Users\\chase\\Downloads\\crm (32)\\src\\components\\email\\ErrorToast.tsx": {"lines":{"total":11,"covered":0,"skipped":0,"pct":0},"functions":{"total":2,"covered":0,"skipped":0,"pct":0},"statements":{"total":13,"covered":0,"skipped":0,"pct":0},"branches":{"total":8,"covered":0,"skipped":0,"pct":0}}
,"C:\\Users\\chase\\Downloads\\crm (32)\\src\\components\\forms\\ClientInfoTab.tsx": {"lines":{"total":59,"covered":0,"skipped":0,"pct":0},"functions":{"total":25,"covered":0,"skipped":0,"pct":0},"statements":{"total":63,"covered":0,"skipped":0,"pct":0},"branches":{"total":16,"covered":0,"skipped":0,"pct":0}}
,"C:\\Users\\chase\\Downloads\\crm (32)\\src\\components\\forms\\ContractFieldInput.tsx": {"lines":{"total":8,"covered":8,"skipped":0,"pct":100},"functions":{"total":3,"covered":3,"skipped":0,"pct":100},"statements":{"total":9,"covered":9,"skipped":0,"pct":100},"branches":{"total":6,"covered":6,"skipped":0,"pct":100}}
,"C:\\Users\\chase\\Downloads\\crm (32)\\src\\components\\forms\\ContractTermsTab.tsx": {"lines":{"total":35,"covered":0,"skipped":0,"pct":0},"functions":{"total":17,"covered":0,"skipped":0,"pct":0},"statements":{"total":37,"covered":0,"skipped":0,"pct":0},"branches":{"total":12,"covered":0,"skipped":0,"pct":0}}
,"C:\\Users\\chase\\Downloads\\crm (32)\\src\\components\\forms\\EnhancedDynamicContractForm.tsx": {"lines":{"total":55,"covered":0,"skipped":0,"pct":0},"functions":{"total":12,"covered":0,"skipped":0,"pct":0},"statements":{"total":61,"covered":0,"skipped":0,"pct":0},"branches":{"total":59,"covered":0,"skipped":0,"pct":0}}
,"C:\\Users\\chase\\Downloads\\crm (32)\\src\\components\\forms\\FieldGroup.tsx": {"lines":{"total":5,"covered":0,"skipped":0,"pct":0},"functions":{"total":0,"covered":0,"skipped":0,"pct":100},"statements":{"total":6,"covered":0,"skipped":0,"pct":0},"branches":{"total":8,"covered":0,"skipped":0,"pct":0}}
,"C:\\Users\\chase\\Downloads\\crm (32)\\src\\components\\forms\\FormHeader.tsx": {"lines":{"total":25,"covered":0,"skipped":0,"pct":0},"functions":{"total":4,"covered":0,"skipped":0,"pct":0},"statements":{"total":31,"covered":0,"skipped":0,"pct":0},"branches":{"total":41,"covered":0,"skipped":0,"pct":0}}
,"C:\\Users\\chase\\Downloads\\crm (32)\\src\\components\\forms\\FormSection.tsx": {"lines":{"total":11,"covered":0,"skipped":0,"pct":0},"functions":{"total":3,"covered":0,"skipped":0,"pct":0},"statements":{"total":13,"covered":0,"skipped":0,"pct":0},"branches":{"total":9,"covered":0,"skipped":0,"pct":0}}
,"C:\\Users\\chase\\Downloads\\crm (32)\\src\\components\\forms\\InvoiceForm.tsx": {"lines":{"total":63,"covered":0,"skipped":0,"pct":0},"functions":{"total":26,"covered":0,"skipped":0,"pct":0},"statements":{"total":67,"covered":0,"skipped":0,"pct":0},"branches":{"total":43,"covered":0,"skipped":0,"pct":0}}
,"C:\\Users\\chase\\Downloads\\crm (32)\\src\\components\\forms\\InvoiceItemInput.tsx": {"lines":{"total":8,"covered":0,"skipped":0,"pct":0},"functions":{"total":3,"covered":0,"skipped":0,"pct":0},"statements":{"total":9,"covered":0,"skipped":0,"pct":0},"branches":{"total":2,"covered":0,"skipped":0,"pct":0}}
,"C:\\Users\\chase\\Downloads\\crm (32)\\src\\components\\forms\\LegalTermsTab.tsx": {"lines":{"total":61,"covered":0,"skipped":0,"pct":0},"functions":{"total":34,"covered":0,"skipped":0,"pct":0},"statements":{"total":67,"covered":0,"skipped":0,"pct":0},"branches":{"total":22,"covered":0,"skipped":0,"pct":0}}
,"C:\\Users\\chase\\Downloads\\crm (32)\\src\\components\\forms\\ProjectDetailsTab.tsx": {"lines":{"total":31,"covered":0,"skipped":0,"pct":0},"functions":{"total":16,"covered":0,"skipped":0,"pct":0},"statements":{"total":33,"covered":0,"skipped":0,"pct":0},"branches":{"total":10,"covered":0,"skipped":0,"pct":0}}
,"C:\\Users\\chase\\Downloads\\crm (32)\\src\\components\\layout\\Footer.tsx": {"lines":{"total":3,"covered":0,"skipped":0,"pct":0},"functions":{"total":1,"covered":0,"skipped":0,"pct":0},"statements":{"total":4,"covered":0,"skipped":0,"pct":0},"branches":{"total":1,"covered":0,"skipped":0,"pct":0}}
,"C:\\Users\\chase\\Downloads\\crm (32)\\src\\components\\layout\\Header.tsx": {"lines":{"total":3,"covered":0,"skipped":0,"pct":0},"functions":{"total":1,"covered":0,"skipped":0,"pct":0},"statements":{"total":4,"covered":0,"skipped":0,"pct":0},"branches":{"total":1,"covered":0,"skipped":0,"pct":0}}
,"C:\\Users\\chase\\Downloads\\crm (32)\\src\\components\\layout\\OptimizedLayout.tsx": {"lines":{"total":111,"covered":0,"skipped":0,"pct":0},"functions":{"total":53,"covered":0,"skipped":0,"pct":0},"statements":{"total":116,"covered":0,"skipped":0,"pct":0},"branches":{"total":34,"covered":0,"skipped":0,"pct":0}}
,"C:\\Users\\chase\\Downloads\\crm (32)\\src\\components\\performance\\PerformanceDashboard.tsx": {"lines":{"total":82,"covered":0,"skipped":0,"pct":0},"functions":{"total":17,"covered":0,"skipped":0,"pct":0},"statements":{"total":97,"covered":0,"skipped":0,"pct":0},"branches":{"total":40,"covered":0,"skipped":0,"pct":0}}
,"C:\\Users\\chase\\Downloads\\crm (32)\\src\\components\\performance\\PerformanceMonitor.tsx": {"lines":{"total":121,"covered":0,"skipped":0,"pct":0},"functions":{"total":28,"covered":0,"skipped":0,"pct":0},"statements":{"total":133,"covered":0,"skipped":0,"pct":0},"branches":{"total":73,"covered":0,"skipped":0,"pct":0}}
,"C:\\Users\\chase\\Downloads\\crm (32)\\src\\components\\security\\SecurityDashboard.tsx": {"lines":{"total":83,"covered":0,"skipped":0,"pct":0},"functions":{"total":19,"covered":0,"skipped":0,"pct":0},"statements":{"total":87,"covered":0,"skipped":0,"pct":0},"branches":{"total":79,"covered":0,"skipped":0,"pct":0}}
,"C:\\Users\\chase\\Downloads\\crm (32)\\src\\components\\ui\\ErrorMessage.tsx": {"lines":{"total":4,"covered":0,"skipped":0,"pct":0},"functions":{"total":2,"covered":0,"skipped":0,"pct":0},"statements":{"total":5,"covered":0,"skipped":0,"pct":0},"branches":{"total":0,"covered":0,"skipped":0,"pct":100}}
,"C:\\Users\\chase\\Downloads\\crm (32)\\src\\components\\ui\\LazyWrapper.tsx": {"lines":{"total":74,"covered":0,"skipped":0,"pct":0},"functions":{"total":32,"covered":0,"skipped":0,"pct":0},"statements":{"total":80,"covered":0,"skipped":0,"pct":0},"branches":{"total":41,"covered":0,"skipped":0,"pct":0}}
,"C:\\Users\\chase\\Downloads\\crm (32)\\src\\components\\ui\\LoadingSpinner.tsx": {"lines":{"total":5,"covered":0,"skipped":0,"pct":0},"functions":{"total":2,"covered":0,"skipped":0,"pct":0},"statements":{"total":6,"covered":0,"skipped":0,"pct":0},"branches":{"total":1,"covered":0,"skipped":0,"pct":0}}
,"C:\\Users\\chase\\Downloads\\crm (32)\\src\\components\\ui\\OptimizedImage.tsx": {"lines":{"total":69,"covered":0,"skipped":0,"pct":0},"functions":{"total":20,"covered":0,"skipped":0,"pct":0},"statements":{"total":78,"covered":0,"skipped":0,"pct":0},"branches":{"total":46,"covered":0,"skipped":0,"pct":0}}
,"C:\\Users\\chase\\Downloads\\crm (32)\\src\\components\\ui\\ReusableModal.tsx": {"lines":{"total":52,"covered":0,"skipped":0,"pct":0},"functions":{"total":15,"covered":0,"skipped":0,"pct":0},"statements":{"total":61,"covered":0,"skipped":0,"pct":0},"branches":{"total":66,"covered":0,"skipped":0,"pct":0}}
,"C:\\Users\\chase\\Downloads\\crm (32)\\src\\components\\ui\\alert.tsx": {"lines":{"total":10,"covered":0,"skipped":0,"pct":0},"functions":{"total":2,"covered":0,"skipped":0,"pct":0},"statements":{"total":12,"covered":0,"skipped":0,"pct":0},"branches":{"total":4,"covered":0,"skipped":0,"pct":0}}
,"C:\\Users\\chase\\Downloads\\crm (32)\\src\\components\\ui\\badge.tsx": {"lines":{"total":6,"covered":0,"skipped":0,"pct":0},"functions":{"total":2,"covered":0,"skipped":0,"pct":0},"statements":{"total":7,"covered":0,"skipped":0,"pct":0},"branches":{"total":4,"covered":0,"skipped":0,"pct":0}}
,"C:\\Users\\chase\\Downloads\\crm (32)\\src\\components\\ui\\button.tsx": {"lines":{"total":10,"covered":0,"skipped":0,"pct":0},"functions":{"total":2,"covered":0,"skipped":0,"pct":0},"statements":{"total":11,"covered":0,"skipped":0,"pct":0},"branches":{"total":6,"covered":0,"skipped":0,"pct":0}}
,"C:\\Users\\chase\\Downloads\\crm (32)\\src\\components\\ui\\calendar-component.tsx": {"lines":{"total":141,"covered":0,"skipped":0,"pct":0},"functions":{"total":47,"covered":0,"skipped":0,"pct":0},"statements":{"total":149,"covered":0,"skipped":0,"pct":0},"branches":{"total":83,"covered":0,"skipped":0,"pct":0}}
,"C:\\Users\\chase\\Downloads\\crm (32)\\src\\components\\ui\\calendar.tsx": {"lines":{"total":14,"covered":0,"skipped":0,"pct":0},"functions":{"total":7,"covered":0,"skipped":0,"pct":0},"statements":{"total":16,"covered":0,"skipped":0,"pct":0},"branches":{"total":15,"covered":0,"skipped":0,"pct":0}}
,"C:\\Users\\chase\\Downloads\\crm (32)\\src\\components\\ui\\card.tsx": {"lines":{"total":9,"covered":0,"skipped":0,"pct":0},"functions":{"total":0,"covered":0,"skipped":0,"pct":100},"statements":{"total":14,"covered":0,"skipped":0,"pct":0},"branches":{"total":0,"covered":0,"skipped":0,"pct":100}}
,"C:\\Users\\chase\\Downloads\\crm (32)\\src\\components\\ui\\checkbox.tsx": {"lines":{"total":6,"covered":0,"skipped":0,"pct":0},"functions":{"total":0,"covered":0,"skipped":0,"pct":100},"statements":{"total":6,"covered":0,"skipped":0,"pct":0},"branches":{"total":0,"covered":0,"skipped":0,"pct":100}}
,"C:\\Users\\chase\\Downloads\\crm (32)\\src\\components\\ui\\collapsible.tsx": {"lines":{"total":7,"covered":0,"skipped":0,"pct":0},"functions":{"total":0,"covered":0,"skipped":0,"pct":100},"statements":{"total":9,"covered":0,"skipped":0,"pct":0},"branches":{"total":0,"covered":0,"skipped":0,"pct":100}}
,"C:\\Users\\chase\\Downloads\\crm (32)\\src\\components\\ui\\date-picker.tsx": {"lines":{"total":7,"covered":0,"skipped":0,"pct":0},"functions":{"total":2,"covered":0,"skipped":0,"pct":0},"statements":{"total":8,"covered":0,"skipped":0,"pct":0},"branches":{"total":6,"covered":0,"skipped":0,"pct":0}}
,"C:\\Users\\chase\\Downloads\\crm (32)\\src\\components\\ui\\dialog.tsx": {"lines":{"total":24,"covered":0,"skipped":0,"pct":0},"functions":{"total":0,"covered":0,"skipped":0,"pct":100},"statements":{"total":24,"covered":0,"skipped":0,"pct":0},"branches":{"total":0,"covered":0,"skipped":0,"pct":100}}
,"C:\\Users\\chase\\Downloads\\crm (32)\\src\\components\\ui\\dropdown-menu.tsx": {"lines":{"total":35,"covered":0,"skipped":0,"pct":0},"functions":{"total":1,"covered":0,"skipped":0,"pct":0},"statements":{"total":35,"covered":0,"skipped":0,"pct":0},"branches":{"total":7,"covered":0,"skipped":0,"pct":0}}
,"C:\\Users\\chase\\Downloads\\crm (32)\\src\\components\\ui\\form.tsx": {"lines":{"total":44,"covered":0,"skipped":0,"pct":0},"functions":{"total":7,"covered":0,"skipped":0,"pct":0},"statements":{"total":44,"covered":0,"skipped":0,"pct":0},"branches":{"total":10,"covered":0,"skipped":0,"pct":0}}
,"C:\\Users\\chase\\Downloads\\crm (32)\\src\\components\\ui\\input.tsx": {"lines":{"total":5,"covered":0,"skipped":0,"pct":0},"functions":{"total":1,"covered":0,"skipped":0,"pct":0},"statements":{"total":5,"covered":0,"skipped":0,"pct":0},"branches":{"total":0,"covered":0,"skipped":0,"pct":100}}
,"C:\\Users\\chase\\Downloads\\crm (32)\\src\\components\\ui\\label.tsx": {"lines":{"total":4,"covered":0,"skipped":0,"pct":0},"functions":{"total":0,"covered":0,"skipped":0,"pct":100},"statements":{"total":4,"covered":0,"skipped":0,"pct":0},"branches":{"total":0,"covered":0,"skipped":0,"pct":100}}
,"C:\\Users\\chase\\Downloads\\crm (32)\\src\\components\\ui\\popover.tsx": {"lines":{"total":7,"covered":0,"skipped":0,"pct":0},"functions":{"total":0,"covered":0,"skipped":0,"pct":100},"statements":{"total":9,"covered":0,"skipped":0,"pct":0},"branches":{"total":2,"covered":0,"skipped":0,"pct":0}}
,"C:\\Users\\chase\\Downloads\\crm (32)\\src\\components\\ui\\progress.tsx": {"lines":{"total":5,"covered":0,"skipped":0,"pct":0},"functions":{"total":0,"covered":0,"skipped":0,"pct":100},"statements":{"total":5,"covered":0,"skipped":0,"pct":0},"branches":{"total":2,"covered":0,"skipped":0,"pct":0}}
,"C:\\Users\\chase\\Downloads\\crm (32)\\src\\components\\ui\\radio-group.tsx": {"lines":{"total":9,"covered":0,"skipped":0,"pct":0},"functions":{"total":2,"covered":0,"skipped":0,"pct":0},"statements":{"total":10,"covered":0,"skipped":0,"pct":0},"branches":{"total":0,"covered":0,"skipped":0,"pct":100}}
,"C:\\Users\\chase\\Downloads\\crm (32)\\src\\components\\ui\\select.tsx": {"lines":{"total":13,"covered":0,"skipped":0,"pct":0},"functions":{"total":0,"covered":0,"skipped":0,"pct":100},"statements":{"total":20,"covered":0,"skipped":0,"pct":0},"branches":{"total":5,"covered":0,"skipped":0,"pct":0}}
,"C:\\Users\\chase\\Downloads\\crm (32)\\src\\components\\ui\\separator.tsx": {"lines":{"total":5,"covered":0,"skipped":0,"pct":0},"functions":{"total":0,"covered":0,"skipped":0,"pct":100},"statements":{"total":5,"covered":0,"skipped":0,"pct":0},"branches":{"total":4,"covered":0,"skipped":0,"pct":0}}
,"C:\\Users\\chase\\Downloads\\crm (32)\\src\\components\\ui\\switch.tsx": {"lines":{"total":5,"covered":0,"skipped":0,"pct":0},"functions":{"total":0,"covered":0,"skipped":0,"pct":100},"statements":{"total":5,"covered":0,"skipped":0,"pct":0},"branches":{"total":0,"covered":0,"skipped":0,"pct":100}}
,"C:\\Users\\chase\\Downloads\\crm (32)\\src\\components\\ui\\table.tsx": {"lines":{"total":18,"covered":0,"skipped":0,"pct":0},"functions":{"total":0,"covered":0,"skipped":0,"pct":100},"statements":{"total":18,"covered":0,"skipped":0,"pct":0},"branches":{"total":0,"covered":0,"skipped":0,"pct":100}}
,"C:\\Users\\chase\\Downloads\\crm (32)\\src\\components\\ui\\tabs.tsx": {"lines":{"total":8,"covered":0,"skipped":0,"pct":0},"functions":{"total":0,"covered":0,"skipped":0,"pct":100},"statements":{"total":11,"covered":0,"skipped":0,"pct":0},"branches":{"total":0,"covered":0,"skipped":0,"pct":100}}
,"C:\\Users\\chase\\Downloads\\crm (32)\\src\\components\\ui\\textarea.tsx": {"lines":{"total":5,"covered":0,"skipped":0,"pct":0},"functions":{"total":1,"covered":0,"skipped":0,"pct":0},"statements":{"total":5,"covered":0,"skipped":0,"pct":0},"branches":{"total":0,"covered":0,"skipped":0,"pct":100}}
,"C:\\Users\\chase\\Downloads\\crm (32)\\src\\components\\ui\\toast.tsx": {"lines":{"total":17,"covered":0,"skipped":0,"pct":0},"functions":{"total":0,"covered":0,"skipped":0,"pct":100},"statements":{"total":17,"covered":0,"skipped":0,"pct":0},"branches":{"total":0,"covered":0,"skipped":0,"pct":100}}
,"C:\\Users\\chase\\Downloads\\crm (32)\\src\\components\\ui\\toaster.tsx": {"lines":{"total":5,"covered":0,"skipped":0,"pct":0},"functions":{"total":2,"covered":0,"skipped":0,"pct":0},"statements":{"total":5,"covered":0,"skipped":0,"pct":0},"branches":{"total":2,"covered":0,"skipped":0,"pct":0}}
,"C:\\Users\\chase\\Downloads\\crm (32)\\src\\components\\ui\\use-toast.ts": {"lines":{"total":29,"covered":13,"skipped":0,"pct":44.82},"functions":{"total":15,"covered":1,"skipped":0,"pct":6.66},"statements":{"total":36,"covered":13,"skipped":0,"pct":36.11},"branches":{"total":4,"covered":0,"skipped":0,"pct":0}}
,"C:\\Users\\chase\\Downloads\\crm (32)\\src\\context\\AppContext.tsx": {"lines":{"total":174,"covered":0,"skipped":0,"pct":0},"functions":{"total":39,"covered":0,"skipped":0,"pct":0},"statements":{"total":180,"covered":0,"skipped":0,"pct":0},"branches":{"total":136,"covered":0,"skipped":0,"pct":0}}
,"C:\\Users\\chase\\Downloads\\crm (32)\\src\\context\\AuthContext.tsx": {"lines":{"total":19,"covered":0,"skipped":0,"pct":0},"functions":{"total":5,"covered":0,"skipped":0,"pct":0},"statements":{"total":22,"covered":0,"skipped":0,"pct":0},"branches":{"total":6,"covered":0,"skipped":0,"pct":0}}
,"C:\\Users\\chase\\Downloads\\crm (32)\\src\\data\\mockData.ts": {"lines":{"total":6,"covered":0,"skipped":0,"pct":0},"functions":{"total":0,"covered":0,"skipped":0,"pct":100},"statements":{"total":12,"covered":0,"skipped":0,"pct":0},"branches":{"total":0,"covered":0,"skipped":0,"pct":100}}
,"C:\\Users\\chase\\Downloads\\crm (32)\\src\\hooks\\useAppState.ts": {"lines":{"total":160,"covered":0,"skipped":0,"pct":0},"functions":{"total":55,"covered":0,"skipped":0,"pct":0},"statements":{"total":165,"covered":0,"skipped":0,"pct":0},"branches":{"total":32,"covered":0,"skipped":0,"pct":0}}
,"C:\\Users\\chase\\Downloads\\crm (32)\\src\\hooks\\useCache.ts": {"lines":{"total":110,"covered":0,"skipped":0,"pct":0},"functions":{"total":36,"covered":0,"skipped":0,"pct":0},"statements":{"total":123,"covered":0,"skipped":0,"pct":0},"branches":{"total":36,"covered":0,"skipped":0,"pct":0}}
,"C:\\Users\\chase\\Downloads\\crm (32)\\src\\hooks\\useClientActions.ts": {"lines":{"total":26,"covered":0,"skipped":0,"pct":0},"functions":{"total":6,"covered":0,"skipped":0,"pct":0},"statements":{"total":26,"covered":0,"skipped":0,"pct":0},"branches":{"total":2,"covered":0,"skipped":0,"pct":0}}
,"C:\\Users\\chase\\Downloads\\crm (32)\\src\\hooks\\useContactForm.ts": {"lines":{"total":40,"covered":0,"skipped":0,"pct":0},"functions":{"total":10,"covered":0,"skipped":0,"pct":0},"statements":{"total":44,"covered":0,"skipped":0,"pct":0},"branches":{"total":26,"covered":0,"skipped":0,"pct":0}}
,"C:\\Users\\chase\\Downloads\\crm (32)\\src\\hooks\\useDataFetching.ts": {"lines":{"total":138,"covered":0,"skipped":0,"pct":0},"functions":{"total":28,"covered":0,"skipped":0,"pct":0},"statements":{"total":148,"covered":0,"skipped":0,"pct":0},"branches":{"total":74,"covered":0,"skipped":0,"pct":0}}
,"C:\\Users\\chase\\Downloads\\crm (32)\\src\\hooks\\useDraggable.ts": {"lines":{"total":23,"covered":0,"skipped":0,"pct":0},"functions":{"total":6,"covered":0,"skipped":0,"pct":0},"statements":{"total":24,"covered":0,"skipped":0,"pct":0},"branches":{"total":8,"covered":0,"skipped":0,"pct":0}}
,"C:\\Users\\chase\\Downloads\\crm (32)\\src\\hooks\\useEnhancedContractForm.ts": {"lines":{"total":133,"covered":0,"skipped":0,"pct":0},"functions":{"total":40,"covered":0,"skipped":0,"pct":0},"statements":{"total":147,"covered":0,"skipped":0,"pct":0},"branches":{"total":52,"covered":0,"skipped":0,"pct":0}}
,"C:\\Users\\chase\\Downloads\\crm (32)\\src\\hooks\\useErrorTracking.ts": {"lines":{"total":148,"covered":0,"skipped":0,"pct":0},"functions":{"total":47,"covered":0,"skipped":0,"pct":0},"statements":{"total":156,"covered":0,"skipped":0,"pct":0},"branches":{"total":49,"covered":0,"skipped":0,"pct":0}}
,"C:\\Users\\chase\\Downloads\\crm (32)\\src\\hooks\\useEventActions.ts": {"lines":{"total":39,"covered":0,"skipped":0,"pct":0},"functions":{"total":19,"covered":0,"skipped":0,"pct":0},"statements":{"total":48,"covered":0,"skipped":0,"pct":0},"branches":{"total":14,"covered":0,"skipped":0,"pct":0}}
,"C:\\Users\\chase\\Downloads\\crm (32)\\src\\hooks\\useImageOptimization.ts": {"lines":{"total":134,"covered":0,"skipped":0,"pct":0},"functions":{"total":35,"covered":0,"skipped":0,"pct":0},"statements":{"total":147,"covered":0,"skipped":0,"pct":0},"branches":{"total":44,"covered":0,"skipped":0,"pct":0}}
,"C:\\Users\\chase\\Downloads\\crm (32)\\src\\hooks\\useInvoiceForm.ts": {"lines":{"total":40,"covered":28,"skipped":0,"pct":70},"functions":{"total":7,"covered":6,"skipped":0,"pct":85.71},"statements":{"total":42,"covered":30,"skipped":0,"pct":71.42},"branches":{"total":16,"covered":7,"skipped":0,"pct":43.75}}
,"C:\\Users\\chase\\Downloads\\crm (32)\\src\\hooks\\useLeadManagement.ts": {"lines":{"total":115,"covered":0,"skipped":0,"pct":0},"functions":{"total":43,"covered":0,"skipped":0,"pct":0},"statements":{"total":127,"covered":0,"skipped":0,"pct":0},"branches":{"total":50,"covered":0,"skipped":0,"pct":0}}
,"C:\\Users\\chase\\Downloads\\crm (32)\\src\\hooks\\useLocalStorage.ts": {"lines":{"total":21,"covered":0,"skipped":0,"pct":0},"functions":{"total":6,"covered":0,"skipped":0,"pct":0},"statements":{"total":21,"covered":0,"skipped":0,"pct":0},"branches":{"total":8,"covered":0,"skipped":0,"pct":0}}
,"C:\\Users\\chase\\Downloads\\crm (32)\\src\\hooks\\usePerformance.ts": {"lines":{"total":123,"covered":0,"skipped":0,"pct":0},"functions":{"total":35,"covered":0,"skipped":0,"pct":0},"statements":{"total":133,"covered":0,"skipped":0,"pct":0},"branches":{"total":34,"covered":0,"skipped":0,"pct":0}}
,"C:\\Users\\chase\\Downloads\\crm (32)\\src\\hooks\\useRateLimiting.ts": {"lines":{"total":131,"covered":0,"skipped":0,"pct":0},"functions":{"total":32,"covered":0,"skipped":0,"pct":0},"statements":{"total":136,"covered":0,"skipped":0,"pct":0},"branches":{"total":58,"covered":0,"skipped":0,"pct":0}}
,"C:\\Users\\chase\\Downloads\\crm (32)\\src\\hooks\\useReusableForm.ts": {"lines":{"total":95,"covered":0,"skipped":0,"pct":0},"functions":{"total":27,"covered":0,"skipped":0,"pct":0},"statements":{"total":106,"covered":0,"skipped":0,"pct":0},"branches":{"total":38,"covered":0,"skipped":0,"pct":0}}
,"C:\\Users\\chase\\Downloads\\crm (32)\\src\\hooks\\useRoleAccess.ts": {"lines":{"total":10,"covered":0,"skipped":0,"pct":0},"functions":{"total":2,"covered":0,"skipped":0,"pct":0},"statements":{"total":12,"covered":0,"skipped":0,"pct":0},"branches":{"total":4,"covered":0,"skipped":0,"pct":0}}
,"C:\\Users\\chase\\Downloads\\crm (32)\\src\\hooks\\useSecureAuth.ts": {"lines":{"total":69,"covered":0,"skipped":0,"pct":0},"functions":{"total":18,"covered":0,"skipped":0,"pct":0},"statements":{"total":79,"covered":0,"skipped":0,"pct":0},"branches":{"total":27,"covered":0,"skipped":0,"pct":0}}
,"C:\\Users\\chase\\Downloads\\crm (32)\\src\\lib\\cn-utils.ts": {"lines":{"total":7,"covered":0,"skipped":0,"pct":0},"functions":{"total":2,"covered":0,"skipped":0,"pct":0},"statements":{"total":8,"covered":0,"skipped":0,"pct":0},"branches":{"total":0,"covered":0,"skipped":0,"pct":100}}
,"C:\\Users\\chase\\Downloads\\crm (32)\\src\\lib\\cva.ts": {"lines":{"total":19,"covered":0,"skipped":0,"pct":0},"functions":{"total":2,"covered":0,"skipped":0,"pct":0},"statements":{"total":20,"covered":0,"skipped":0,"pct":0},"branches":{"total":18,"covered":0,"skipped":0,"pct":0}}
,"C:\\Users\\chase\\Downloads\\crm (32)\\src\\lib\\radix-tabs.tsx": {"lines":{"total":27,"covered":0,"skipped":0,"pct":0},"functions":{"total":6,"covered":0,"skipped":0,"pct":0},"statements":{"total":31,"covered":0,"skipped":0,"pct":0},"branches":{"total":17,"covered":0,"skipped":0,"pct":0}}
,"C:\\Users\\chase\\Downloads\\crm (32)\\src\\lib\\safe-utils.ts": {"lines":{"total":22,"covered":0,"skipped":0,"pct":0},"functions":{"total":6,"covered":0,"skipped":0,"pct":0},"statements":{"total":30,"covered":0,"skipped":0,"pct":0},"branches":{"total":10,"covered":0,"skipped":0,"pct":0}}
,"C:\\Users\\chase\\Downloads\\crm (32)\\src\\lib\\supabase.ts": {"lines":{"total":60,"covered":0,"skipped":0,"pct":0},"functions":{"total":43,"covered":0,"skipped":0,"pct":0},"statements":{"total":60,"covered":0,"skipped":0,"pct":0},"branches":{"total":16,"covered":0,"skipped":0,"pct":0}}
,"C:\\Users\\chase\\Downloads\\crm (32)\\src\\lib\\utils.ts": {"lines":{"total":27,"covered":0,"skipped":0,"pct":0},"functions":{"total":12,"covered":0,"skipped":0,"pct":0},"statements":{"total":30,"covered":0,"skipped":0,"pct":0},"branches":{"total":6,"covered":0,"skipped":0,"pct":0}}
,"C:\\Users\\chase\\Downloads\\crm (32)\\src\\middleware\\rateLimitMiddleware.ts": {"lines":{"total":112,"covered":0,"skipped":0,"pct":0},"functions":{"total":21,"covered":0,"skipped":0,"pct":0},"statements":{"total":117,"covered":0,"skipped":0,"pct":0},"branches":{"total":53,"covered":0,"skipped":0,"pct":0}}
,"C:\\Users\\chase\\Downloads\\crm (32)\\src\\middleware\\securityMiddleware.ts": {"lines":{"total":70,"covered":0,"skipped":0,"pct":0},"functions":{"total":14,"covered":0,"skipped":0,"pct":0},"statements":{"total":72,"covered":0,"skipped":0,"pct":0},"branches":{"total":50,"covered":0,"skipped":0,"pct":0}}
,"C:\\Users\\chase\\Downloads\\crm (32)\\src\\schemas\\contractInvoiceSchemas.ts": {"lines":{"total":7,"covered":7,"skipped":0,"pct":100},"functions":{"total":0,"covered":0,"skipped":0,"pct":100},"statements":{"total":13,"covered":8,"skipped":0,"pct":61.53},"branches":{"total":0,"covered":0,"skipped":0,"pct":100}}
,"C:\\Users\\chase\\Downloads\\crm (32)\\src\\schemas\\formSchemas.ts": {"lines":{"total":7,"covered":0,"skipped":0,"pct":0},"functions":{"total":0,"covered":0,"skipped":0,"pct":100},"statements":{"total":13,"covered":0,"skipped":0,"pct":0},"branches":{"total":0,"covered":0,"skipped":0,"pct":100}}
,"C:\\Users\\chase\\Downloads\\crm (32)\\src\\services\\CountdownService.ts": {"lines":{"total":24,"covered":0,"skipped":0,"pct":0},"functions":{"total":7,"covered":0,"skipped":0,"pct":0},"statements":{"total":26,"covered":0,"skipped":0,"pct":0},"branches":{"total":4,"covered":0,"skipped":0,"pct":0}}
,"C:\\Users\\chase\\Downloads\\crm (32)\\src\\services\\EnhancedContractTemplateService.tsx": {"lines":{"total":70,"covered":0,"skipped":0,"pct":0},"functions":{"total":25,"covered":0,"skipped":0,"pct":0},"statements":{"total":78,"covered":0,"skipped":0,"pct":0},"branches":{"total":71,"covered":0,"skipped":0,"pct":0}}
,"C:\\Users\\chase\\Downloads\\crm (32)\\src\\services\\EnhancedInvoiceService.ts": {"lines":{"total":127,"covered":0,"skipped":0,"pct":0},"functions":{"total":41,"covered":0,"skipped":0,"pct":0},"statements":{"total":140,"covered":0,"skipped":0,"pct":0},"branches":{"total":84,"covered":0,"skipped":0,"pct":0}}
,"C:\\Users\\chase\\Downloads\\crm (32)\\src\\services\\analyticsService.ts": {"lines":{"total":99,"covered":0,"skipped":0,"pct":0},"functions":{"total":33,"covered":0,"skipped":0,"pct":0},"statements":{"total":119,"covered":0,"skipped":0,"pct":0},"branches":{"total":60,"covered":0,"skipped":0,"pct":0}}
,"C:\\Users\\chase\\Downloads\\crm (32)\\src\\services\\api.ts": {"lines":{"total":131,"covered":0,"skipped":0,"pct":0},"functions":{"total":28,"covered":0,"skipped":0,"pct":0},"statements":{"total":136,"covered":0,"skipped":0,"pct":0},"branches":{"total":30,"covered":0,"skipped":0,"pct":0}}
,"C:\\Users\\chase\\Downloads\\crm (32)\\src\\services\\auditLogService.ts": {"lines":{"total":151,"covered":0,"skipped":0,"pct":0},"functions":{"total":51,"covered":0,"skipped":0,"pct":0},"statements":{"total":171,"covered":0,"skipped":0,"pct":0},"branches":{"total":113,"covered":0,"skipped":0,"pct":0}}
,"C:\\Users\\chase\\Downloads\\crm (32)\\src\\services\\auth.ts": {"lines":{"total":137,"covered":90,"skipped":0,"pct":65.69},"functions":{"total":21,"covered":17,"skipped":0,"pct":80.95},"statements":{"total":143,"covered":96,"skipped":0,"pct":67.13},"branches":{"total":49,"covered":25,"skipped":0,"pct":51.02}}
,"C:\\Users\\chase\\Downloads\\crm (32)\\src\\services\\automationService.ts": {"lines":{"total":158,"covered":0,"skipped":0,"pct":0},"functions":{"total":20,"covered":0,"skipped":0,"pct":0},"statements":{"total":170,"covered":0,"skipped":0,"pct":0},"branches":{"total":89,"covered":0,"skipped":0,"pct":0}}
,"C:\\Users\\chase\\Downloads\\crm (32)\\src\\services\\backendService.ts": {"lines":{"total":163,"covered":0,"skipped":0,"pct":0},"functions":{"total":32,"covered":0,"skipped":0,"pct":0},"statements":{"total":179,"covered":0,"skipped":0,"pct":0},"branches":{"total":112,"covered":0,"skipped":0,"pct":0}}
,"C:\\Users\\chase\\Downloads\\crm (32)\\src\\services\\boldSignService.ts": {"lines":{"total":126,"covered":0,"skipped":0,"pct":0},"functions":{"total":25,"covered":0,"skipped":0,"pct":0},"statements":{"total":130,"covered":0,"skipped":0,"pct":0},"branches":{"total":122,"covered":0,"skipped":0,"pct":0}}
,"C:\\Users\\chase\\Downloads\\crm (32)\\src\\services\\configService.ts": {"lines":{"total":7,"covered":0,"skipped":0,"pct":0},"functions":{"total":4,"covered":0,"skipped":0,"pct":0},"statements":{"total":9,"covered":0,"skipped":0,"pct":0},"branches":{"total":2,"covered":0,"skipped":0,"pct":0}}
,"C:\\Users\\chase\\Downloads\\crm (32)\\src\\services\\crmEmailService.ts": {"lines":{"total":55,"covered":0,"skipped":0,"pct":0},"functions":{"total":17,"covered":0,"skipped":0,"pct":0},"statements":{"total":67,"covered":0,"skipped":0,"pct":0},"branches":{"total":28,"covered":0,"skipped":0,"pct":0}}
,"C:\\Users\\chase\\Downloads\\crm (32)\\src\\services\\database.ts": {"lines":{"total":204,"covered":0,"skipped":0,"pct":0},"functions":{"total":48,"covered":0,"skipped":0,"pct":0},"statements":{"total":278,"covered":0,"skipped":0,"pct":0},"branches":{"total":242,"covered":0,"skipped":0,"pct":0}}
,"C:\\Users\\chase\\Downloads\\crm (32)\\src\\services\\email.ts": {"lines":{"total":148,"covered":0,"skipped":0,"pct":0},"functions":{"total":39,"covered":0,"skipped":0,"pct":0},"statements":{"total":158,"covered":0,"skipped":0,"pct":0},"branches":{"total":105,"covered":0,"skipped":0,"pct":0}}
,"C:\\Users\\chase\\Downloads\\crm (32)\\src\\services\\emailService.ts": {"lines":{"total":323,"covered":0,"skipped":0,"pct":0},"functions":{"total":67,"covered":0,"skipped":0,"pct":0},"statements":{"total":340,"covered":0,"skipped":0,"pct":0},"branches":{"total":200,"covered":0,"skipped":0,"pct":0}}
,"C:\\Users\\chase\\Downloads\\crm (32)\\src\\services\\enhancedAuditLog.ts": {"lines":{"total":167,"covered":0,"skipped":0,"pct":0},"functions":{"total":41,"covered":0,"skipped":0,"pct":0},"statements":{"total":178,"covered":0,"skipped":0,"pct":0},"branches":{"total":162,"covered":0,"skipped":0,"pct":0}}
,"C:\\Users\\chase\\Downloads\\crm (32)\\src\\services\\granularRBAC.ts": {"lines":{"total":162,"covered":0,"skipped":0,"pct":0},"functions":{"total":26,"covered":0,"skipped":0,"pct":0},"statements":{"total":168,"covered":0,"skipped":0,"pct":0},"branches":{"total":115,"covered":0,"skipped":0,"pct":0}}
,"C:\\Users\\chase\\Downloads\\crm (32)\\src\\services\\mailjet.ts": {"lines":{"total":85,"covered":0,"skipped":0,"pct":0},"functions":{"total":26,"covered":0,"skipped":0,"pct":0},"statements":{"total":87,"covered":0,"skipped":0,"pct":0},"branches":{"total":45,"covered":0,"skipped":0,"pct":0}}
,"C:\\Users\\chase\\Downloads\\crm (32)\\src\\services\\notificationService.ts": {"lines":{"total":83,"covered":0,"skipped":0,"pct":0},"functions":{"total":23,"covered":0,"skipped":0,"pct":0},"statements":{"total":103,"covered":0,"skipped":0,"pct":0},"branches":{"total":58,"covered":0,"skipped":0,"pct":0}}
,"C:\\Users\\chase\\Downloads\\crm (32)\\src\\services\\performanceOptimization.ts": {"lines":{"total":85,"covered":0,"skipped":0,"pct":0},"functions":{"total":30,"covered":0,"skipped":0,"pct":0},"statements":{"total":87,"covered":0,"skipped":0,"pct":0},"branches":{"total":26,"covered":0,"skipped":0,"pct":0}}
,"C:\\Users\\chase\\Downloads\\crm (32)\\src\\services\\persistenceService.ts": {"lines":{"total":218,"covered":0,"skipped":0,"pct":0},"functions":{"total":50,"covered":0,"skipped":0,"pct":0},"statements":{"total":230,"covered":0,"skipped":0,"pct":0},"branches":{"total":99,"covered":0,"skipped":0,"pct":0}}
,"C:\\Users\\chase\\Downloads\\crm (32)\\src\\services\\primaryEmailService.ts": {"lines":{"total":25,"covered":0,"skipped":0,"pct":0},"functions":{"total":4,"covered":0,"skipped":0,"pct":0},"statements":{"total":27,"covered":0,"skipped":0,"pct":0},"branches":{"total":22,"covered":0,"skipped":0,"pct":0}}
,"C:\\Users\\chase\\Downloads\\crm (32)\\src\\services\\rbacService.ts": {"lines":{"total":67,"covered":0,"skipped":0,"pct":0},"functions":{"total":16,"covered":0,"skipped":0,"pct":0},"statements":{"total":73,"covered":0,"skipped":0,"pct":0},"branches":{"total":41,"covered":0,"skipped":0,"pct":0}}
,"C:\\Users\\chase\\Downloads\\crm (32)\\src\\services\\realTimeService.ts": {"lines":{"total":117,"covered":0,"skipped":0,"pct":0},"functions":{"total":36,"covered":0,"skipped":0,"pct":0},"statements":{"total":132,"covered":0,"skipped":0,"pct":0},"branches":{"total":57,"covered":0,"skipped":0,"pct":0}}
,"C:\\Users\\chase\\Downloads\\crm (32)\\src\\services\\searchService.ts": {"lines":{"total":99,"covered":0,"skipped":0,"pct":0},"functions":{"total":27,"covered":0,"skipped":0,"pct":0},"statements":{"total":107,"covered":0,"skipped":0,"pct":0},"branches":{"total":69,"covered":0,"skipped":0,"pct":0}}
,"C:\\Users\\chase\\Downloads\\crm (32)\\src\\services\\stateManager.ts": {"lines":{"total":152,"covered":0,"skipped":0,"pct":0},"functions":{"total":77,"covered":0,"skipped":0,"pct":0},"statements":{"total":170,"covered":0,"skipped":0,"pct":0},"branches":{"total":57,"covered":0,"skipped":0,"pct":0}}
,"C:\\Users\\chase\\Downloads\\crm (32)\\src\\services\\stripe.ts": {"lines":{"total":37,"covered":0,"skipped":0,"pct":0},"functions":{"total":19,"covered":0,"skipped":0,"pct":0},"statements":{"total":49,"covered":0,"skipped":0,"pct":0},"branches":{"total":10,"covered":0,"skipped":0,"pct":0}}
,"C:\\Users\\chase\\Downloads\\crm (32)\\src\\services\\twoFactorAuth.ts": {"lines":{"total":35,"covered":0,"skipped":0,"pct":0},"functions":{"total":9,"covered":0,"skipped":0,"pct":0},"statements":{"total":39,"covered":0,"skipped":0,"pct":0},"branches":{"total":2,"covered":0,"skipped":0,"pct":0}}
,"C:\\Users\\chase\\Downloads\\crm (32)\\src\\types\\invoice.ts": {"lines":{"total":6,"covered":0,"skipped":0,"pct":0},"functions":{"total":2,"covered":0,"skipped":0,"pct":0},"statements":{"total":6,"covered":0,"skipped":0,"pct":0},"branches":{"total":0,"covered":0,"skipped":0,"pct":100}}
,"C:\\Users\\chase\\Downloads\\crm (32)\\src\\utils\\cache.ts": {"lines":{"total":137,"covered":0,"skipped":0,"pct":0},"functions":{"total":37,"covered":0,"skipped":0,"pct":0},"statements":{"total":144,"covered":0,"skipped":0,"pct":0},"branches":{"total":65,"covered":0,"skipped":0,"pct":0}}
,"C:\\Users\\chase\\Downloads\\crm (32)\\src\\utils\\codeQuality.ts": {"lines":{"total":40,"covered":0,"skipped":0,"pct":0},"functions":{"total":9,"covered":0,"skipped":0,"pct":0},"statements":{"total":40,"covered":0,"skipped":0,"pct":0},"branches":{"total":23,"covered":0,"skipped":0,"pct":0}}
,"C:\\Users\\chase\\Downloads\\crm (32)\\src\\utils\\dataExport.ts": {"lines":{"total":56,"covered":0,"skipped":0,"pct":0},"functions":{"total":13,"covered":0,"skipped":0,"pct":0},"statements":{"total":58,"covered":0,"skipped":0,"pct":0},"branches":{"total":8,"covered":0,"skipped":0,"pct":0}}
,"C:\\Users\\chase\\Downloads\\crm (32)\\src\\utils\\dateUtils.ts": {"lines":{"total":55,"covered":0,"skipped":0,"pct":0},"functions":{"total":9,"covered":0,"skipped":0,"pct":0},"statements":{"total":73,"covered":0,"skipped":0,"pct":0},"branches":{"total":35,"covered":0,"skipped":0,"pct":0}}
,"C:\\Users\\chase\\Downloads\\crm (32)\\src\\utils\\dynamicImports.tsx": {"lines":{"total":109,"covered":0,"skipped":0,"pct":0},"functions":{"total":127,"covered":0,"skipped":0,"pct":0},"statements":{"total":163,"covered":0,"skipped":0,"pct":0},"branches":{"total":37,"covered":0,"skipped":0,"pct":0}}
,"C:\\Users\\chase\\Downloads\\crm (32)\\src\\utils\\encryption.ts": {"lines":{"total":102,"covered":0,"skipped":0,"pct":0},"functions":{"total":26,"covered":0,"skipped":0,"pct":0},"statements":{"total":116,"covered":0,"skipped":0,"pct":0},"branches":{"total":24,"covered":0,"skipped":0,"pct":0}}
,"C:\\Users\\chase\\Downloads\\crm (32)\\src\\utils\\enhanced-quote-converter.tsx": {"lines":{"total":147,"covered":0,"skipped":0,"pct":0},"functions":{"total":22,"covered":0,"skipped":0,"pct":0},"statements":{"total":153,"covered":0,"skipped":0,"pct":0},"branches":{"total":129,"covered":0,"skipped":0,"pct":0}}
,"C:\\Users\\chase\\Downloads\\crm (32)\\src\\utils\\enhancedValidation.ts": {"lines":{"total":69,"covered":0,"skipped":0,"pct":0},"functions":{"total":14,"covered":0,"skipped":0,"pct":0},"statements":{"total":77,"covered":0,"skipped":0,"pct":0},"branches":{"total":47,"covered":0,"skipped":0,"pct":0}}
,"C:\\Users\\chase\\Downloads\\crm (32)\\src\\utils\\errorHandler.ts": {"lines":{"total":62,"covered":0,"skipped":0,"pct":0},"functions":{"total":14,"covered":0,"skipped":0,"pct":0},"statements":{"total":68,"covered":0,"skipped":0,"pct":0},"branches":{"total":50,"covered":0,"skipped":0,"pct":0}}
,"C:\\Users\\chase\\Downloads\\crm (32)\\src\\utils\\errorTracking.ts": {"lines":{"total":166,"covered":0,"skipped":0,"pct":0},"functions":{"total":52,"covered":0,"skipped":0,"pct":0},"statements":{"total":184,"covered":0,"skipped":0,"pct":0},"branches":{"total":93,"covered":0,"skipped":0,"pct":0}}
,"C:\\Users\\chase\\Downloads\\crm (32)\\src\\utils\\exportData.ts": {"lines":{"total":26,"covered":0,"skipped":0,"pct":0},"functions":{"total":9,"covered":0,"skipped":0,"pct":0},"statements":{"total":33,"covered":0,"skipped":0,"pct":0},"branches":{"total":16,"covered":0,"skipped":0,"pct":0}}
,"C:\\Users\\chase\\Downloads\\crm (32)\\src\\utils\\formValidationUtils.ts": {"lines":{"total":110,"covered":0,"skipped":0,"pct":0},"functions":{"total":31,"covered":0,"skipped":0,"pct":0},"statements":{"total":120,"covered":0,"skipped":0,"pct":0},"branches":{"total":38,"covered":0,"skipped":0,"pct":0}}
,"C:\\Users\\chase\\Downloads\\crm (32)\\src\\utils\\globalErrorHandler.ts": {"lines":{"total":166,"covered":0,"skipped":0,"pct":0},"functions":{"total":40,"covered":0,"skipped":0,"pct":0},"statements":{"total":174,"covered":0,"skipped":0,"pct":0},"branches":{"total":96,"covered":0,"skipped":0,"pct":0}}
,"C:\\Users\\chase\\Downloads\\crm (32)\\src\\utils\\imageOptimization.ts": {"lines":{"total":156,"covered":0,"skipped":0,"pct":0},"functions":{"total":42,"covered":0,"skipped":0,"pct":0},"statements":{"total":176,"covered":0,"skipped":0,"pct":0},"branches":{"total":60,"covered":0,"skipped":0,"pct":0}}
,"C:\\Users\\chase\\Downloads\\crm (32)\\src\\utils\\invoiceValidation.ts": {"lines":{"total":76,"covered":56,"skipped":0,"pct":73.68},"functions":{"total":11,"covered":7,"skipped":0,"pct":63.63},"statements":{"total":86,"covered":61,"skipped":0,"pct":70.93},"branches":{"total":74,"covered":52,"skipped":0,"pct":70.27}}
,"C:\\Users\\chase\\Downloads\\crm (32)\\src\\utils\\keyManagement.ts": {"lines":{"total":126,"covered":0,"skipped":0,"pct":0},"functions":{"total":30,"covered":0,"skipped":0,"pct":0},"statements":{"total":143,"covered":0,"skipped":0,"pct":0},"branches":{"total":26,"covered":0,"skipped":0,"pct":0}}
,"C:\\Users\\chase\\Downloads\\crm (32)\\src\\utils\\performance.ts": {"lines":{"total":114,"covered":0,"skipped":0,"pct":0},"functions":{"total":33,"covered":0,"skipped":0,"pct":0},"statements":{"total":124,"covered":0,"skipped":0,"pct":0},"branches":{"total":21,"covered":0,"skipped":0,"pct":0}}
,"C:\\Users\\chase\\Downloads\\crm (32)\\src\\utils\\performanceMonitoring.ts": {"lines":{"total":22,"covered":0,"skipped":0,"pct":0},"functions":{"total":7,"covered":0,"skipped":0,"pct":0},"statements":{"total":25,"covered":0,"skipped":0,"pct":0},"branches":{"total":12,"covered":0,"skipped":0,"pct":0}}
,"C:\\Users\\chase\\Downloads\\crm (32)\\src\\utils\\pwa.ts": {"lines":{"total":139,"covered":0,"skipped":0,"pct":0},"functions":{"total":44,"covered":0,"skipped":0,"pct":0},"statements":{"total":163,"covered":0,"skipped":0,"pct":0},"branches":{"total":37,"covered":0,"skipped":0,"pct":0}}
,"C:\\Users\\chase\\Downloads\\crm (32)\\src\\utils\\rateLimiting.ts": {"lines":{"total":135,"covered":0,"skipped":0,"pct":0},"functions":{"total":35,"covered":0,"skipped":0,"pct":0},"statements":{"total":142,"covered":0,"skipped":0,"pct":0},"branches":{"total":52,"covered":0,"skipped":0,"pct":0}}
,"C:\\Users\\chase\\Downloads\\crm (32)\\src\\utils\\safeFormatters.ts": {"lines":{"total":190,"covered":0,"skipped":0,"pct":0},"functions":{"total":16,"covered":0,"skipped":0,"pct":0},"statements":{"total":205,"covered":0,"skipped":0,"pct":0},"branches":{"total":191,"covered":0,"skipped":0,"pct":0}}
,"C:\\Users\\chase\\Downloads\\crm (32)\\src\\utils\\secureStorage.ts": {"lines":{"total":122,"covered":0,"skipped":0,"pct":0},"functions":{"total":29,"covered":0,"skipped":0,"pct":0},"statements":{"total":137,"covered":0,"skipped":0,"pct":0},"branches":{"total":34,"covered":0,"skipped":0,"pct":0}}
,"C:\\Users\\chase\\Downloads\\crm (32)\\src\\utils\\security.ts": {"lines":{"total":172,"covered":0,"skipped":0,"pct":0},"functions":{"total":30,"covered":0,"skipped":0,"pct":0},"statements":{"total":205,"covered":0,"skipped":0,"pct":0},"branches":{"total":120,"covered":0,"skipped":0,"pct":0}}
,"C:\\Users\\chase\\Downloads\\crm (32)\\src\\utils\\securityValidation.ts": {"lines":{"total":75,"covered":0,"skipped":0,"pct":0},"functions":{"total":7,"covered":0,"skipped":0,"pct":0},"statements":{"total":77,"covered":0,"skipped":0,"pct":0},"branches":{"total":57,"covered":0,"skipped":0,"pct":0}}
,"C:\\Users\\chase\\Downloads\\crm (32)\\src\\utils\\standardErrorHandling.tsx": {"lines":{"total":115,"covered":0,"skipped":0,"pct":0},"functions":{"total":25,"covered":0,"skipped":0,"pct":0},"statements":{"total":117,"covered":0,"skipped":0,"pct":0},"branches":{"total":80,"covered":0,"skipped":0,"pct":0}}
,"C:\\Users\\chase\\Downloads\\crm (32)\\src\\utils\\startupValidator.ts": {"lines":{"total":31,"covered":0,"skipped":0,"pct":0},"functions":{"total":8,"covered":0,"skipped":0,"pct":0},"statements":{"total":33,"covered":0,"skipped":0,"pct":0},"branches":{"total":16,"covered":0,"skipped":0,"pct":0}}
,"C:\\Users\\chase\\Downloads\\crm (32)\\src\\utils\\testRunner.ts": {"lines":{"total":41,"covered":0,"skipped":0,"pct":0},"functions":{"total":7,"covered":0,"skipped":0,"pct":0},"statements":{"total":42,"covered":0,"skipped":0,"pct":0},"branches":{"total":10,"covered":0,"skipped":0,"pct":0}}
,"C:\\Users\\chase\\Downloads\\crm (32)\\src\\utils\\validation.ts": {"lines":{"total":72,"covered":0,"skipped":0,"pct":0},"functions":{"total":11,"covered":0,"skipped":0,"pct":0},"statements":{"total":80,"covered":0,"skipped":0,"pct":0},"branches":{"total":56,"covered":0,"skipped":0,"pct":0}}
}
