TN:
SF:src\App.tsx
FN:14,(anonymous_5)
FN:14,(anonymous_6)
FN:15,(anonymous_8)
FN:15,(anonymous_9)
FN:16,(anonymous_11)
FN:16,(anonymous_12)
FN:17,(anonymous_14)
FN:17,(anonymous_15)
FN:18,(anonymous_17)
FN:18,(anonymous_18)
FN:19,(anonymous_20)
FN:19,(anonymous_21)
FN:23,(anonymous_23)
FN:35,(anonymous_24)
FN:35,(anonymous_25)
FN:36,(anonymous_26)
FN:36,(anonymous_27)
FN:37,(anonymous_28)
FN:37,(anonymous_29)
FN:38,(anonymous_30)
FN:38,(anonymous_31)
FN:39,(anonymous_32)
FN:39,(anonymous_33)
FN:40,(anonymous_34)
FN:40,(anonymous_35)
FN:41,(anonymous_36)
FN:41,(anonymous_37)
FN:42,(anonymous_38)
FN:42,(anonymous_39)
FN:43,(anonymous_40)
FN:43,(anonymous_41)
FN:44,(anonymous_42)
FN:44,(anonymous_43)
FN:45,(anonymous_44)
FN:45,(anonymous_45)
FN:48,(anonymous_47)
FN:48,(anonymous_48)
FN:49,(anonymous_49)
FN:49,(anonymous_50)
FN:50,(anonymous_51)
FN:50,(anonymous_52)
FN:51,(anonymous_53)
FN:51,(anonymous_54)
FN:52,(anonymous_55)
FN:52,(anonymous_56)
FN:53,(anonymous_57)
FN:53,(anonymous_58)
FN:54,(anonymous_59)
FN:54,(anonymous_60)
FN:55,(anonymous_61)
FN:55,(anonymous_62)
FN:56,(anonymous_63)
FN:56,(anonymous_64)
FN:57,(anonymous_65)
FN:57,(anonymous_66)
FN:58,(anonymous_67)
FN:58,(anonymous_68)
FN:59,(anonymous_69)
FN:59,(anonymous_70)
FN:60,(anonymous_71)
FN:60,(anonymous_72)
FN:61,(anonymous_73)
FN:61,(anonymous_74)
FN:62,(anonymous_75)
FN:62,(anonymous_76)
FN:63,(anonymous_77)
FN:63,(anonymous_78)
FN:64,(anonymous_79)
FN:64,(anonymous_80)
FN:65,(anonymous_81)
FN:65,(anonymous_82)
FN:68,(anonymous_83)
FN:68,(anonymous_84)
FN:69,(anonymous_85)
FN:69,(anonymous_86)
FN:70,(anonymous_87)
FN:70,(anonymous_88)
FN:71,(anonymous_89)
FN:71,(anonymous_90)
FN:72,(anonymous_91)
FN:72,(anonymous_92)
FN:73,(anonymous_93)
FN:73,(anonymous_94)
FN:74,(anonymous_95)
FN:74,(anonymous_96)
FN:76,(anonymous_97)
FN:76,(anonymous_98)
FN:77,(anonymous_99)
FN:77,(anonymous_100)
FN:78,(anonymous_101)
FN:78,(anonymous_102)
FN:79,(anonymous_103)
FN:79,(anonymous_104)
FN:80,(anonymous_105)
FN:80,(anonymous_106)
FN:82,(anonymous_107)
FN:82,(anonymous_108)
FN:83,(anonymous_110)
FN:97,(anonymous_111)
FN:102,(anonymous_112)
FN:109,(anonymous_113)
FN:115,(anonymous_114)
FN:118,(anonymous_115)
FN:124,(anonymous_116)
FN:184,(anonymous_117)
FN:185,(anonymous_118)
FN:193,(anonymous_119)
FN:211,(anonymous_120)
FN:317,(anonymous_121)
FN:328,(anonymous_122)
FN:343,(anonymous_123)
FN:359,(anonymous_124)
FN:371,(anonymous_125)
FN:375,(anonymous_126)
FN:391,(anonymous_127)
FN:417,(anonymous_128)
FN:431,(anonymous_129)
FN:465,(anonymous_130)
FN:472,(anonymous_131)
FNF:119
FNH:0
FNDA:0,(anonymous_5)
FNDA:0,(anonymous_6)
FNDA:0,(anonymous_8)
FNDA:0,(anonymous_9)
FNDA:0,(anonymous_11)
FNDA:0,(anonymous_12)
FNDA:0,(anonymous_14)
FNDA:0,(anonymous_15)
FNDA:0,(anonymous_17)
FNDA:0,(anonymous_18)
FNDA:0,(anonymous_20)
FNDA:0,(anonymous_21)
FNDA:0,(anonymous_23)
FNDA:0,(anonymous_24)
FNDA:0,(anonymous_25)
FNDA:0,(anonymous_26)
FNDA:0,(anonymous_27)
FNDA:0,(anonymous_28)
FNDA:0,(anonymous_29)
FNDA:0,(anonymous_30)
FNDA:0,(anonymous_31)
FNDA:0,(anonymous_32)
FNDA:0,(anonymous_33)
FNDA:0,(anonymous_34)
FNDA:0,(anonymous_35)
FNDA:0,(anonymous_36)
FNDA:0,(anonymous_37)
FNDA:0,(anonymous_38)
FNDA:0,(anonymous_39)
FNDA:0,(anonymous_40)
FNDA:0,(anonymous_41)
FNDA:0,(anonymous_42)
FNDA:0,(anonymous_43)
FNDA:0,(anonymous_44)
FNDA:0,(anonymous_45)
FNDA:0,(anonymous_47)
FNDA:0,(anonymous_48)
FNDA:0,(anonymous_49)
FNDA:0,(anonymous_50)
FNDA:0,(anonymous_51)
FNDA:0,(anonymous_52)
FNDA:0,(anonymous_53)
FNDA:0,(anonymous_54)
FNDA:0,(anonymous_55)
FNDA:0,(anonymous_56)
FNDA:0,(anonymous_57)
FNDA:0,(anonymous_58)
FNDA:0,(anonymous_59)
FNDA:0,(anonymous_60)
FNDA:0,(anonymous_61)
FNDA:0,(anonymous_62)
FNDA:0,(anonymous_63)
FNDA:0,(anonymous_64)
FNDA:0,(anonymous_65)
FNDA:0,(anonymous_66)
FNDA:0,(anonymous_67)
FNDA:0,(anonymous_68)
FNDA:0,(anonymous_69)
FNDA:0,(anonymous_70)
FNDA:0,(anonymous_71)
FNDA:0,(anonymous_72)
FNDA:0,(anonymous_73)
FNDA:0,(anonymous_74)
FNDA:0,(anonymous_75)
FNDA:0,(anonymous_76)
FNDA:0,(anonymous_77)
FNDA:0,(anonymous_78)
FNDA:0,(anonymous_79)
FNDA:0,(anonymous_80)
FNDA:0,(anonymous_81)
FNDA:0,(anonymous_82)
FNDA:0,(anonymous_83)
FNDA:0,(anonymous_84)
FNDA:0,(anonymous_85)
FNDA:0,(anonymous_86)
FNDA:0,(anonymous_87)
FNDA:0,(anonymous_88)
FNDA:0,(anonymous_89)
FNDA:0,(anonymous_90)
FNDA:0,(anonymous_91)
FNDA:0,(anonymous_92)
FNDA:0,(anonymous_93)
FNDA:0,(anonymous_94)
FNDA:0,(anonymous_95)
FNDA:0,(anonymous_96)
FNDA:0,(anonymous_97)
FNDA:0,(anonymous_98)
FNDA:0,(anonymous_99)
FNDA:0,(anonymous_100)
FNDA:0,(anonymous_101)
FNDA:0,(anonymous_102)
FNDA:0,(anonymous_103)
FNDA:0,(anonymous_104)
FNDA:0,(anonymous_105)
FNDA:0,(anonymous_106)
FNDA:0,(anonymous_107)
FNDA:0,(anonymous_108)
FNDA:0,(anonymous_110)
FNDA:0,(anonymous_111)
FNDA:0,(anonymous_112)
FNDA:0,(anonymous_113)
FNDA:0,(anonymous_114)
FNDA:0,(anonymous_115)
FNDA:0,(anonymous_116)
FNDA:0,(anonymous_117)
FNDA:0,(anonymous_118)
FNDA:0,(anonymous_119)
FNDA:0,(anonymous_120)
FNDA:0,(anonymous_121)
FNDA:0,(anonymous_122)
FNDA:0,(anonymous_123)
FNDA:0,(anonymous_124)
FNDA:0,(anonymous_125)
FNDA:0,(anonymous_126)
FNDA:0,(anonymous_127)
FNDA:0,(anonymous_128)
FNDA:0,(anonymous_129)
FNDA:0,(anonymous_130)
FNDA:0,(anonymous_131)
DA:3,0
DA:4,0
DA:5,0
DA:6,0
DA:7,0
DA:8,0
DA:9,0
DA:11,0
DA:14,0
DA:15,0
DA:16,0
DA:17,0
DA:18,0
DA:19,0
DA:23,0
DA:35,0
DA:36,0
DA:37,0
DA:38,0
DA:39,0
DA:40,0
DA:41,0
DA:42,0
DA:43,0
DA:44,0
DA:45,0
DA:48,0
DA:49,0
DA:50,0
DA:51,0
DA:52,0
DA:53,0
DA:54,0
DA:55,0
DA:56,0
DA:57,0
DA:58,0
DA:59,0
DA:60,0
DA:61,0
DA:62,0
DA:63,0
DA:64,0
DA:65,0
DA:68,0
DA:69,0
DA:70,0
DA:71,0
DA:72,0
DA:73,0
DA:74,0
DA:76,0
DA:77,0
DA:78,0
DA:79,0
DA:80,0
DA:82,0
DA:83,0
DA:84,0
DA:85,0
DA:86,0
DA:87,0
DA:88,0
DA:89,0
DA:90,0
DA:91,0
DA:92,0
DA:93,0
DA:94,0
DA:97,0
DA:98,0
DA:102,0
DA:103,0
DA:105,0
DA:109,0
DA:110,0
DA:111,0
DA:115,0
DA:116,0
DA:118,0
DA:119,0
DA:122,0
DA:123,0
DA:124,0
DA:127,0
DA:135,0
DA:184,0
DA:185,0
DA:186,0
DA:193,0
DA:194,0
DA:195,0
DA:201,0
DA:202,0
DA:206,0
DA:207,0
DA:211,0
DA:212,0
DA:216,0
DA:218,0
DA:220,0
DA:222,0
DA:224,0
DA:226,0
DA:228,0
DA:230,0
DA:232,0
DA:234,0
DA:236,0
DA:238,0
DA:240,0
DA:242,0
DA:244,0
DA:246,0
DA:248,0
DA:250,0
DA:252,0
DA:254,0
DA:256,0
DA:258,0
DA:260,0
DA:262,0
DA:264,0
DA:266,0
DA:268,0
DA:270,0
DA:272,0
DA:280,0
DA:282,0
DA:284,0
DA:286,0
DA:288,0
DA:290,0
DA:292,0
DA:294,0
DA:296,0
DA:298,0
DA:317,0
DA:328,0
DA:343,0
DA:359,0
DA:371,0
DA:375,0
DA:392,0
DA:417,0
DA:432,0
DA:433,0
DA:465,0
DA:472,0
DA:484,0
LF:150
LH:0
BRDA:110,0,0,0
BRDA:110,0,1,0
BRDA:110,1,0,0
BRDA:110,1,1,0
BRDA:116,2,0,0
BRDA:116,2,1,0
BRDA:201,3,0,0
BRDA:201,3,1,0
BRDA:206,4,0,0
BRDA:206,4,1,0
BRDA:206,5,0,0
BRDA:206,5,1,0
BRDA:212,6,0,0
BRDA:212,6,1,0
BRDA:212,6,2,0
BRDA:212,6,3,0
BRDA:212,6,4,0
BRDA:212,6,5,0
BRDA:212,6,6,0
BRDA:212,6,7,0
BRDA:212,6,8,0
BRDA:212,6,9,0
BRDA:212,6,10,0
BRDA:212,6,11,0
BRDA:212,6,12,0
BRDA:212,6,13,0
BRDA:212,6,14,0
BRDA:212,6,15,0
BRDA:212,6,16,0
BRDA:212,6,17,0
BRDA:212,6,18,0
BRDA:212,6,19,0
BRDA:212,6,20,0
BRDA:212,6,21,0
BRDA:212,6,22,0
BRDA:212,6,23,0
BRDA:212,6,24,0
BRDA:212,6,25,0
BRDA:212,6,26,0
BRDA:212,6,27,0
BRDA:212,6,28,0
BRDA:212,6,29,0
BRDA:212,6,30,0
BRDA:212,6,31,0
BRDA:212,6,32,0
BRDA:212,6,33,0
BRDA:212,6,34,0
BRDA:212,6,35,0
BRDA:212,6,36,0
BRDA:212,6,37,0
BRDA:212,6,38,0
BRDA:308,7,0,0
BRDA:308,7,1,0
BRDA:309,8,0,0
BRDA:312,9,0,0
BRDA:312,9,1,0
BRDA:326,10,0,0
BRDA:326,10,1,0
BRDA:334,11,0,0
BRDA:375,12,0,0
BRDA:380,13,0,0
BRDA:390,14,0,0
BRDA:395,15,0,0
BRDA:395,15,1,0
BRDA:423,16,0,0
BRDA:462,17,0,0
BRDA:472,18,0,0
BRF:67
BRH:0
end_of_record
TN:
SF:src\app\error.tsx
FN:5,Error
FN:12,(anonymous_2)
FNF:2
FNH:0
FNDA:0,Error
FNDA:0,(anonymous_2)
DA:3,0
DA:5,0
DA:12,0
DA:14,0
LF:4
LH:0
BRF:0
BRH:0
end_of_record
TN:
SF:src\app\not-found.tsx
FN:3,NotFound
FNF:1
FNH:0
FNDA:0,NotFound
DA:1,0
DA:3,0
LF:2
LH:0
BRF:0
BRH:0
end_of_record
TN:
SF:src\app\page.tsx
FN:18,(anonymous_6)
FN:18,(anonymous_7)
FN:21,(anonymous_9)
FN:25,Page
FNF:4
FNH:0
FNDA:0,(anonymous_6)
FNDA:0,(anonymous_7)
FNDA:0,(anonymous_9)
FNDA:0,Page
DA:3,0
DA:4,0
DA:18,0
DA:21,0
DA:25,0
DA:26,0
LF:6
LH:0
BRF:0
BRH:0
end_of_record
TN:
SF:src\app\api\analytics\[metric]\route.ts
FN:12,GET
FNF:1
FNH:0
FNDA:0,GET
DA:1,0
DA:4,0
DA:12,0
DA:16,0
DA:17,0
DA:18,0
DA:19,0
DA:20,0
DA:22,0
DA:24,0
DA:25,0
LF:11
LH:0
BRDA:18,0,0,0
BRDA:18,0,1,0
BRDA:19,1,0,0
BRDA:19,1,1,0
BRF:4
BRH:0
end_of_record
TN:
SF:src\app\api\clients\route.ts
FN:26,GET
FN:29,(anonymous_4)
FN:46,POST
FN:51,(anonymous_6)
FNF:4
FNH:0
FNDA:0,GET
FNDA:0,(anonymous_4)
FNDA:0,POST
FNDA:0,(anonymous_6)
DA:1,0
DA:4,0
DA:26,0
DA:27,0
DA:29,0
DA:31,0
DA:37,0
DA:38,0
DA:46,0
DA:47,0
DA:48,0
DA:51,0
DA:53,0
DA:60,0
DA:62,0
DA:67,0
DA:68,0
LF:17
LH:0
BRF:0
BRH:0
end_of_record
TN:
SF:src\app\api\clients\[id]\route.ts
FN:26,GET
FN:34,(anonymous_5)
FN:36,(anonymous_6)
FN:59,PUT
FN:68,(anonymous_8)
FN:70,(anonymous_9)
FN:101,DELETE
FN:109,(anonymous_11)
FN:111,(anonymous_12)
FNF:9
FNH:0
FNDA:0,GET
FNDA:0,(anonymous_5)
FNDA:0,(anonymous_6)
FNDA:0,PUT
FNDA:0,(anonymous_8)
FNDA:0,(anonymous_9)
FNDA:0,DELETE
FNDA:0,(anonymous_11)
FNDA:0,(anonymous_12)
DA:1,0
DA:4,0
DA:26,0
DA:30,0
DA:31,0
DA:34,0
DA:36,0
DA:38,0
DA:39,0
DA:45,0
DA:50,0
DA:51,0
DA:59,0
DA:63,0
DA:64,0
DA:65,0
DA:68,0
DA:70,0
DA:72,0
DA:73,0
DA:79,0
DA:85,0
DA:87,0
DA:92,0
DA:93,0
DA:101,0
DA:105,0
DA:106,0
DA:109,0
DA:111,0
DA:113,0
DA:114,0
DA:120,0
DA:122,0
DA:128,0
DA:129,0
LF:36
LH:0
BRDA:38,0,0,0
BRDA:38,0,1,0
BRDA:72,1,0,0
BRDA:72,1,1,0
BRDA:113,2,0,0
BRDA:113,2,1,0
BRF:6
BRH:0
end_of_record
TN:
SF:src\app\api\dashboards\[userId]\route.ts
FN:7,GET
FN:22,POST
FNF:2
FNH:0
FNDA:0,GET
FNDA:0,POST
DA:1,0
DA:4,0
DA:7,0
DA:11,0
DA:12,0
DA:13,0
DA:14,0
DA:16,0
DA:17,0
DA:22,0
DA:26,0
DA:27,0
DA:28,0
DA:29,0
DA:30,0
DA:32,0
DA:33,0
LF:17
LH:0
BRDA:13,0,0,0
BRDA:13,0,1,0
BRF:2
BRH:0
end_of_record
TN:
SF:src\app\clients\page.tsx
FN:9,ClientsPage
FNF:1
FNH:0
FNDA:0,ClientsPage
DA:3,0
DA:4,0
DA:5,0
DA:6,0
DA:7,0
DA:9,0
LF:6
LH:0
BRF:0
BRH:0
end_of_record
TN:
SF:src\app\pipeline\page.tsx
FN:9,PipelinePage
FNF:1
FNH:0
FNDA:0,PipelinePage
DA:3,0
DA:4,0
DA:5,0
DA:6,0
DA:7,0
DA:9,0
LF:6
LH:0
BRF:0
BRH:0
end_of_record
TN:
SF:src\app\reports\page.tsx
FN:24,(anonymous_4)
FN:31,(anonymous_5)
FN:39,(anonymous_6)
FN:48,(anonymous_7)
FN:113,(anonymous_8)
FN:122,(anonymous_9)
FNF:6
FNH:0
FNDA:0,(anonymous_4)
FNDA:0,(anonymous_5)
FNDA:0,(anonymous_6)
FNDA:0,(anonymous_7)
FNDA:0,(anonymous_8)
FNDA:0,(anonymous_9)
DA:3,0
DA:4,0
DA:5,0
DA:6,0
DA:8,0
DA:9,0
DA:10,0
DA:11,0
DA:12,0
DA:13,0
DA:14,0
DA:24,0
DA:25,0
DA:26,0
DA:31,0
DA:32,0
DA:33,0
DA:34,0
DA:39,0
DA:44,0
DA:48,0
DA:49,0
DA:114,0
DA:122,0
DA:134,0
LF:25
LH:0
BRDA:32,0,0,0
BRDA:32,0,1,0
BRDA:33,1,0,0
BRDA:33,1,1,0
BRDA:83,2,0,0
BRDA:83,3,0,0
BRDA:83,3,1,0
BRF:7
BRH:0
end_of_record
TN:
SF:src\components\AdminDashboard.tsx
FN:395,(anonymous_6)
FN:678,(anonymous_7)
FN:870,(anonymous_8)
FN:878,(anonymous_9)
FN:879,(anonymous_10)
FN:881,(anonymous_11)
FN:888,(anonymous_12)
FN:893,(anonymous_13)
FN:939,(anonymous_15)
FN:957,(anonymous_16)
FN:981,(anonymous_18)
FN:987,(anonymous_19)
FN:999,(anonymous_20)
FN:1006,(anonymous_21)
FN:1013,(anonymous_22)
FN:1020,(anonymous_23)
FN:1031,(anonymous_24)
FN:1032,(anonymous_25)
FN:1033,(anonymous_26)
FN:1050,(anonymous_27)
FN:1052,(anonymous_28)
FN:1078,(anonymous_29)
FN:1092,(anonymous_30)
FN:1093,(anonymous_31)
FN:1117,(anonymous_32)
FN:1122,(anonymous_33)
FN:1146,(anonymous_34)
FN:1170,(anonymous_35)
FN:1171,(anonymous_36)
FN:1171,(anonymous_37)
FN:1195,(anonymous_38)
FN:1244,(anonymous_39)
FN:1272,(anonymous_40)
FN:1282,(anonymous_41)
FN:1315,(anonymous_42)
FN:1315,(anonymous_43)
FN:1323,(anonymous_44)
FN:1336,(anonymous_45)
FN:1340,(anonymous_46)
FN:1374,(anonymous_48)
FN:1414,(anonymous_49)
FN:1470,(anonymous_51)
FN:1498,(anonymous_52)
FN:1539,(anonymous_53)
FN:1582,(anonymous_55)
FN:1617,(anonymous_56)
FN:1660,(anonymous_58)
FN:1666,(anonymous_59)
FN:1675,(anonymous_60)
FN:1679,(anonymous_61)
FN:1679,(anonymous_62)
FN:1687,(anonymous_63)
FN:1697,(anonymous_64)
FN:1719,(anonymous_65)
FN:1731,(anonymous_66)
FN:1759,(anonymous_67)
FN:1843,(anonymous_69)
FN:1850,(anonymous_70)
FN:1874,(anonymous_71)
FN:1893,(anonymous_72)
FN:1900,(anonymous_73)
FN:1935,(anonymous_75)
FN:1942,(anonymous_76)
FN:1983,(anonymous_77)
FN:2023,(anonymous_79)
FN:2050,(anonymous_80)
FN:2063,(anonymous_81)
FN:2116,(anonymous_83)
FN:2123,(anonymous_84)
FN:2162,(anonymous_85)
FN:2216,(anonymous_87)
FN:2230,(anonymous_88)
FN:2240,(anonymous_89)
FN:2268,(anonymous_90)
FN:2319,(anonymous_92)
FN:2361,(anonymous_93)
FN:2406,(anonymous_94)
FN:2442,(anonymous_95)
FN:2471,(anonymous_96)
FN:2492,(anonymous_98)
FN:2520,(anonymous_99)
FN:2530,(anonymous_100)
FN:2543,(anonymous_101)
FN:2544,(anonymous_102)
FN:2553,(anonymous_103)
FN:2554,(anonymous_104)
FN:2555,(anonymous_105)
FN:2563,(anonymous_106)
FN:2569,(anonymous_107)
FN:2614,(anonymous_108)
FN:2620,(anonymous_109)
FN:2632,(anonymous_110)
FN:2637,(anonymous_111)
FN:2648,(anonymous_112)
FN:2649,(anonymous_113)
FN:2697,(anonymous_114)
FN:2698,(anonymous_115)
FN:2741,(anonymous_116)
FN:2780,(anonymous_118)
FN:2790,(anonymous_119)
FN:2797,(anonymous_120)
FN:2797,(anonymous_121)
FN:2804,(anonymous_122)
FN:2814,(anonymous_123)
FN:2817,(anonymous_124)
FN:2874,(anonymous_125)
FN:2912,(anonymous_126)
FN:2919,(anonymous_127)
FN:2923,(anonymous_128)
FN:2950,(anonymous_129)
FN:3008,(anonymous_130)
FN:3014,(anonymous_131)
FN:3047,(anonymous_132)
FN:3053,(anonymous_133)
FN:3089,(anonymous_134)
FN:3095,(anonymous_135)
FN:3137,(anonymous_136)
FN:3143,(anonymous_137)
FN:3191,(anonymous_138)
FN:3197,(anonymous_139)
FN:3221,(anonymous_140)
FN:3222,(anonymous_141)
FN:3227,(anonymous_142)
FN:3227,(anonymous_143)
FN:3237,(anonymous_144)
FN:3241,(anonymous_145)
FN:3262,(anonymous_146)
FN:3272,(anonymous_147)
FN:3295,(anonymous_148)
FN:3306,(anonymous_149)
FN:3322,(anonymous_150)
FN:3331,(anonymous_151)
FN:3372,(anonymous_152)
FN:3377,(anonymous_153)
FN:3428,(anonymous_154)
FN:3434,(anonymous_155)
FN:3502,(anonymous_156)
FN:3508,(anonymous_157)
FN:3567,(anonymous_158)
FN:3573,(anonymous_159)
FN:3594,(anonymous_160)
FN:3639,(anonymous_161)
FN:3646,(anonymous_162)
FN:3667,(anonymous_163)
FN:3745,(anonymous_164)
FN:3751,(anonymous_165)
FN:3771,(anonymous_166)
FN:3787,(anonymous_167)
FN:3794,(anonymous_168)
FN:3801,(anonymous_169)
FN:3815,(anonymous_170)
FN:3841,(anonymous_171)
FN:3856,(anonymous_172)
FN:3866,(anonymous_173)
FN:3875,(anonymous_174)
FN:3889,(anonymous_175)
FN:3892,(anonymous_176)
FN:3893,(anonymous_177)
FN:3913,(anonymous_178)
FN:3919,(anonymous_179)
FNF:160
FNH:0
FNDA:0,(anonymous_6)
FNDA:0,(anonymous_7)
FNDA:0,(anonymous_8)
FNDA:0,(anonymous_9)
FNDA:0,(anonymous_10)
FNDA:0,(anonymous_11)
FNDA:0,(anonymous_12)
FNDA:0,(anonymous_13)
FNDA:0,(anonymous_15)
FNDA:0,(anonymous_16)
FNDA:0,(anonymous_18)
FNDA:0,(anonymous_19)
FNDA:0,(anonymous_20)
FNDA:0,(anonymous_21)
FNDA:0,(anonymous_22)
FNDA:0,(anonymous_23)
FNDA:0,(anonymous_24)
FNDA:0,(anonymous_25)
FNDA:0,(anonymous_26)
FNDA:0,(anonymous_27)
FNDA:0,(anonymous_28)
FNDA:0,(anonymous_29)
FNDA:0,(anonymous_30)
FNDA:0,(anonymous_31)
FNDA:0,(anonymous_32)
FNDA:0,(anonymous_33)
FNDA:0,(anonymous_34)
FNDA:0,(anonymous_35)
FNDA:0,(anonymous_36)
FNDA:0,(anonymous_37)
FNDA:0,(anonymous_38)
FNDA:0,(anonymous_39)
FNDA:0,(anonymous_40)
FNDA:0,(anonymous_41)
FNDA:0,(anonymous_42)
FNDA:0,(anonymous_43)
FNDA:0,(anonymous_44)
FNDA:0,(anonymous_45)
FNDA:0,(anonymous_46)
FNDA:0,(anonymous_48)
FNDA:0,(anonymous_49)
FNDA:0,(anonymous_51)
FNDA:0,(anonymous_52)
FNDA:0,(anonymous_53)
FNDA:0,(anonymous_55)
FNDA:0,(anonymous_56)
FNDA:0,(anonymous_58)
FNDA:0,(anonymous_59)
FNDA:0,(anonymous_60)
FNDA:0,(anonymous_61)
FNDA:0,(anonymous_62)
FNDA:0,(anonymous_63)
FNDA:0,(anonymous_64)
FNDA:0,(anonymous_65)
FNDA:0,(anonymous_66)
FNDA:0,(anonymous_67)
FNDA:0,(anonymous_69)
FNDA:0,(anonymous_70)
FNDA:0,(anonymous_71)
FNDA:0,(anonymous_72)
FNDA:0,(anonymous_73)
FNDA:0,(anonymous_75)
FNDA:0,(anonymous_76)
FNDA:0,(anonymous_77)
FNDA:0,(anonymous_79)
FNDA:0,(anonymous_80)
FNDA:0,(anonymous_81)
FNDA:0,(anonymous_83)
FNDA:0,(anonymous_84)
FNDA:0,(anonymous_85)
FNDA:0,(anonymous_87)
FNDA:0,(anonymous_88)
FNDA:0,(anonymous_89)
FNDA:0,(anonymous_90)
FNDA:0,(anonymous_92)
FNDA:0,(anonymous_93)
FNDA:0,(anonymous_94)
FNDA:0,(anonymous_95)
FNDA:0,(anonymous_96)
FNDA:0,(anonymous_98)
FNDA:0,(anonymous_99)
FNDA:0,(anonymous_100)
FNDA:0,(anonymous_101)
FNDA:0,(anonymous_102)
FNDA:0,(anonymous_103)
FNDA:0,(anonymous_104)
FNDA:0,(anonymous_105)
FNDA:0,(anonymous_106)
FNDA:0,(anonymous_107)
FNDA:0,(anonymous_108)
FNDA:0,(anonymous_109)
FNDA:0,(anonymous_110)
FNDA:0,(anonymous_111)
FNDA:0,(anonymous_112)
FNDA:0,(anonymous_113)
FNDA:0,(anonymous_114)
FNDA:0,(anonymous_115)
FNDA:0,(anonymous_116)
FNDA:0,(anonymous_118)
FNDA:0,(anonymous_119)
FNDA:0,(anonymous_120)
FNDA:0,(anonymous_121)
FNDA:0,(anonymous_122)
FNDA:0,(anonymous_123)
FNDA:0,(anonymous_124)
FNDA:0,(anonymous_125)
FNDA:0,(anonymous_126)
FNDA:0,(anonymous_127)
FNDA:0,(anonymous_128)
FNDA:0,(anonymous_129)
FNDA:0,(anonymous_130)
FNDA:0,(anonymous_131)
FNDA:0,(anonymous_132)
FNDA:0,(anonymous_133)
FNDA:0,(anonymous_134)
FNDA:0,(anonymous_135)
FNDA:0,(anonymous_136)
FNDA:0,(anonymous_137)
FNDA:0,(anonymous_138)
FNDA:0,(anonymous_139)
FNDA:0,(anonymous_140)
FNDA:0,(anonymous_141)
FNDA:0,(anonymous_142)
FNDA:0,(anonymous_143)
FNDA:0,(anonymous_144)
FNDA:0,(anonymous_145)
FNDA:0,(anonymous_146)
FNDA:0,(anonymous_147)
FNDA:0,(anonymous_148)
FNDA:0,(anonymous_149)
FNDA:0,(anonymous_150)
FNDA:0,(anonymous_151)
FNDA:0,(anonymous_152)
FNDA:0,(anonymous_153)
FNDA:0,(anonymous_154)
FNDA:0,(anonymous_155)
FNDA:0,(anonymous_156)
FNDA:0,(anonymous_157)
FNDA:0,(anonymous_158)
FNDA:0,(anonymous_159)
FNDA:0,(anonymous_160)
FNDA:0,(anonymous_161)
FNDA:0,(anonymous_162)
FNDA:0,(anonymous_163)
FNDA:0,(anonymous_164)
FNDA:0,(anonymous_165)
FNDA:0,(anonymous_166)
FNDA:0,(anonymous_167)
FNDA:0,(anonymous_168)
FNDA:0,(anonymous_169)
FNDA:0,(anonymous_170)
FNDA:0,(anonymous_171)
FNDA:0,(anonymous_172)
FNDA:0,(anonymous_173)
FNDA:0,(anonymous_174)
FNDA:0,(anonymous_175)
FNDA:0,(anonymous_176)
FNDA:0,(anonymous_177)
FNDA:0,(anonymous_178)
FNDA:0,(anonymous_179)
DA:3,0
DA:4,0
DA:5,0
DA:6,0
DA:18,0
DA:395,0
DA:396,0
DA:397,0
DA:398,0
DA:399,0
DA:400,0
DA:401,0
DA:402,0
DA:403,0
DA:404,0
DA:405,0
DA:406,0
DA:407,0
DA:408,0
DA:409,0
DA:410,0
DA:411,0
DA:412,0
DA:413,0
DA:414,0
DA:415,0
DA:416,0
DA:417,0
DA:418,0
DA:419,0
DA:420,0
DA:421,0
DA:422,0
DA:423,0
DA:424,0
DA:425,0
DA:426,0
DA:427,0
DA:428,0
DA:431,0
DA:432,0
DA:433,0
DA:434,0
DA:435,0
DA:436,0
DA:437,0
DA:438,0
DA:442,0
DA:453,0
DA:460,0
DA:466,0
DA:472,0
DA:478,0
DA:484,0
DA:499,0
DA:504,0
DA:509,0
DA:514,0
DA:522,0
DA:529,0
DA:626,0
DA:678,0
DA:679,0
DA:680,0
DA:681,0
DA:683,0
DA:684,0
DA:687,0
DA:693,0
DA:699,0
DA:705,0
DA:711,0
DA:718,0
DA:725,0
DA:733,0
DA:740,0
DA:748,0
DA:778,0
DA:784,0
DA:790,0
DA:796,0
DA:802,0
DA:808,0
DA:814,0
DA:870,0
DA:871,0
DA:872,0
DA:874,0
DA:878,0
DA:879,0
DA:880,0
DA:881,0
DA:883,0
DA:888,0
DA:889,0
DA:893,0
DA:894,0
DA:896,0
DA:897,0
DA:898,0
DA:940,0
DA:958,0
DA:981,0
DA:987,0
DA:999,0
DA:1006,0
DA:1013,0
DA:1020,0
DA:1032,0
DA:1033,0
DA:1034,0
DA:1051,0
DA:1053,0
DA:1054,0
DA:1078,0
DA:1092,0
DA:1094,0
DA:1117,0
DA:1123,0
DA:1124,0
DA:1147,0
DA:1170,0
DA:1171,0
DA:1196,0
DA:1245,0
DA:1273,0
DA:1274,0
DA:1283,0
DA:1284,0
DA:1315,0
DA:1323,0
DA:1336,0
DA:1340,0
DA:1375,0
DA:1415,0
DA:1471,0
DA:1499,0
DA:1540,0
DA:1583,0
DA:1618,0
DA:1660,0
DA:1666,0
DA:1676,0
DA:1679,0
DA:1680,0
DA:1688,0
DA:1689,0
DA:1698,0
DA:1720,0
DA:1732,0
DA:1760,0
DA:1843,0
DA:1851,0
DA:1874,0
DA:1893,0
DA:1901,0
DA:1935,0
DA:1943,0
DA:1984,0
DA:2024,0
DA:2051,0
DA:2064,0
DA:2116,0
DA:2124,0
DA:2163,0
DA:2217,0
DA:2231,0
DA:2232,0
DA:2241,0
DA:2269,0
DA:2320,0
DA:2362,0
DA:2407,0
DA:2443,0
DA:2472,0
DA:2493,0
DA:2521,0
DA:2531,0
DA:2543,0
DA:2544,0
DA:2545,0
DA:2546,0
DA:2547,0
DA:2550,0
DA:2553,0
DA:2554,0
DA:2555,0
DA:2563,0
DA:2569,0
DA:2614,0
DA:2620,0
DA:2632,0
DA:2638,0
DA:2649,0
DA:2650,0
DA:2698,0
DA:2699,0
DA:2742,0
DA:2743,0
DA:2780,0
DA:2790,0
DA:2797,0
DA:2804,0
DA:2815,0
DA:2816,0
DA:2817,0
DA:2818,0
DA:2819,0
DA:2821,0
DA:2875,0
DA:2912,0
DA:2920,0
DA:2923,0
DA:2950,0
DA:2951,0
DA:2953,0
DA:2955,0
DA:2957,0
DA:2959,0
DA:2961,0
DA:2963,0
DA:2965,0
DA:2967,0
DA:2969,0
DA:2971,0
DA:2973,0
DA:2975,0
DA:2977,0
DA:2979,0
DA:2981,0
DA:2983,0
DA:2985,0
DA:3008,0
DA:3016,0
DA:3047,0
DA:3055,0
DA:3089,0
DA:3097,0
DA:3137,0
DA:3145,0
DA:3191,0
DA:3199,0
DA:3222,0
DA:3223,0
DA:3227,0
DA:3228,0
DA:3237,0
DA:3242,0
DA:3263,0
DA:3264,0
DA:3265,0
DA:3274,0
DA:3275,0
DA:3276,0
DA:3296,0
DA:3307,0
DA:3308,0
DA:3309,0
DA:3323,0
DA:3324,0
DA:3333,0
DA:3334,0
DA:3373,0
DA:3374,0
DA:3377,0
DA:3428,0
DA:3436,0
DA:3502,0
DA:3510,0
DA:3567,0
DA:3575,0
DA:3594,0
DA:3639,0
DA:3647,0
DA:3648,0
DA:3667,0
DA:3745,0
DA:3753,0
DA:3772,0
DA:3773,0
DA:3790,0
DA:3795,0
DA:3801,0
DA:3816,0
DA:3817,0
DA:3841,0
DA:3856,0
DA:3866,0
DA:3875,0
DA:3890,0
DA:3893,0
DA:3894,0
DA:3895,0
DA:3896,0
DA:3913,0
DA:3921,0
DA:3922,0
DA:3923,0
DA:3927,0
DA:3939,0
DA:3940,0
DA:3941,0
DA:3942,0
DA:3943,0
DA:3944,0
DA:3958,0
LF:306
LH:0
BRDA:382,0,0,0
BRDA:383,1,0,0
BRDA:383,1,1,0
BRDA:680,2,0,0
BRDA:680,2,1,0
BRDA:871,3,0,0
BRDA:871,3,1,0
BRDA:880,4,0,0
BRDA:880,4,1,0
BRDA:889,5,0,0
BRDA:889,5,1,0
BRDA:894,6,0,0
BRDA:894,6,1,0
BRDA:1039,7,0,0
BRDA:1039,7,1,0
BRDA:1040,8,0,0
BRDA:1040,8,1,0
BRDA:1041,9,0,0
BRDA:1041,9,1,0
BRDA:1042,10,0,0
BRDA:1042,10,1,0
BRDA:1060,11,0,0
BRDA:1092,12,0,0
BRDA:1092,12,1,0
BRDA:1103,13,0,0
BRDA:1103,13,1,0
BRDA:1104,14,0,0
BRDA:1104,14,1,0
BRDA:1105,15,0,0
BRDA:1105,15,1,0
BRDA:1106,16,0,0
BRDA:1106,16,1,0
BRDA:1116,17,0,0
BRDA:1128,18,0,0
BRDA:1128,18,1,0
BRDA:1155,19,0,0
BRDA:1155,19,1,0
BRDA:1156,20,0,0
BRDA:1156,20,1,0
BRDA:1170,21,0,0
BRDA:1170,21,1,0
BRDA:1177,22,0,0
BRDA:1177,22,1,0
BRDA:1178,23,0,0
BRDA:1178,23,1,0
BRDA:1200,24,0,0
BRDA:1200,24,1,0
BRDA:1201,25,0,0
BRDA:1201,25,1,0
BRDA:1227,26,0,0
BRDA:1227,26,1,0
BRDA:1228,27,0,0
BRDA:1228,27,1,0
BRDA:1252,28,0,0
BRDA:1252,28,1,0
BRDA:1253,29,0,0
BRDA:1253,29,1,0
BRDA:1254,30,0,0
BRDA:1254,30,1,0
BRDA:1266,31,0,0
BRDA:1280,32,0,0
BRDA:1291,33,0,0
BRDA:1382,34,0,0
BRDA:1382,34,1,0
BRDA:1383,35,0,0
BRDA:1383,35,1,0
BRDA:1397,36,0,0
BRDA:1397,36,1,0
BRDA:1398,37,0,0
BRDA:1398,37,1,0
BRDA:1423,38,0,0
BRDA:1423,38,1,0
BRDA:1424,39,0,0
BRDA:1424,39,1,0
BRDA:1425,40,0,0
BRDA:1425,40,1,0
BRDA:1431,41,0,0
BRDA:1431,41,1,0
BRDA:1432,42,0,0
BRDA:1432,42,1,0
BRDA:1433,43,0,0
BRDA:1433,43,1,0
BRDA:1446,44,0,0
BRDA:1446,44,1,0
BRDA:1447,45,0,0
BRDA:1447,45,1,0
BRDA:1478,46,0,0
BRDA:1478,46,1,0
BRDA:1479,47,0,0
BRDA:1479,47,1,0
BRDA:1480,48,0,0
BRDA:1480,48,1,0
BRDA:1502,49,0,0
BRDA:1506,50,0,0
BRDA:1506,50,1,0
BRDA:1548,51,0,0
BRDA:1548,51,1,0
BRDA:1549,52,0,0
BRDA:1549,52,1,0
BRDA:1555,53,0,0
BRDA:1555,53,1,0
BRDA:1556,54,0,0
BRDA:1556,54,1,0
BRDA:1590,55,0,0
BRDA:1590,55,1,0
BRDA:1591,56,0,0
BRDA:1591,56,1,0
BRDA:1604,57,0,0
BRDA:1625,58,0,0
BRDA:1625,58,1,0
BRDA:1626,59,0,0
BRDA:1626,59,1,0
BRDA:1699,60,0,0
BRDA:1699,60,1,0
BRDA:1702,61,0,0
BRDA:1733,62,0,0
BRDA:1733,62,1,0
BRDA:1736,63,0,0
BRDA:1858,64,0,0
BRDA:1858,64,1,0
BRDA:1859,65,0,0
BRDA:1859,65,1,0
BRDA:1860,66,0,0
BRDA:1860,66,1,0
BRDA:1873,67,0,0
BRDA:1872,68,0,0
BRDA:1872,68,1,0
BRDA:1908,69,0,0
BRDA:1908,69,1,0
BRDA:1950,70,0,0
BRDA:1950,70,1,0
BRDA:1951,71,0,0
BRDA:1951,71,1,0
BRDA:1952,72,0,0
BRDA:1952,72,1,0
BRDA:1972,73,0,0
BRDA:1991,74,0,0
BRDA:1991,74,1,0
BRDA:1992,75,0,0
BRDA:1992,75,1,0
BRDA:2031,76,0,0
BRDA:2031,76,1,0
BRDA:2032,77,0,0
BRDA:2032,77,1,0
BRDA:2047,78,0,0
BRDA:2047,78,1,0
BRDA:2074,79,0,0
BRDA:2074,79,1,0
BRDA:2075,80,0,0
BRDA:2075,80,1,0
BRDA:2090,81,0,0
BRDA:2090,81,1,0
BRDA:2091,82,0,0
BRDA:2091,82,1,0
BRDA:2131,83,0,0
BRDA:2131,83,1,0
BRDA:2132,84,0,0
BRDA:2132,84,1,0
BRDA:2145,85,0,0
BRDA:2145,85,1,0
BRDA:2146,86,0,0
BRDA:2146,86,1,0
BRDA:2147,87,0,0
BRDA:2147,87,1,0
BRDA:2171,88,0,0
BRDA:2173,89,0,0
BRDA:2186,90,0,0
BRDA:2186,90,1,0
BRDA:2195,91,0,0
BRDA:2195,91,1,0
BRDA:2222,92,0,0
BRDA:2222,92,1,0
BRDA:2223,93,0,0
BRDA:2223,93,1,0
BRDA:2244,94,0,0
BRDA:2247,95,0,0
BRDA:2247,95,1,0
BRDA:2248,96,0,0
BRDA:2248,96,1,0
BRDA:2249,97,0,0
BRDA:2249,97,1,0
BRDA:2276,98,0,0
BRDA:2276,98,1,0
BRDA:2277,99,0,0
BRDA:2277,99,1,0
BRDA:2294,100,0,0
BRDA:2294,100,1,0
BRDA:2295,101,0,0
BRDA:2295,101,1,0
BRDA:2298,102,0,0
BRDA:2298,102,1,0
BRDA:2299,103,0,0
BRDA:2299,103,1,0
BRDA:2327,104,0,0
BRDA:2327,104,1,0
BRDA:2328,105,0,0
BRDA:2328,105,1,0
BRDA:2345,106,0,0
BRDA:2345,106,1,0
BRDA:2346,107,0,0
BRDA:2346,107,1,0
BRDA:2347,108,0,0
BRDA:2347,108,1,0
BRDA:2369,109,0,0
BRDA:2369,109,1,0
BRDA:2370,110,0,0
BRDA:2370,110,1,0
BRDA:2371,111,0,0
BRDA:2371,111,1,0
BRDA:2388,112,0,0
BRDA:2388,112,1,0
BRDA:2389,113,0,0
BRDA:2389,113,1,0
BRDA:2390,114,0,0
BRDA:2390,114,1,0
BRDA:2414,115,0,0
BRDA:2414,115,1,0
BRDA:2415,116,0,0
BRDA:2415,116,1,0
BRDA:2418,117,0,0
BRDA:2418,117,1,0
BRDA:2419,118,0,0
BRDA:2419,118,1,0
BRDA:2450,119,0,0
BRDA:2450,119,1,0
BRDA:2451,120,0,0
BRDA:2451,120,1,0
BRDA:2467,121,0,0
BRDA:2500,122,0,0
BRDA:2500,122,1,0
BRDA:2501,123,0,0
BRDA:2501,123,1,0
BRDA:2516,124,0,0
BRDA:2526,125,0,0
BRDA:2545,126,0,0
BRDA:2545,126,1,0
BRDA:2546,127,0,0
BRDA:2546,127,1,0
BRDA:2547,128,0,0
BRDA:2547,128,1,0
BRDA:2547,128,2,0
BRDA:2550,129,0,0
BRDA:2550,129,1,0
BRDA:2550,129,2,0
BRDA:2589,130,0,0
BRDA:2589,130,1,0
BRDA:2590,131,0,0
BRDA:2590,131,1,0
BRDA:2667,132,0,0
BRDA:2667,132,1,0
BRDA:2667,133,0,0
BRDA:2667,133,1,0
BRDA:2700,134,0,0
BRDA:2700,134,1,0
BRDA:2717,135,0,0
BRDA:2717,135,1,0
BRDA:2718,136,0,0
BRDA:2718,136,1,0
BRDA:2719,137,0,0
BRDA:2719,137,1,0
BRDA:2720,138,0,0
BRDA:2720,138,1,0
BRDA:2728,139,0,0
BRDA:2797,140,0,0
BRDA:2797,140,1,0
BRDA:2819,141,0,0
BRDA:2819,141,1,0
BRDA:2828,142,0,0
BRDA:2828,142,1,0
BRDA:2829,143,0,0
BRDA:2829,143,1,0
BRDA:2830,144,0,0
BRDA:2830,144,1,0
BRDA:2836,145,0,0
BRDA:2836,145,1,0
BRDA:2837,146,0,0
BRDA:2837,146,1,0
BRDA:2838,147,0,0
BRDA:2838,147,1,0
BRDA:2839,148,0,0
BRDA:2839,148,1,0
BRDA:2852,149,0,0
BRDA:2870,150,0,0
BRDA:2870,150,1,0
BRDA:2895,151,0,0
BRDA:2930,152,0,0
BRDA:2932,153,0,0
BRDA:2932,153,1,0
BRDA:2934,154,0,0
BRDA:2934,154,1,0
BRDA:2951,155,0,0
BRDA:2951,155,1,0
BRDA:2951,155,2,0
BRDA:2951,155,3,0
BRDA:2951,155,4,0
BRDA:2951,155,5,0
BRDA:2951,155,6,0
BRDA:2951,155,7,0
BRDA:2951,155,8,0
BRDA:2951,155,9,0
BRDA:2951,155,10,0
BRDA:2951,155,11,0
BRDA:2951,155,12,0
BRDA:2951,155,13,0
BRDA:2951,155,14,0
BRDA:2951,155,15,0
BRDA:2951,155,16,0
BRDA:2992,156,0,0
BRDA:3028,157,0,0
BRDA:3067,158,0,0
BRDA:3109,159,0,0
BRDA:3157,160,0,0
BRDA:3211,161,0,0
BRDA:3215,162,0,0
BRDA:3215,162,1,0
BRDA:3218,163,0,0
BRDA:3223,164,0,0
BRDA:3223,164,1,0
BRDA:3248,165,0,0
BRDA:3278,166,0,0
BRDA:3278,166,1,0
BRDA:3289,167,0,0
BRDA:3289,167,1,0
BRDA:3379,168,0,0
BRDA:3379,168,1,0
BRDA:3397,169,0,0
BRDA:3448,170,0,0
BRDA:3522,171,0,0
BRDA:3588,172,0,0
BRDA:3588,172,1,0
BRDA:3619,173,0,0
BRDA:3619,173,1,0
BRDA:3620,174,0,0
BRDA:3620,174,1,0
BRDA:3621,175,0,0
BRDA:3621,175,1,0
BRDA:3644,176,0,0
BRDA:3661,177,0,0
BRDA:3661,177,1,0
BRDA:3765,178,0,0
BRDA:3765,178,1,0
BRDA:3799,179,0,0
BRDA:3799,179,1,0
BRDA:3800,180,0,0
BRDA:3800,180,1,0
BRDA:3835,181,0,0
BRDA:3894,182,0,0
BRDA:3894,182,1,0
BRDA:3900,183,0,0
BRDA:3900,183,1,0
BRDA:3921,184,0,0
BRDA:3921,184,1,0
BRDA:3921,185,0,0
BRDA:3921,185,1,0
BRDA:3921,185,2,0
BRDA:3921,185,3,0
BRF:356
BRH:0
end_of_record
TN:
SF:src\components\AdvancedAnalytics.tsx
FN:26,(anonymous_4)
FN:30,(anonymous_5)
FN:56,(anonymous_6)
FN:70,(anonymous_7)
FN:76,(anonymous_8)
FN:114,(anonymous_9)
FN:129,(anonymous_10)
FN:147,(anonymous_11)
FN:150,(anonymous_12)
FN:169,(anonymous_13)
FN:172,(anonymous_14)
FN:191,(anonymous_15)
FN:209,(anonymous_16)
FN:220,(anonymous_17)
FN:252,(anonymous_18)
FN:262,(anonymous_19)
FN:286,(anonymous_20)
FN:292,(anonymous_21)
FN:298,(anonymous_22)
FN:329,(anonymous_23)
FN:343,(anonymous_24)
FNF:21
FNH:0
FNDA:0,(anonymous_4)
FNDA:0,(anonymous_5)
FNDA:0,(anonymous_6)
FNDA:0,(anonymous_7)
FNDA:0,(anonymous_8)
FNDA:0,(anonymous_9)
FNDA:0,(anonymous_10)
FNDA:0,(anonymous_11)
FNDA:0,(anonymous_12)
FNDA:0,(anonymous_13)
FNDA:0,(anonymous_14)
FNDA:0,(anonymous_15)
FNDA:0,(anonymous_16)
FNDA:0,(anonymous_17)
FNDA:0,(anonymous_18)
FNDA:0,(anonymous_19)
FNDA:0,(anonymous_20)
FNDA:0,(anonymous_21)
FNDA:0,(anonymous_22)
FNDA:0,(anonymous_23)
FNDA:0,(anonymous_24)
DA:3,0
DA:5,0
DA:22,0
DA:23,0
DA:25,0
DA:26,0
DA:29,0
DA:56,0
DA:57,0
DA:58,0
DA:60,0
DA:61,0
DA:62,0
DA:63,0
DA:64,0
DA:65,0
DA:68,0
DA:70,0
DA:71,0
DA:72,0
DA:76,0
DA:77,0
DA:78,0
DA:80,0
DA:81,0
DA:83,0
DA:85,0
DA:86,0
DA:88,0
DA:89,0
DA:91,0
DA:92,0
DA:94,0
DA:95,0
DA:99,0
DA:100,0
DA:103,0
DA:104,0
DA:106,0
DA:108,0
DA:110,0
DA:114,0
DA:116,0
DA:117,0
DA:118,0
DA:119,0
DA:121,0
DA:129,0
DA:130,0
DA:131,0
DA:133,0
DA:147,0
DA:149,0
DA:151,0
DA:152,0
DA:157,0
DA:169,0
DA:171,0
DA:173,0
DA:174,0
DA:179,0
DA:191,0
DA:192,0
DA:193,0
DA:195,0
DA:209,0
DA:210,0
DA:214,0
DA:220,0
DA:221,0
DA:224,0
DA:252,0
DA:262,0
DA:286,0
DA:292,0
DA:298,0
DA:329,0
DA:344,0
DA:481,0
LF:79
LH:0
BRDA:71,0,0,0
BRDA:71,0,1,0
BRDA:83,1,0,0
BRDA:83,1,1,0
BRDA:83,1,2,0
BRDA:83,1,3,0
BRDA:149,2,0,0
BRDA:149,2,1,0
BRDA:151,3,0,0
BRDA:151,3,1,0
BRDA:171,4,0,0
BRDA:171,4,1,0
BRDA:173,5,0,0
BRDA:173,5,1,0
BRDA:224,6,0,0
BRDA:224,6,1,0
BRDA:276,7,0,0
BRDA:276,7,1,0
BRDA:321,8,0,0
BRDA:321,8,1,0
BRDA:329,9,0,0
BRDA:329,9,1,0
BRDA:362,10,0,0
BRDA:366,11,0,0
BRDA:366,11,1,0
BRDA:367,12,0,0
BRDA:367,12,1,0
BRF:27
BRH:0
end_of_record
TN:
SF:src\components\AdvancedProjectManagement.tsx
FN:103,(anonymous_4)
FN:122,(anonymous_5)
FN:411,(anonymous_6)
FN:428,(anonymous_7)
FN:444,(anonymous_8)
FN:447,(anonymous_9)
FN:461,(anonymous_10)
FN:475,(anonymous_11)
FN:513,(anonymous_12)
FN:541,(anonymous_13)
FN:570,(anonymous_14)
FN:573,(anonymous_15)
FN:582,(anonymous_16)
FN:586,(anonymous_17)
FN:587,(anonymous_18)
FN:588,(anonymous_19)
FN:598,(anonymous_20)
FN:602,(anonymous_21)
FN:624,(anonymous_22)
FN:634,(anonymous_23)
FN:643,(anonymous_24)
FN:644,(anonymous_25)
FN:656,(anonymous_26)
FN:676,(anonymous_27)
FN:690,(anonymous_28)
FN:715,(anonymous_29)
FN:762,(anonymous_30)
FN:860,(anonymous_31)
FN:865,(anonymous_32)
FN:888,(anonymous_33)
FN:899,(anonymous_34)
FN:903,(anonymous_35)
FN:914,(anonymous_36)
FN:944,(anonymous_37)
FN:945,(anonymous_38)
FN:963,(anonymous_39)
FN:985,(anonymous_40)
FN:993,(anonymous_41)
FN:1016,(anonymous_42)
FN:1038,(anonymous_43)
FN:1046,(anonymous_44)
FN:1068,(anonymous_45)
FN:1081,(anonymous_46)
FN:1082,(anonymous_47)
FN:1115,(anonymous_48)
FN:1126,(anonymous_49)
FN:1136,(anonymous_50)
FN:1148,(anonymous_51)
FN:1163,(anonymous_52)
FN:1176,(anonymous_53)
FN:1186,(anonymous_54)
FN:1197,(anonymous_55)
FN:1198,(anonymous_56)
FN:1204,(anonymous_57)
FN:1216,(anonymous_58)
FN:1239,(anonymous_59)
FN:1277,(anonymous_60)
FN:1283,(anonymous_61)
FN:1312,(anonymous_62)
FN:1363,(anonymous_63)
FN:1369,(anonymous_64)
FN:1400,(anonymous_65)
FN:1416,(anonymous_66)
FN:1431,(anonymous_67)
FN:1449,(anonymous_68)
FN:1462,(anonymous_69)
FN:1467,(anonymous_70)
FN:1468,(anonymous_71)
FN:1486,(anonymous_72)
FN:1492,(anonymous_73)
FNF:70
FNH:0
FNDA:0,(anonymous_4)
FNDA:0,(anonymous_5)
FNDA:0,(anonymous_6)
FNDA:0,(anonymous_7)
FNDA:0,(anonymous_8)
FNDA:0,(anonymous_9)
FNDA:0,(anonymous_10)
FNDA:0,(anonymous_11)
FNDA:0,(anonymous_12)
FNDA:0,(anonymous_13)
FNDA:0,(anonymous_14)
FNDA:0,(anonymous_15)
FNDA:0,(anonymous_16)
FNDA:0,(anonymous_17)
FNDA:0,(anonymous_18)
FNDA:0,(anonymous_19)
FNDA:0,(anonymous_20)
FNDA:0,(anonymous_21)
FNDA:0,(anonymous_22)
FNDA:0,(anonymous_23)
FNDA:0,(anonymous_24)
FNDA:0,(anonymous_25)
FNDA:0,(anonymous_26)
FNDA:0,(anonymous_27)
FNDA:0,(anonymous_28)
FNDA:0,(anonymous_29)
FNDA:0,(anonymous_30)
FNDA:0,(anonymous_31)
FNDA:0,(anonymous_32)
FNDA:0,(anonymous_33)
FNDA:0,(anonymous_34)
FNDA:0,(anonymous_35)
FNDA:0,(anonymous_36)
FNDA:0,(anonymous_37)
FNDA:0,(anonymous_38)
FNDA:0,(anonymous_39)
FNDA:0,(anonymous_40)
FNDA:0,(anonymous_41)
FNDA:0,(anonymous_42)
FNDA:0,(anonymous_43)
FNDA:0,(anonymous_44)
FNDA:0,(anonymous_45)
FNDA:0,(anonymous_46)
FNDA:0,(anonymous_47)
FNDA:0,(anonymous_48)
FNDA:0,(anonymous_49)
FNDA:0,(anonymous_50)
FNDA:0,(anonymous_51)
FNDA:0,(anonymous_52)
FNDA:0,(anonymous_53)
FNDA:0,(anonymous_54)
FNDA:0,(anonymous_55)
FNDA:0,(anonymous_56)
FNDA:0,(anonymous_57)
FNDA:0,(anonymous_58)
FNDA:0,(anonymous_59)
FNDA:0,(anonymous_60)
FNDA:0,(anonymous_61)
FNDA:0,(anonymous_62)
FNDA:0,(anonymous_63)
FNDA:0,(anonymous_64)
FNDA:0,(anonymous_65)
FNDA:0,(anonymous_66)
FNDA:0,(anonymous_67)
FNDA:0,(anonymous_68)
FNDA:0,(anonymous_69)
FNDA:0,(anonymous_70)
FNDA:0,(anonymous_71)
FNDA:0,(anonymous_72)
FNDA:0,(anonymous_73)
DA:3,0
DA:18,0
DA:19,0
DA:103,0
DA:107,0
DA:108,0
DA:109,0
DA:110,0
DA:111,0
DA:112,0
DA:113,0
DA:114,0
DA:115,0
DA:116,0
DA:117,0
DA:118,0
DA:119,0
DA:122,0
DA:123,0
DA:408,0
DA:411,0
DA:412,0
DA:414,0
DA:416,0
DA:418,0
DA:420,0
DA:422,0
DA:424,0
DA:428,0
DA:429,0
DA:431,0
DA:433,0
DA:435,0
DA:437,0
DA:439,0
DA:443,0
DA:445,0
DA:447,0
DA:449,0
DA:450,0
DA:452,0
DA:453,0
DA:456,0
DA:461,0
DA:462,0
DA:472,0
DA:475,0
DA:476,0
DA:478,0
DA:497,0
DA:502,0
DA:503,0
DA:504,0
DA:506,0
DA:507,0
DA:510,0
DA:513,0
DA:514,0
DA:516,0
DA:526,0
DA:531,0
DA:533,0
DA:534,0
DA:537,0
DA:538,0
DA:541,0
DA:542,0
DA:544,0
DA:555,0
DA:560,0
DA:562,0
DA:563,0
DA:566,0
DA:567,0
DA:570,0
DA:571,0
DA:573,0
DA:574,0
DA:576,0
DA:577,0
DA:578,0
DA:582,0
DA:583,0
DA:585,0
DA:586,0
DA:587,0
DA:588,0
DA:589,0
DA:590,0
DA:591,0
DA:592,0
DA:594,0
DA:598,0
DA:599,0
DA:600,0
DA:602,0
DA:603,0
DA:604,0
DA:608,0
DA:609,0
DA:611,0
DA:624,0
DA:626,0
DA:634,0
DA:635,0
DA:643,0
DA:644,0
DA:645,0
DA:648,0
DA:656,0
DA:657,0
DA:658,0
DA:659,0
DA:660,0
DA:662,0
DA:677,0
DA:678,0
DA:691,0
DA:692,0
DA:715,0
DA:731,0
DA:762,0
DA:861,0
DA:862,0
DA:865,0
DA:888,0
DA:899,0
DA:904,0
DA:915,0
DA:945,0
DA:946,0
DA:963,0
DA:985,0
DA:994,0
DA:1017,0
DA:1038,0
DA:1047,0
DA:1069,0
DA:1082,0
DA:1083,0
DA:1115,0
DA:1126,0
DA:1136,0
DA:1148,0
DA:1163,0
DA:1176,0
DA:1186,0
DA:1198,0
DA:1199,0
DA:1205,0
DA:1216,0
DA:1239,0
DA:1277,0
DA:1284,0
DA:1285,0
DA:1286,0
DA:1288,0
DA:1289,0
DA:1294,0
DA:1312,0
DA:1363,0
DA:1370,0
DA:1371,0
DA:1372,0
DA:1373,0
DA:1375,0
DA:1376,0
DA:1382,0
DA:1400,0
DA:1416,0
DA:1431,0
DA:1449,0
DA:1463,0
DA:1468,0
DA:1469,0
DA:1471,0
DA:1486,0
DA:1493,0
DA:1494,0
DA:1508,0
LF:180
LH:0
BRDA:104,0,0,0
BRDA:412,1,0,0
BRDA:412,1,1,0
BRDA:412,1,2,0
BRDA:412,1,3,0
BRDA:412,1,4,0
BRDA:412,1,5,0
BRDA:429,2,0,0
BRDA:429,2,1,0
BRDA:429,2,2,0
BRDA:429,2,3,0
BRDA:429,2,4,0
BRDA:445,3,0,0
BRDA:445,3,1,0
BRDA:447,4,0,0
BRDA:447,4,1,0
BRDA:452,5,0,0
BRDA:452,5,1,0
BRDA:476,6,0,0
BRDA:476,6,1,0
BRDA:476,7,0,0
BRDA:476,7,1,0
BRDA:480,8,0,0
BRDA:480,8,1,0
BRDA:481,9,0,0
BRDA:481,9,1,0
BRDA:482,10,0,0
BRDA:482,10,1,0
BRDA:483,11,0,0
BRDA:483,11,1,0
BRDA:484,12,0,0
BRDA:484,12,1,0
BRDA:485,13,0,0
BRDA:485,13,1,0
BRDA:486,14,0,0
BRDA:486,14,1,0
BRDA:488,15,0,0
BRDA:488,15,1,0
BRDA:506,16,0,0
BRDA:506,16,1,0
BRDA:514,17,0,0
BRDA:514,17,1,0
BRDA:518,18,0,0
BRDA:518,18,1,0
BRDA:519,19,0,0
BRDA:519,19,1,0
BRDA:520,20,0,0
BRDA:520,20,1,0
BRDA:533,21,0,0
BRDA:533,21,1,0
BRDA:542,22,0,0
BRDA:542,22,1,0
BRDA:546,23,0,0
BRDA:546,23,1,0
BRDA:547,24,0,0
BRDA:547,24,1,0
BRDA:548,25,0,0
BRDA:548,25,1,0
BRDA:549,26,0,0
BRDA:549,26,1,0
BRDA:562,27,0,0
BRDA:562,27,1,0
BRDA:571,28,0,0
BRDA:571,28,1,0
BRDA:571,29,0,0
BRDA:571,29,1,0
BRDA:571,29,2,0
BRDA:574,30,0,0
BRDA:574,30,1,0
BRDA:576,31,0,0
BRDA:576,31,1,0
BRDA:577,32,0,0
BRDA:577,32,1,0
BRDA:577,32,2,0
BRDA:577,32,3,0
BRDA:578,33,0,0
BRDA:578,33,1,0
BRDA:583,34,0,0
BRDA:583,34,1,0
BRDA:583,35,0,0
BRDA:583,35,1,0
BRDA:592,36,0,0
BRDA:592,36,1,0
BRDA:599,37,0,0
BRDA:599,37,1,0
BRDA:603,38,0,0
BRDA:603,38,1,0
BRDA:608,39,0,0
BRDA:608,39,1,0
BRDA:609,40,0,0
BRDA:609,40,1,0
BRDA:620,41,0,0
BRDA:620,41,1,0
BRDA:620,42,0,0
BRDA:620,42,1,0
BRDA:626,43,0,0
BRDA:626,43,1,0
BRDA:626,44,0,0
BRDA:626,44,1,0
BRDA:634,45,0,0
BRDA:634,45,1,0
BRDA:635,46,0,0
BRDA:635,46,1,0
BRDA:648,47,0,0
BRDA:648,47,1,0
BRDA:648,48,0,0
BRDA:648,48,1,0
BRDA:697,49,0,0
BRDA:706,50,0,0
BRDA:706,50,1,0
BRDA:708,51,0,0
BRDA:708,51,1,0
BRDA:710,52,0,0
BRDA:710,52,1,0
BRDA:731,53,0,0
BRDA:731,53,1,0
BRDA:781,54,0,0
BRDA:817,55,0,0
BRDA:867,56,0,0
BRDA:867,56,1,0
BRDA:881,57,0,0
BRDA:903,58,0,0
BRDA:903,58,1,0
BRDA:903,58,2,0
BRDA:912,59,0,0
BRDA:943,60,0,0
BRDA:943,60,1,0
BRDA:943,61,0,0
BRDA:943,61,1,0
BRDA:946,62,0,0
BRDA:946,62,1,0
BRDA:976,63,0,0
BRDA:980,64,0,0
BRDA:993,65,0,0
BRDA:993,65,1,0
BRDA:993,65,2,0
BRDA:1002,66,0,0
BRDA:1002,66,1,0
BRDA:1004,67,0,0
BRDA:1004,67,1,0
BRDA:1033,68,0,0
BRDA:1046,69,0,0
BRDA:1046,69,1,0
BRDA:1046,69,2,0
BRDA:1068,70,0,0
BRDA:1068,70,1,0
BRDA:1068,70,2,0
BRDA:1078,71,0,0
BRDA:1078,71,1,0
BRDA:1078,72,0,0
BRDA:1078,72,1,0
BRDA:1081,73,0,0
BRDA:1081,73,1,0
BRDA:1081,73,2,0
BRDA:1083,74,0,0
BRDA:1083,74,1,0
BRDA:1100,75,0,0
BRDA:1103,76,0,0
BRDA:1103,76,1,0
BRDA:1110,77,0,0
BRDA:1125,78,0,0
BRDA:1125,78,1,0
BRDA:1135,79,0,0
BRDA:1135,79,1,0
BRDA:1147,80,0,0
BRDA:1147,80,1,0
BRDA:1162,81,0,0
BRDA:1162,81,1,0
BRDA:1175,82,0,0
BRDA:1175,82,1,0
BRDA:1185,83,0,0
BRDA:1185,83,1,0
BRDA:1196,84,0,0
BRDA:1196,84,1,0
BRDA:1204,85,0,0
BRDA:1204,85,1,0
BRDA:1204,85,2,0
BRDA:1234,86,0,0
BRDA:1288,87,0,0
BRDA:1288,87,1,0
BRDA:1288,88,0,0
BRDA:1288,88,1,0
BRDA:1307,89,0,0
BRDA:1375,90,0,0
BRDA:1375,90,1,0
BRDA:1375,91,0,0
BRDA:1375,91,1,0
BRDA:1380,92,0,0
BRDA:1380,92,1,0
BRDA:1395,93,0,0
BRDA:1462,94,0,0
BRDA:1462,94,1,0
BRDA:1462,94,2,0
BRDA:1469,95,0,0
BRDA:1469,95,1,0
BRDA:1475,96,0,0
BRDA:1475,96,1,0
BRF:197
BRH:0
end_of_record
TN:
SF:src\components\AgentOnboarding.tsx
FN:102,(anonymous_4)
FN:329,(anonymous_5)
FN:334,(anonymous_6)
FN:354,(anonymous_7)
FN:366,(anonymous_8)
FN:374,(anonymous_9)
FN:382,(anonymous_10)
FN:386,(anonymous_11)
FN:387,(anonymous_12)
FN:387,(anonymous_13)
FN:395,(anonymous_14)
FN:397,(anonymous_15)
FN:397,(anonymous_16)
FN:401,(anonymous_17)
FN:406,(anonymous_18)
FN:407,(anonymous_19)
FN:410,(anonymous_20)
FN:411,(anonymous_21)
FN:412,(anonymous_22)
FN:413,(anonymous_23)
FN:414,(anonymous_24)
FN:419,(anonymous_25)
FN:425,(anonymous_26)
FN:449,(anonymous_28)
FN:479,(anonymous_29)
FN:524,(anonymous_31)
FN:537,(anonymous_32)
FN:550,(anonymous_33)
FN:563,(anonymous_34)
FN:576,(anonymous_35)
FN:589,(anonymous_36)
FN:602,(anonymous_37)
FN:615,(anonymous_38)
FN:640,(anonymous_39)
FN:646,(anonymous_40)
FN:661,(anonymous_41)
FN:670,(anonymous_42)
FN:692,(anonymous_44)
FN:695,(anonymous_45)
FN:705,(anonymous_46)
FN:713,(anonymous_47)
FN:723,(anonymous_48)
FN:765,(anonymous_49)
FN:776,(anonymous_50)
FN:798,(anonymous_52)
FN:802,(anonymous_53)
FN:802,(anonymous_54)
FN:808,(anonymous_55)
FN:822,(anonymous_56)
FN:822,(anonymous_57)
FN:832,(anonymous_58)
FN:880,(anonymous_59)
FN:881,(anonymous_60)
FN:919,(anonymous_61)
FN:926,(anonymous_62)
FN:1049,(anonymous_64)
FN:1054,(anonymous_65)
FN:1091,(anonymous_66)
FN:1103,(anonymous_67)
FN:1115,(anonymous_68)
FN:1122,(anonymous_69)
FN:1148,(anonymous_70)
FN:1154,(anonymous_71)
FN:1224,(anonymous_72)
FN:1250,(anonymous_73)
FN:1256,(anonymous_74)
FN:1327,(anonymous_75)
FN:1355,(anonymous_76)
FN:1362,(anonymous_77)
FN:1395,(anonymous_78)
FN:1409,(anonymous_79)
FN:1427,(anonymous_80)
FN:1441,(anonymous_81)
FN:1448,(anonymous_82)
FNF:74
FNH:0
FNDA:0,(anonymous_4)
FNDA:0,(anonymous_5)
FNDA:0,(anonymous_6)
FNDA:0,(anonymous_7)
FNDA:0,(anonymous_8)
FNDA:0,(anonymous_9)
FNDA:0,(anonymous_10)
FNDA:0,(anonymous_11)
FNDA:0,(anonymous_12)
FNDA:0,(anonymous_13)
FNDA:0,(anonymous_14)
FNDA:0,(anonymous_15)
FNDA:0,(anonymous_16)
FNDA:0,(anonymous_17)
FNDA:0,(anonymous_18)
FNDA:0,(anonymous_19)
FNDA:0,(anonymous_20)
FNDA:0,(anonymous_21)
FNDA:0,(anonymous_22)
FNDA:0,(anonymous_23)
FNDA:0,(anonymous_24)
FNDA:0,(anonymous_25)
FNDA:0,(anonymous_26)
FNDA:0,(anonymous_28)
FNDA:0,(anonymous_29)
FNDA:0,(anonymous_31)
FNDA:0,(anonymous_32)
FNDA:0,(anonymous_33)
FNDA:0,(anonymous_34)
FNDA:0,(anonymous_35)
FNDA:0,(anonymous_36)
FNDA:0,(anonymous_37)
FNDA:0,(anonymous_38)
FNDA:0,(anonymous_39)
FNDA:0,(anonymous_40)
FNDA:0,(anonymous_41)
FNDA:0,(anonymous_42)
FNDA:0,(anonymous_44)
FNDA:0,(anonymous_45)
FNDA:0,(anonymous_46)
FNDA:0,(anonymous_47)
FNDA:0,(anonymous_48)
FNDA:0,(anonymous_49)
FNDA:0,(anonymous_50)
FNDA:0,(anonymous_52)
FNDA:0,(anonymous_53)
FNDA:0,(anonymous_54)
FNDA:0,(anonymous_55)
FNDA:0,(anonymous_56)
FNDA:0,(anonymous_57)
FNDA:0,(anonymous_58)
FNDA:0,(anonymous_59)
FNDA:0,(anonymous_60)
FNDA:0,(anonymous_61)
FNDA:0,(anonymous_62)
FNDA:0,(anonymous_64)
FNDA:0,(anonymous_65)
FNDA:0,(anonymous_66)
FNDA:0,(anonymous_67)
FNDA:0,(anonymous_68)
FNDA:0,(anonymous_69)
FNDA:0,(anonymous_70)
FNDA:0,(anonymous_71)
FNDA:0,(anonymous_72)
FNDA:0,(anonymous_73)
FNDA:0,(anonymous_74)
FNDA:0,(anonymous_75)
FNDA:0,(anonymous_76)
FNDA:0,(anonymous_77)
FNDA:0,(anonymous_78)
FNDA:0,(anonymous_79)
FNDA:0,(anonymous_80)
FNDA:0,(anonymous_81)
FNDA:0,(anonymous_82)
DA:1,0
DA:30,0
DA:102,0
DA:103,0
DA:104,0
DA:105,0
DA:106,0
DA:107,0
DA:108,0
DA:109,0
DA:110,0
DA:111,0
DA:112,0
DA:113,0
DA:114,0
DA:115,0
DA:116,0
DA:117,0
DA:118,0
DA:119,0
DA:132,0
DA:165,0
DA:276,0
DA:329,0
DA:330,0
DA:331,0
DA:334,0
DA:335,0
DA:337,0
DA:347,0
DA:348,0
DA:349,0
DA:350,0
DA:351,0
DA:354,0
DA:355,0
DA:356,0
DA:357,0
DA:363,0
DA:366,0
DA:369,0
DA:374,0
DA:375,0
DA:382,0
DA:383,0
DA:386,0
DA:387,0
DA:388,0
DA:392,0
DA:395,0
DA:396,0
DA:397,0
DA:401,0
DA:406,0
DA:407,0
DA:410,0
DA:411,0
DA:412,0
DA:413,0
DA:414,0
DA:416,0
DA:419,0
DA:420,0
DA:421,0
DA:422,0
DA:425,0
DA:426,0
DA:433,0
DA:434,0
DA:449,0
DA:480,0
DA:524,0
DA:537,0
DA:550,0
DA:563,0
DA:576,0
DA:589,0
DA:602,0
DA:615,0
DA:640,0
DA:646,0
DA:661,0
DA:670,0
DA:692,0
DA:695,0
DA:706,0
DA:714,0
DA:715,0
DA:723,0
DA:766,0
DA:767,0
DA:776,0
DA:798,0
DA:802,0
DA:803,0
DA:808,0
DA:822,0
DA:823,0
DA:824,0
DA:833,0
DA:834,0
DA:881,0
DA:882,0
DA:919,0
DA:927,0
DA:928,0
DA:1050,0
DA:1051,0
DA:1054,0
DA:1091,0
DA:1103,0
DA:1115,0
DA:1122,0
DA:1148,0
DA:1155,0
DA:1156,0
DA:1157,0
DA:1224,0
DA:1250,0
DA:1257,0
DA:1258,0
DA:1259,0
DA:1327,0
DA:1355,0
DA:1363,0
DA:1364,0
DA:1395,0
DA:1409,0
DA:1427,0
DA:1441,0
DA:1448,0
DA:1463,0
LF:132
LH:0
BRDA:330,0,0,0
BRDA:330,0,1,0
BRDA:330,1,0,0
BRDA:330,1,1,0
BRDA:331,2,0,0
BRDA:331,2,1,0
BRDA:335,3,0,0
BRDA:335,3,1,0
BRDA:335,4,0,0
BRDA:335,4,1,0
BRDA:335,4,2,0
BRDA:355,5,0,0
BRDA:355,5,1,0
BRDA:388,6,0,0
BRDA:388,6,1,0
BRDA:396,7,0,0
BRDA:396,7,1,0
BRDA:407,8,0,0
BRDA:407,8,1,0
BRDA:414,9,0,0
BRDA:414,9,1,0
BRDA:414,9,2,0
BRDA:416,10,0,0
BRDA:416,10,1,0
BRDA:420,11,0,0
BRDA:420,11,1,0
BRDA:421,12,0,0
BRDA:421,12,1,0
BRDA:422,13,0,0
BRDA:422,13,1,0
BRDA:621,14,0,0
BRDA:621,14,1,0
BRDA:638,15,0,0
BRDA:638,15,1,0
BRDA:649,16,0,0
BRDA:659,17,0,0
BRDA:659,17,1,0
BRDA:735,18,0,0
BRDA:735,18,1,0
BRDA:736,19,0,0
BRDA:736,19,1,0
BRDA:737,20,0,0
BRDA:737,20,1,0
BRDA:742,21,0,0
BRDA:748,22,0,0
BRDA:774,23,0,0
BRDA:895,24,0,0
BRDA:895,24,1,0
BRDA:896,25,0,0
BRDA:896,25,1,0
BRDA:897,26,0,0
BRDA:897,26,1,0
BRDA:900,27,0,0
BRDA:901,28,0,0
BRDA:902,29,0,0
BRDA:903,30,0,0
BRDA:908,31,0,0
BRDA:908,31,1,0
BRDA:911,32,0,0
BRDA:911,32,1,0
BRDA:912,33,0,0
BRDA:912,33,1,0
BRDA:913,34,0,0
BRDA:913,34,1,0
BRDA:917,35,0,0
BRDA:1056,36,0,0
BRDA:1056,36,1,0
BRDA:1071,37,0,0
BRDA:1071,37,1,0
BRDA:1072,38,0,0
BRDA:1072,38,1,0
BRDA:1073,39,0,0
BRDA:1073,39,1,0
BRDA:1074,40,0,0
BRDA:1074,40,1,0
BRDA:1075,41,0,0
BRDA:1075,41,1,0
BRDA:1079,42,0,0
BRDA:1141,43,0,0
BRDA:1243,44,0,0
BRDA:1243,44,1,0
BRDA:1346,45,0,0
BRDA:1346,45,1,0
BRDA:1370,46,0,0
BRDA:1373,47,0,0
BRDA:1373,47,1,0
BRDA:1374,48,0,0
BRDA:1374,48,1,0
BRDA:1375,49,0,0
BRDA:1375,49,1,0
BRDA:1376,50,0,0
BRDA:1376,50,1,0
BRDA:1378,51,0,0
BRDA:1379,52,0,0
BRDA:1379,52,1,0
BRDA:1386,53,0,0
BRDA:1386,53,1,0
BRDA:1387,54,0,0
BRDA:1387,54,1,0
BRDA:1388,55,0,0
BRDA:1388,55,1,0
BRDA:1389,56,0,0
BRDA:1389,56,1,0
BRDA:1391,57,0,0
BRDA:1391,57,1,0
BRDA:1393,58,0,0
BRDA:1393,58,1,0
BRDA:1421,59,0,0
BRDA:1421,59,1,0
BRDA:1446,60,0,0
BRF:110
BRH:0
end_of_record
TN:
SF:src\components\AppWithProviders.tsx
FN:9,AppWithProviders
FNF:1
FNH:0
FNDA:0,AppWithProviders
DA:3,0
DA:4,0
DA:5,0
DA:6,0
DA:7,0
DA:9,0
LF:6
LH:0
BRF:0
BRH:0
end_of_record
TN:
SF:src\components\AutomatedNotificationSystem.tsx
FN:59,(anonymous_1)
FN:181,(anonymous_2)
FN:182,(anonymous_3)
FN:182,(anonymous_4)
FN:185,(anonymous_5)
FN:186,(anonymous_6)
FN:187,(anonymous_7)
FN:191,(anonymous_8)
FN:192,(anonymous_9)
FN:192,(anonymous_10)
FN:195,(anonymous_11)
FN:208,(anonymous_12)
FN:221,(anonymous_13)
FN:234,(anonymous_14)
FN:235,(anonymous_15)
FN:287,(anonymous_16)
FN:323,(anonymous_17)
FN:329,(anonymous_18)
FN:368,(anonymous_19)
FN:372,(anonymous_20)
FN:385,(anonymous_21)
FN:414,(anonymous_22)
FN:414,(anonymous_23)
FN:424,(anonymous_24)
FN:424,(anonymous_25)
FN:434,(anonymous_26)
FN:434,(anonymous_27)
FN:444,(anonymous_28)
FN:444,(anonymous_29)
FN:463,(anonymous_30)
FN:463,(anonymous_31)
FN:473,(anonymous_32)
FN:474,(anonymous_33)
FN:488,(anonymous_34)
FN:489,(anonymous_35)
FN:502,(anonymous_36)
FN:503,(anonymous_37)
FNF:37
FNH:0
FNDA:0,(anonymous_1)
FNDA:0,(anonymous_2)
FNDA:0,(anonymous_3)
FNDA:0,(anonymous_4)
FNDA:0,(anonymous_5)
FNDA:0,(anonymous_6)
FNDA:0,(anonymous_7)
FNDA:0,(anonymous_8)
FNDA:0,(anonymous_9)
FNDA:0,(anonymous_10)
FNDA:0,(anonymous_11)
FNDA:0,(anonymous_12)
FNDA:0,(anonymous_13)
FNDA:0,(anonymous_14)
FNDA:0,(anonymous_15)
FNDA:0,(anonymous_16)
FNDA:0,(anonymous_17)
FNDA:0,(anonymous_18)
FNDA:0,(anonymous_19)
FNDA:0,(anonymous_20)
FNDA:0,(anonymous_21)
FNDA:0,(anonymous_22)
FNDA:0,(anonymous_23)
FNDA:0,(anonymous_24)
FNDA:0,(anonymous_25)
FNDA:0,(anonymous_26)
FNDA:0,(anonymous_27)
FNDA:0,(anonymous_28)
FNDA:0,(anonymous_29)
FNDA:0,(anonymous_30)
FNDA:0,(anonymous_31)
FNDA:0,(anonymous_32)
FNDA:0,(anonymous_33)
FNDA:0,(anonymous_34)
FNDA:0,(anonymous_35)
FNDA:0,(anonymous_36)
FNDA:0,(anonymous_37)
DA:4,0
DA:5,0
DA:6,0
DA:7,0
DA:8,0
DA:9,0
DA:22,0
DA:59,0
DA:60,0
DA:62,0
DA:75,0
DA:128,0
DA:181,0
DA:182,0
DA:185,0
DA:186,0
DA:187,0
DA:191,0
DA:192,0
DA:195,0
DA:196,0
DA:208,0
DA:209,0
DA:211,0
DA:213,0
DA:215,0
DA:217,0
DA:221,0
DA:222,0
DA:234,0
DA:235,0
DA:287,0
DA:324,0
DA:329,0
DA:369,0
DA:372,0
DA:386,0
DA:414,0
DA:424,0
DA:434,0
DA:444,0
DA:463,0
DA:474,0
DA:489,0
DA:503,0
DA:522,0
LF:46
LH:0
BRDA:182,0,0,0
BRDA:182,0,1,0
BRDA:187,1,0,0
BRDA:187,1,1,0
BRDA:209,2,0,0
BRDA:209,2,1,0
BRDA:209,2,2,0
BRDA:209,2,3,0
BRDA:235,3,0,0
BRDA:235,3,1,0
BRDA:248,4,0,0
BRDA:327,5,0,0
BRDA:327,5,1,0
BRDA:336,6,0,0
BRDA:336,6,1,0
BRDA:339,7,0,0
BRDA:458,8,0,0
BRDA:481,9,0,0
BRF:18
BRH:0
end_of_record
TN:
SF:src\components\AutomationWorkflows.tsx
FN:93,(anonymous_5)
FN:113,(anonymous_6)
FN:114,(anonymous_7)
FN:123,(anonymous_8)
FN:168,(anonymous_9)
FN:170,(anonymous_10)
FN:171,(anonymous_11)
FN:174,(anonymous_12)
FN:175,(anonymous_13)
FN:175,(anonymous_14)
FN:178,(anonymous_15)
FN:191,(anonymous_16)
FN:192,(anonymous_17)
FN:206,(anonymous_18)
FN:226,(anonymous_19)
FN:227,(anonymous_20)
FN:232,(anonymous_21)
FN:244,(anonymous_22)
FN:259,(anonymous_23)
FN:302,(anonymous_24)
FN:310,(anonymous_25)
FN:402,(anonymous_26)
FN:411,(anonymous_27)
FN:414,(anonymous_28)
FN:416,(anonymous_29)
FN:424,(anonymous_30)
FN:435,(anonymous_31)
FN:447,(anonymous_32)
FN:457,(anonymous_33)
FN:484,(anonymous_34)
FN:497,(anonymous_35)
FN:502,(anonymous_36)
FN:503,(anonymous_37)
FN:504,(anonymous_38)
FN:505,(anonymous_39)
FN:514,(anonymous_40)
FN:519,(anonymous_41)
FN:520,(anonymous_42)
FN:521,(anonymous_43)
FN:522,(anonymous_44)
FN:541,(anonymous_45)
FN:592,(anonymous_46)
FN:598,(anonymous_47)
FN:622,(anonymous_48)
FN:658,(anonymous_49)
FN:662,(anonymous_50)
FN:694,(anonymous_51)
FN:778,(anonymous_52)
FN:784,(anonymous_53)
FN:810,(anonymous_54)
FN:823,(anonymous_55)
FN:842,(anonymous_56)
FN:862,(anonymous_57)
FN:887,(anonymous_58)
FN:890,(anonymous_59)
FN:903,(anonymous_60)
FN:926,(anonymous_61)
FN:927,(anonymous_62)
FN:940,(anonymous_63)
FN:952,(anonymous_64)
FN:988,(anonymous_65)
FN:1057,(anonymous_66)
FN:1115,(anonymous_67)
FN:1123,(anonymous_68)
FN:1158,(anonymous_69)
FNF:65
FNH:0
FNDA:0,(anonymous_5)
FNDA:0,(anonymous_6)
FNDA:0,(anonymous_7)
FNDA:0,(anonymous_8)
FNDA:0,(anonymous_9)
FNDA:0,(anonymous_10)
FNDA:0,(anonymous_11)
FNDA:0,(anonymous_12)
FNDA:0,(anonymous_13)
FNDA:0,(anonymous_14)
FNDA:0,(anonymous_15)
FNDA:0,(anonymous_16)
FNDA:0,(anonymous_17)
FNDA:0,(anonymous_18)
FNDA:0,(anonymous_19)
FNDA:0,(anonymous_20)
FNDA:0,(anonymous_21)
FNDA:0,(anonymous_22)
FNDA:0,(anonymous_23)
FNDA:0,(anonymous_24)
FNDA:0,(anonymous_25)
FNDA:0,(anonymous_26)
FNDA:0,(anonymous_27)
FNDA:0,(anonymous_28)
FNDA:0,(anonymous_29)
FNDA:0,(anonymous_30)
FNDA:0,(anonymous_31)
FNDA:0,(anonymous_32)
FNDA:0,(anonymous_33)
FNDA:0,(anonymous_34)
FNDA:0,(anonymous_35)
FNDA:0,(anonymous_36)
FNDA:0,(anonymous_37)
FNDA:0,(anonymous_38)
FNDA:0,(anonymous_39)
FNDA:0,(anonymous_40)
FNDA:0,(anonymous_41)
FNDA:0,(anonymous_42)
FNDA:0,(anonymous_43)
FNDA:0,(anonymous_44)
FNDA:0,(anonymous_45)
FNDA:0,(anonymous_46)
FNDA:0,(anonymous_47)
FNDA:0,(anonymous_48)
FNDA:0,(anonymous_49)
FNDA:0,(anonymous_50)
FNDA:0,(anonymous_51)
FNDA:0,(anonymous_52)
FNDA:0,(anonymous_53)
FNDA:0,(anonymous_54)
FNDA:0,(anonymous_55)
FNDA:0,(anonymous_56)
FNDA:0,(anonymous_57)
FNDA:0,(anonymous_58)
FNDA:0,(anonymous_59)
FNDA:0,(anonymous_60)
FNDA:0,(anonymous_61)
FNDA:0,(anonymous_62)
FNDA:0,(anonymous_63)
FNDA:0,(anonymous_64)
FNDA:0,(anonymous_65)
FNDA:0,(anonymous_66)
FNDA:0,(anonymous_67)
FNDA:0,(anonymous_68)
FNDA:0,(anonymous_69)
DA:3,0
DA:5,0
DA:29,0
DA:35,0
DA:36,0
DA:37,0
DA:93,0
DA:105,0
DA:107,0
DA:108,0
DA:109,0
DA:110,0
DA:113,0
DA:114,0
DA:115,0
DA:121,0
DA:123,0
DA:144,0
DA:146,0
DA:147,0
DA:150,0
DA:153,0
DA:155,0
DA:156,0
DA:157,0
DA:158,0
DA:159,0
DA:160,0
DA:161,0
DA:168,0
DA:169,0
DA:170,0
DA:171,0
DA:174,0
DA:175,0
DA:178,0
DA:179,0
DA:185,0
DA:186,0
DA:187,0
DA:188,0
DA:191,0
DA:192,0
DA:194,0
DA:196,0
DA:198,0
DA:202,0
DA:206,0
DA:207,0
DA:209,0
DA:211,0
DA:213,0
DA:215,0
DA:216,0
DA:218,0
DA:222,0
DA:226,0
DA:227,0
DA:228,0
DA:231,0
DA:233,0
DA:234,0
DA:235,0
DA:237,0
DA:243,0
DA:245,0
DA:246,0
DA:247,0
DA:252,0
DA:258,0
DA:260,0
DA:261,0
DA:262,0
DA:264,0
DA:272,0
DA:280,0
DA:302,0
DA:310,0
DA:402,0
DA:411,0
DA:415,0
DA:416,0
DA:424,0
DA:435,0
DA:447,0
DA:457,0
DA:484,0
DA:498,0
DA:502,0
DA:503,0
DA:504,0
DA:506,0
DA:507,0
DA:515,0
DA:519,0
DA:520,0
DA:521,0
DA:523,0
DA:524,0
DA:541,0
DA:592,0
DA:599,0
DA:604,0
DA:622,0
DA:659,0
DA:663,0
DA:664,0
DA:694,0
DA:778,0
DA:785,0
DA:790,0
DA:811,0
DA:812,0
DA:826,0
DA:831,0
DA:832,0
DA:843,0
DA:862,0
DA:875,0
DA:887,0
DA:888,0
DA:890,0
DA:891,0
DA:893,0
DA:895,0
DA:897,0
DA:899,0
DA:903,0
DA:904,0
DA:926,0
DA:927,0
DA:940,0
DA:952,0
DA:988,0
DA:1058,0
DA:1115,0
DA:1123,0
DA:1124,0
DA:1126,0
DA:1128,0
DA:1130,0
DA:1132,0
DA:1158,0
LF:143
LH:0
BRDA:121,0,0,0
BRDA:121,0,1,0
BRDA:125,1,0,0
BRDA:125,1,1,0
BRDA:126,2,0,0
BRDA:126,2,1,0
BRDA:127,3,0,0
BRDA:127,3,1,0
BRDA:128,4,0,0
BRDA:128,4,1,0
BRDA:129,5,0,0
BRDA:129,5,1,0
BRDA:130,6,0,0
BRDA:130,6,1,0
BRDA:131,7,0,0
BRDA:131,7,1,0
BRDA:132,8,0,0
BRDA:132,8,1,0
BRDA:132,8,2,0
BRDA:133,9,0,0
BRDA:133,9,1,0
BRDA:133,9,2,0
BRDA:134,10,0,0
BRDA:134,10,1,0
BRDA:135,11,0,0
BRDA:135,11,1,0
BRDA:135,11,2,0
BRDA:136,12,0,0
BRDA:136,12,1,0
BRDA:146,13,0,0
BRDA:146,13,1,0
BRDA:147,14,0,0
BRDA:147,14,1,0
BRDA:194,15,0,0
BRDA:194,15,1,0
BRDA:194,16,0,0
BRDA:194,16,1,0
BRDA:195,17,0,0
BRDA:195,17,1,0
BRDA:196,18,0,0
BRDA:196,18,1,0
BRDA:198,19,0,0
BRDA:198,19,1,0
BRDA:198,19,2,0
BRDA:198,19,3,0
BRDA:198,19,4,0
BRDA:202,20,0,0
BRDA:202,20,1,0
BRDA:202,20,2,0
BRDA:207,21,0,0
BRDA:207,21,1,0
BRDA:207,21,2,0
BRDA:207,21,3,0
BRDA:207,21,4,0
BRDA:227,22,0,0
BRDA:227,22,1,0
BRDA:248,23,0,0
BRDA:248,23,1,0
BRDA:249,24,0,0
BRDA:249,24,1,0
BRDA:272,25,0,0
BRDA:272,25,1,0
BRDA:280,26,0,0
BRDA:280,26,1,0
BRDA:320,27,0,0
BRDA:416,28,0,0
BRDA:416,28,1,0
BRDA:449,29,0,0
BRDA:449,29,1,0
BRDA:459,30,0,0
BRDA:459,30,1,0
BRDA:473,31,0,0
BRDA:477,32,0,0
BRDA:477,32,1,0
BRDA:477,33,0,0
BRDA:477,33,1,0
BRDA:477,33,2,0
BRDA:481,34,0,0
BRDA:481,34,1,0
BRDA:481,34,2,0
BRDA:496,35,0,0
BRDA:535,36,0,0
BRDA:616,37,0,0
BRDA:688,38,0,0
BRDA:802,39,0,0
BRDA:802,39,1,0
BRDA:849,40,0,0
BRDA:849,40,1,0
BRDA:851,41,0,0
BRDA:851,41,1,0
BRDA:891,42,0,0
BRDA:891,42,1,0
BRDA:891,42,2,0
BRDA:891,42,3,0
BRDA:904,43,0,0
BRDA:904,43,1,0
BRDA:933,44,0,0
BRDA:933,44,1,0
BRDA:940,45,0,0
BRDA:940,45,1,0
BRDA:959,46,0,0
BRDA:984,47,0,0
BRDA:985,48,0,0
BRDA:985,48,1,0
BRDA:1015,49,0,0
BRDA:1015,49,1,0
BRDA:1016,50,0,0
BRDA:1016,50,1,0
BRDA:1037,51,0,0
BRDA:1039,52,0,0
BRDA:1044,53,0,0
BRDA:1044,53,1,0
BRDA:1050,54,0,0
BRDA:1050,54,1,0
BRDA:1050,55,0,0
BRDA:1050,55,1,0
BRDA:1055,56,0,0
BRDA:1065,57,0,0
BRDA:1083,58,0,0
BRDA:1083,58,1,0
BRDA:1087,59,0,0
BRDA:1087,59,1,0
BRDA:1089,60,0,0
BRDA:1124,61,0,0
BRDA:1124,61,1,0
BRDA:1124,61,2,0
BRDA:1124,61,3,0
BRDA:1148,62,0,0
BRDA:1148,62,1,0
BRDA:1158,63,0,0
BRDA:1158,63,1,0
BRDA:1179,64,0,0
BRDA:1179,64,1,0
BRDA:1205,65,0,0
BRDA:1205,65,1,0
BRDA:1209,66,0,0
BRDA:1209,66,1,0
BRDA:1211,67,0,0
BRF:138
BRH:0
end_of_record
TN:
SF:src\components\Calendar.tsx
FN:6,(anonymous_2)
FNF:1
FNH:0
FNDA:0,(anonymous_2)
DA:3,0
DA:4,0
DA:6,0
DA:7,0
DA:10,0
LF:5
LH:0
BRF:0
BRH:0
end_of_record
TN:
SF:src\components\ClientInvoicePayment.tsx
FN:40,(anonymous_2)
FN:46,(anonymous_3)
FN:48,(anonymous_4)
FN:50,(anonymous_5)
FN:57,(anonymous_6)
FN:61,(anonymous_7)
FN:68,(anonymous_8)
FN:77,(anonymous_9)
FN:160,(anonymous_10)
FN:199,(anonymous_11)
FNF:10
FNH:0
FNDA:0,(anonymous_2)
FNDA:0,(anonymous_3)
FNDA:0,(anonymous_4)
FNDA:0,(anonymous_5)
FNDA:0,(anonymous_6)
FNDA:0,(anonymous_7)
FNDA:0,(anonymous_8)
FNDA:0,(anonymous_9)
FNDA:0,(anonymous_10)
FNDA:0,(anonymous_11)
DA:4,0
DA:5,0
DA:6,0
DA:14,0
DA:40,0
DA:41,0
DA:42,0
DA:43,0
DA:46,0
DA:48,0
DA:50,0
DA:51,0
DA:54,0
DA:57,0
DA:58,0
DA:61,0
DA:62,0
DA:63,0
DA:68,0
DA:69,0
DA:77,0
DA:161,0
DA:199,0
DA:221,0
LF:24
LH:0
BRDA:76,0,0,0
BRDA:82,1,0,0
BRDA:82,1,1,0
BRDA:82,2,0,0
BRDA:82,2,1,0
BRDA:91,3,0,0
BRDA:103,4,0,0
BRDA:189,5,0,0
BRF:8
BRH:0
end_of_record
TN:
SF:src\components\Clients.tsx
FN:51,(anonymous_4)
FN:102,(anonymous_5)
FN:108,(anonymous_6)
FN:116,(anonymous_7)
FN:119,(anonymous_8)
FN:120,(anonymous_9)
FN:127,(anonymous_10)
FN:128,(anonymous_11)
FN:137,(anonymous_12)
FN:150,(anonymous_13)
FN:159,(anonymous_14)
FN:168,(anonymous_15)
FN:219,(anonymous_16)
FN:231,(anonymous_17)
FN:250,(anonymous_18)
FN:251,(anonymous_19)
FN:258,(anonymous_20)
FN:296,(anonymous_21)
FN:325,(anonymous_22)
FN:331,(anonymous_23)
FN:337,(anonymous_24)
FN:343,(anonymous_25)
FN:344,(anonymous_26)
FN:348,(anonymous_27)
FN:349,(anonymous_28)
FN:355,(anonymous_29)
FN:377,(anonymous_30)
FN:387,(anonymous_31)
FN:398,(anonymous_32)
FN:422,(anonymous_33)
FN:465,(anonymous_34)
FN:472,(anonymous_35)
FN:494,(anonymous_36)
FN:498,(anonymous_37)
FN:509,(anonymous_38)
FN:513,(anonymous_39)
FN:524,(anonymous_40)
FN:528,(anonymous_41)
FN:542,(anonymous_42)
FN:557,(anonymous_43)
FN:568,(anonymous_44)
FN:576,(anonymous_45)
FN:587,(anonymous_46)
FN:599,(anonymous_47)
FN:612,(anonymous_48)
FN:636,(anonymous_49)
FN:662,(anonymous_50)
FN:665,(anonymous_51)
FN:673,(anonymous_52)
FN:680,(anonymous_53)
FN:692,(anonymous_54)
FN:699,(anonymous_55)
FN:711,(anonymous_56)
FN:718,(anonymous_57)
FN:740,(anonymous_58)
FN:756,(anonymous_59)
FN:839,(anonymous_60)
FN:898,(anonymous_61)
FN:923,(anonymous_62)
FN:930,(anonymous_63)
FN:937,(anonymous_64)
FN:1005,(anonymous_65)
FN:1008,(anonymous_66)
FN:1030,(anonymous_67)
FN:1040,(anonymous_68)
FN:1070,(anonymous_69)
FN:1086,(anonymous_70)
FN:1097,(anonymous_71)
FN:1108,(anonymous_72)
FN:1122,(anonymous_73)
FN:1129,(anonymous_74)
FN:1135,(anonymous_75)
FN:1163,(anonymous_76)
FN:1181,(anonymous_77)
FN:1209,(anonymous_78)
FN:1284,(anonymous_79)
FN:1293,(anonymous_80)
FN:1307,(anonymous_81)
FN:1372,(anonymous_82)
FN:1381,(anonymous_83)
FN:1427,(anonymous_84)
FN:1470,(anonymous_85)
FN:1484,(anonymous_86)
FN:1511,(anonymous_87)
FN:1529,(anonymous_88)
FN:1547,(anonymous_89)
FN:1566,(anonymous_90)
FN:1586,(anonymous_91)
FN:1603,(anonymous_92)
FN:1622,(anonymous_93)
FN:1667,(anonymous_94)
FN:1758,(anonymous_95)
FN:1795,(anonymous_96)
FN:1797,(anonymous_97)
FN:1804,(anonymous_98)
FNF:95
FNH:0
FNDA:0,(anonymous_4)
FNDA:0,(anonymous_5)
FNDA:0,(anonymous_6)
FNDA:0,(anonymous_7)
FNDA:0,(anonymous_8)
FNDA:0,(anonymous_9)
FNDA:0,(anonymous_10)
FNDA:0,(anonymous_11)
FNDA:0,(anonymous_12)
FNDA:0,(anonymous_13)
FNDA:0,(anonymous_14)
FNDA:0,(anonymous_15)
FNDA:0,(anonymous_16)
FNDA:0,(anonymous_17)
FNDA:0,(anonymous_18)
FNDA:0,(anonymous_19)
FNDA:0,(anonymous_20)
FNDA:0,(anonymous_21)
FNDA:0,(anonymous_22)
FNDA:0,(anonymous_23)
FNDA:0,(anonymous_24)
FNDA:0,(anonymous_25)
FNDA:0,(anonymous_26)
FNDA:0,(anonymous_27)
FNDA:0,(anonymous_28)
FNDA:0,(anonymous_29)
FNDA:0,(anonymous_30)
FNDA:0,(anonymous_31)
FNDA:0,(anonymous_32)
FNDA:0,(anonymous_33)
FNDA:0,(anonymous_34)
FNDA:0,(anonymous_35)
FNDA:0,(anonymous_36)
FNDA:0,(anonymous_37)
FNDA:0,(anonymous_38)
FNDA:0,(anonymous_39)
FNDA:0,(anonymous_40)
FNDA:0,(anonymous_41)
FNDA:0,(anonymous_42)
FNDA:0,(anonymous_43)
FNDA:0,(anonymous_44)
FNDA:0,(anonymous_45)
FNDA:0,(anonymous_46)
FNDA:0,(anonymous_47)
FNDA:0,(anonymous_48)
FNDA:0,(anonymous_49)
FNDA:0,(anonymous_50)
FNDA:0,(anonymous_51)
FNDA:0,(anonymous_52)
FNDA:0,(anonymous_53)
FNDA:0,(anonymous_54)
FNDA:0,(anonymous_55)
FNDA:0,(anonymous_56)
FNDA:0,(anonymous_57)
FNDA:0,(anonymous_58)
FNDA:0,(anonymous_59)
FNDA:0,(anonymous_60)
FNDA:0,(anonymous_61)
FNDA:0,(anonymous_62)
FNDA:0,(anonymous_63)
FNDA:0,(anonymous_64)
FNDA:0,(anonymous_65)
FNDA:0,(anonymous_66)
FNDA:0,(anonymous_67)
FNDA:0,(anonymous_68)
FNDA:0,(anonymous_69)
FNDA:0,(anonymous_70)
FNDA:0,(anonymous_71)
FNDA:0,(anonymous_72)
FNDA:0,(anonymous_73)
FNDA:0,(anonymous_74)
FNDA:0,(anonymous_75)
FNDA:0,(anonymous_76)
FNDA:0,(anonymous_77)
FNDA:0,(anonymous_78)
FNDA:0,(anonymous_79)
FNDA:0,(anonymous_80)
FNDA:0,(anonymous_81)
FNDA:0,(anonymous_82)
FNDA:0,(anonymous_83)
FNDA:0,(anonymous_84)
FNDA:0,(anonymous_85)
FNDA:0,(anonymous_86)
FNDA:0,(anonymous_87)
FNDA:0,(anonymous_88)
FNDA:0,(anonymous_89)
FNDA:0,(anonymous_90)
FNDA:0,(anonymous_91)
FNDA:0,(anonymous_92)
FNDA:0,(anonymous_93)
FNDA:0,(anonymous_94)
FNDA:0,(anonymous_95)
FNDA:0,(anonymous_96)
FNDA:0,(anonymous_97)
FNDA:0,(anonymous_98)
DA:3,0
DA:21,0
DA:22,0
DA:23,0
DA:24,0
DA:25,0
DA:26,0
DA:27,0
DA:51,0
DA:52,0
DA:53,0
DA:54,0
DA:56,0
DA:57,0
DA:58,0
DA:59,0
DA:63,0
DA:64,0
DA:67,0
DA:78,0
DA:79,0
DA:80,0
DA:81,0
DA:82,0
DA:83,0
DA:84,0
DA:85,0
DA:86,0
DA:88,0
DA:89,0
DA:90,0
DA:96,0
DA:99,0
DA:102,0
DA:103,0
DA:104,0
DA:105,0
DA:108,0
DA:109,0
DA:112,0
DA:116,0
DA:117,0
DA:119,0
DA:120,0
DA:122,0
DA:127,0
DA:128,0
DA:129,0
DA:133,0
DA:134,0
DA:137,0
DA:138,0
DA:140,0
DA:145,0
DA:146,0
DA:150,0
DA:151,0
DA:152,0
DA:159,0
DA:160,0
DA:163,0
DA:164,0
DA:167,0
DA:168,0
DA:186,0
DA:193,0
DA:196,0
DA:199,0
DA:209,0
DA:212,0
DA:219,0
DA:220,0
DA:221,0
DA:223,0
DA:231,0
DA:232,0
DA:233,0
DA:234,0
DA:240,0
DA:242,0
DA:250,0
DA:251,0
DA:258,0
DA:260,0
DA:261,0
DA:262,0
DA:264,0
DA:265,0
DA:267,0
DA:268,0
DA:271,0
DA:272,0
DA:277,0
DA:280,0
DA:282,0
DA:284,0
DA:291,0
DA:292,0
DA:296,0
DA:299,0
DA:300,0
DA:306,0
DA:310,0
DA:311,0
DA:312,0
DA:314,0
DA:320,0
DA:325,0
DA:326,0
DA:327,0
DA:331,0
DA:332,0
DA:333,0
DA:337,0
DA:338,0
DA:339,0
DA:343,0
DA:344,0
DA:348,0
DA:349,0
DA:355,0
DA:356,0
DA:360,0
DA:362,0
DA:365,0
DA:368,0
DA:370,0
DA:377,0
DA:378,0
DA:379,0
DA:380,0
DA:381,0
DA:383,0
DA:387,0
DA:388,0
DA:389,0
DA:397,0
DA:400,0
DA:402,0
DA:407,0
DA:410,0
DA:412,0
DA:418,0
DA:420,0
DA:424,0
DA:425,0
DA:426,0
DA:427,0
DA:428,0
DA:429,0
DA:430,0
DA:431,0
DA:432,0
DA:433,0
DA:435,0
DA:465,0
DA:472,0
DA:495,0
DA:496,0
DA:498,0
DA:510,0
DA:511,0
DA:513,0
DA:525,0
DA:526,0
DA:528,0
DA:542,0
DA:557,0
DA:568,0
DA:576,0
DA:588,0
DA:589,0
DA:590,0
DA:591,0
DA:592,0
DA:599,0
DA:612,0
DA:637,0
DA:662,0
DA:665,0
DA:673,0
DA:680,0
DA:692,0
DA:699,0
DA:711,0
DA:718,0
DA:740,0
DA:756,0
DA:840,0
DA:898,0
DA:923,0
DA:930,0
DA:937,0
DA:1005,0
DA:1008,0
DA:1030,0
DA:1041,0
DA:1070,0
DA:1086,0
DA:1097,0
DA:1108,0
DA:1122,0
DA:1129,0
DA:1135,0
DA:1163,0
DA:1181,0
DA:1210,0
DA:1284,0
DA:1294,0
DA:1307,0
DA:1372,0
DA:1382,0
DA:1428,0
DA:1471,0
DA:1472,0
DA:1473,0
DA:1485,0
DA:1486,0
DA:1511,0
DA:1529,0
DA:1548,0
DA:1549,0
DA:1550,0
DA:1551,0
DA:1552,0
DA:1554,0
DA:1555,0
DA:1567,0
DA:1568,0
DA:1569,0
DA:1570,0
DA:1571,0
DA:1573,0
DA:1574,0
DA:1587,0
DA:1588,0
DA:1589,0
DA:1603,0
DA:1623,0
DA:1624,0
DA:1625,0
DA:1667,0
DA:1759,0
DA:1760,0
DA:1766,0
DA:1767,0
DA:1773,0
DA:1774,0
DA:1776,0
DA:1796,0
DA:1797,0
DA:1804,0
DA:1818,0
LF:253
LH:0
BRDA:138,0,0,0
BRDA:138,0,1,0
BRDA:164,1,0,0
BRDA:164,1,1,0
BRDA:168,2,0,0
BRDA:168,2,1,0
BRDA:170,3,0,0
BRDA:170,3,1,0
BRDA:173,4,0,0
BRDA:173,4,1,0
BRDA:175,5,0,0
BRDA:175,5,1,0
BRDA:220,6,0,0
BRDA:220,6,1,0
BRDA:232,7,0,0
BRDA:232,7,1,0
BRDA:237,8,0,0
BRDA:237,8,1,0
BRDA:261,9,0,0
BRDA:261,9,1,0
BRDA:264,10,0,0
BRDA:264,10,1,0
BRDA:267,11,0,0
BRDA:267,11,1,0
BRDA:271,12,0,0
BRDA:271,12,1,0
BRDA:291,13,0,0
BRDA:291,13,1,0
BRDA:299,14,0,0
BRDA:299,14,1,0
BRDA:344,15,0,0
BRDA:344,15,1,0
BRDA:349,16,0,0
BRDA:349,16,1,0
BRDA:356,17,0,0
BRDA:356,17,1,0
BRDA:356,17,2,0
BRDA:356,17,3,0
BRDA:356,17,4,0
BRDA:356,17,5,0
BRDA:356,17,6,0
BRDA:356,17,7,0
BRDA:356,17,8,0
BRDA:378,18,0,0
BRDA:378,18,1,0
BRDA:378,19,0,0
BRDA:378,19,1,0
BRDA:379,20,0,0
BRDA:379,20,1,0
BRDA:381,21,0,0
BRDA:381,21,1,0
BRDA:388,22,0,0
BRDA:388,22,1,0
BRDA:390,23,0,0
BRDA:390,23,1,0
BRDA:390,23,2,0
BRDA:390,24,0,0
BRDA:390,24,1,0
BRDA:391,25,0,0
BRDA:391,25,1,0
BRDA:392,26,0,0
BRDA:392,26,1,0
BRDA:400,27,0,0
BRDA:400,27,1,0
BRDA:402,28,0,0
BRDA:402,28,1,0
BRDA:402,28,2,0
BRDA:402,29,0,0
BRDA:402,29,1,0
BRDA:403,30,0,0
BRDA:403,30,1,0
BRDA:404,31,0,0
BRDA:404,31,1,0
BRDA:407,32,0,0
BRDA:407,32,1,0
BRDA:412,33,0,0
BRDA:412,33,1,0
BRDA:412,33,2,0
BRDA:412,33,3,0
BRDA:412,33,4,0
BRDA:412,33,5,0
BRDA:412,33,6,0
BRDA:412,33,7,0
BRDA:418,34,0,0
BRDA:418,34,1,0
BRDA:418,35,0,0
BRDA:418,35,1,0
BRDA:420,36,0,0
BRDA:420,36,1,0
BRDA:420,36,2,0
BRDA:420,36,3,0
BRDA:424,37,0,0
BRDA:424,37,1,0
BRDA:425,38,0,0
BRDA:425,38,1,0
BRDA:426,39,0,0
BRDA:426,39,1,0
BRDA:429,40,0,0
BRDA:429,40,1,0
BRDA:430,41,0,0
BRDA:430,41,1,0
BRDA:431,42,0,0
BRDA:431,42,1,0
BRDA:431,43,0,0
BRDA:431,43,1,0
BRDA:432,44,0,0
BRDA:432,44,1,0
BRDA:432,45,0,0
BRDA:432,45,1,0
BRDA:433,46,0,0
BRDA:433,46,1,0
BRDA:440,47,0,0
BRDA:479,48,0,0
BRDA:479,48,1,0
BRDA:483,49,0,0
BRDA:495,50,0,0
BRDA:495,50,1,0
BRDA:510,51,0,0
BRDA:510,51,1,0
BRDA:525,52,0,0
BRDA:525,52,1,0
BRDA:576,53,0,0
BRDA:576,53,1,0
BRDA:578,54,0,0
BRDA:578,54,1,0
BRDA:580,55,0,0
BRDA:580,55,1,0
BRDA:639,56,0,0
BRDA:639,56,1,0
BRDA:644,57,0,0
BRDA:644,57,1,0
BRDA:648,58,0,0
BRDA:662,59,0,0
BRDA:662,59,1,0
BRDA:665,60,0,0
BRDA:665,60,1,0
BRDA:668,61,0,0
BRDA:668,61,1,0
BRDA:669,62,0,0
BRDA:669,62,1,0
BRDA:685,63,0,0
BRDA:704,64,0,0
BRDA:732,65,0,0
BRDA:750,66,0,0
BRDA:838,67,0,0
BRDA:838,67,1,0
BRDA:916,68,0,0
BRDA:1005,69,0,0
BRDA:1005,69,1,0
BRDA:1008,70,0,0
BRDA:1008,70,1,0
BRDA:1013,71,0,0
BRDA:1013,71,1,0
BRDA:1017,72,0,0
BRDA:1017,72,1,0
BRDA:1040,73,0,0
BRDA:1039,74,0,0
BRDA:1039,74,1,0
BRDA:1045,75,0,0
BRDA:1045,75,1,0
BRDA:1047,76,0,0
BRDA:1047,76,1,0
BRDA:1052,77,0,0
BRDA:1053,78,0,0
BRDA:1054,79,0,0
BRDA:1080,80,0,0
BRDA:1088,81,0,0
BRDA:1088,81,1,0
BRDA:1099,82,0,0
BRDA:1099,82,1,0
BRDA:1110,83,0,0
BRDA:1110,83,1,0
BRDA:1195,84,0,0
BRDA:1195,84,1,0
BRDA:1208,85,0,0
BRDA:1207,86,0,0
BRDA:1207,86,1,0
BRDA:1218,87,0,0
BRDA:1218,87,1,0
BRDA:1220,88,0,0
BRDA:1220,88,1,0
BRDA:1232,89,0,0
BRDA:1232,89,1,0
BRDA:1237,90,0,0
BRDA:1237,90,1,0
BRDA:1275,91,0,0
BRDA:1275,91,1,0
BRDA:1292,92,0,0
BRDA:1297,93,0,0
BRDA:1297,93,1,0
BRDA:1302,94,0,0
BRDA:1302,94,1,0
BRDA:1304,95,0,0
BRDA:1304,95,1,0
BRDA:1323,96,0,0
BRDA:1323,96,1,0
BRDA:1330,97,0,0
BRDA:1330,97,1,0
BRDA:1332,98,0,0
BRDA:1332,98,1,0
BRDA:1341,99,0,0
BRDA:1363,100,0,0
BRDA:1363,100,1,0
BRDA:1380,101,0,0
BRDA:1392,102,0,0
BRDA:1392,102,1,0
BRDA:1414,103,0,0
BRDA:1414,103,1,0
BRDA:1414,104,0,0
BRDA:1414,104,1,0
BRDA:1414,104,2,0
BRDA:1419,105,0,0
BRDA:1419,105,1,0
BRDA:1423,106,0,0
BRDA:1423,106,1,0
BRDA:1435,107,0,0
BRDA:1441,108,0,0
BRDA:1461,109,0,0
BRDA:1461,109,1,0
BRDA:1497,110,0,0
BRDA:1497,110,1,0
BRDA:1549,111,0,0
BRDA:1549,111,1,0
BRDA:1568,112,0,0
BRDA:1568,112,1,0
BRDA:1588,113,0,0
BRDA:1588,113,1,0
BRDA:1635,114,0,0
BRDA:1635,114,1,0
BRDA:1635,114,2,0
BRDA:1635,114,3,0
BRDA:1638,115,0,0
BRDA:1658,116,0,0
BRDA:1658,116,1,0
BRDA:1692,117,0,0
BRDA:1692,117,1,0
BRDA:1700,118,0,0
BRDA:1700,118,1,0
BRDA:1702,119,0,0
BRDA:1702,119,1,0
BRDA:1707,120,0,0
BRDA:1707,120,1,0
BRDA:1757,121,0,0
BRDA:1759,122,0,0
BRDA:1759,122,1,0
BRDA:1759,123,0,0
BRDA:1759,123,1,0
BRDA:1766,124,0,0
BRDA:1766,124,1,0
BRDA:1773,125,0,0
BRDA:1773,125,1,0
BRDA:1797,126,0,0
BRDA:1797,126,1,0
BRF:253
BRH:0
end_of_record
TN:
SF:src\components\CommissionDashboard.tsx
FN:50,(anonymous_4)
FN:60,(anonymous_5)
FN:126,(anonymous_6)
FN:133,(anonymous_7)
FN:139,(anonymous_8)
FN:151,(anonymous_9)
FN:164,(anonymous_10)
FN:175,(anonymous_11)
FN:190,(anonymous_12)
FN:194,(anonymous_13)
FN:202,(anonymous_14)
FN:208,(anonymous_15)
FN:235,(anonymous_16)
FN:266,(anonymous_17)
FN:273,(anonymous_18)
FN:281,(anonymous_19)
FN:316,(anonymous_20)
FN:319,(anonymous_21)
FN:325,(anonymous_22)
FN:480,(anonymous_23)
FN:488,(anonymous_24)
FN:525,(anonymous_25)
FN:545,(anonymous_26)
FN:581,(anonymous_27)
FN:591,(anonymous_28)
FNF:25
FNH:0
FNDA:0,(anonymous_4)
FNDA:0,(anonymous_5)
FNDA:0,(anonymous_6)
FNDA:0,(anonymous_7)
FNDA:0,(anonymous_8)
FNDA:0,(anonymous_9)
FNDA:0,(anonymous_10)
FNDA:0,(anonymous_11)
FNDA:0,(anonymous_12)
FNDA:0,(anonymous_13)
FNDA:0,(anonymous_14)
FNDA:0,(anonymous_15)
FNDA:0,(anonymous_16)
FNDA:0,(anonymous_17)
FNDA:0,(anonymous_18)
FNDA:0,(anonymous_19)
FNDA:0,(anonymous_20)
FNDA:0,(anonymous_21)
FNDA:0,(anonymous_22)
FNDA:0,(anonymous_23)
FNDA:0,(anonymous_24)
FNDA:0,(anonymous_25)
FNDA:0,(anonymous_26)
FNDA:0,(anonymous_27)
FNDA:0,(anonymous_28)
DA:3,0
DA:4,0
DA:50,0
DA:51,0
DA:52,0
DA:53,0
DA:54,0
DA:55,0
DA:56,0
DA:60,0
DA:61,0
DA:64,0
DA:110,0
DA:113,0
DA:115,0
DA:126,0
DA:127,0
DA:128,0
DA:129,0
DA:133,0
DA:134,0
DA:135,0
DA:139,0
DA:141,0
DA:144,0
DA:147,0
DA:148,0
DA:151,0
DA:153,0
DA:156,0
DA:157,0
DA:159,0
DA:163,0
DA:164,0
DA:165,0
DA:166,0
DA:168,0
DA:169,0
DA:174,0
DA:175,0
DA:176,0
DA:177,0
DA:179,0
DA:181,0
DA:182,0
DA:184,0
DA:189,0
DA:191,0
DA:192,0
DA:194,0
DA:197,0
DA:198,0
DA:202,0
DA:203,0
DA:206,0
DA:208,0
DA:210,0
DA:213,0
DA:217,0
DA:219,0
DA:233,0
DA:235,0
DA:236,0
DA:237,0
DA:240,0
DA:241,0
DA:244,0
DA:245,0
DA:248,0
DA:255,0
DA:256,0
DA:257,0
DA:260,0
DA:261,0
DA:262,0
DA:266,0
DA:267,0
DA:273,0
DA:274,0
DA:281,0
DA:282,0
DA:316,0
DA:320,0
DA:325,0
DA:482,0
DA:485,0
DA:486,0
DA:487,0
DA:489,0
DA:490,0
DA:491,0
DA:492,0
DA:494,0
DA:525,0
DA:546,0
DA:581,0
DA:591,0
DA:610,0
LF:98
LH:0
BRDA:61,0,0,0
BRDA:61,0,1,0
BRDA:127,1,0,0
BRDA:127,1,1,0
BRDA:128,2,0,0
BRDA:128,2,1,0
BRDA:141,3,0,0
BRDA:141,3,1,0
BRDA:141,4,0,0
BRDA:141,4,1,0
BRDA:144,5,0,0
BRDA:144,5,1,0
BRDA:153,6,0,0
BRDA:153,6,1,0
BRDA:153,7,0,0
BRDA:153,7,1,0
BRDA:156,8,0,0
BRDA:156,8,1,0
BRDA:156,9,0,0
BRDA:156,9,1,0
BRDA:165,10,0,0
BRDA:165,10,1,0
BRDA:165,11,0,0
BRDA:165,11,1,0
BRDA:168,12,0,0
BRDA:168,12,1,0
BRDA:168,13,0,0
BRDA:168,13,1,0
BRDA:179,14,0,0
BRDA:179,14,1,0
BRDA:182,15,0,0
BRDA:182,15,1,0
BRDA:192,16,0,0
BRDA:192,16,1,0
BRDA:192,16,2,0
BRDA:206,17,0,0
BRDA:206,17,1,0
BRDA:210,18,0,0
BRDA:210,18,1,0
BRDA:210,19,0,0
BRDA:210,19,1,0
BRDA:213,20,0,0
BRDA:213,20,1,0
BRDA:213,20,2,0
BRDA:217,21,0,0
BRDA:217,21,1,0
BRDA:240,22,0,0
BRDA:240,22,1,0
BRDA:240,23,0,0
BRDA:240,23,1,0
BRDA:244,24,0,0
BRDA:244,24,1,0
BRDA:260,25,0,0
BRDA:260,25,1,0
BRDA:290,26,0,0
BRDA:295,27,0,0
BRDA:295,27,1,0
BRDA:295,28,0,0
BRDA:295,28,1,0
BRDA:300,29,0,0
BRDA:300,29,1,0
BRDA:396,30,0,0
BRDA:396,30,1,0
BRDA:396,31,0,0
BRDA:396,31,1,0
BRDA:400,32,0,0
BRDA:400,32,1,0
BRDA:400,33,0,0
BRDA:400,33,1,0
BRDA:404,34,0,0
BRDA:404,34,1,0
BRDA:427,35,0,0
BRDA:427,35,1,0
BRDA:451,36,0,0
BRDA:451,36,1,0
BRDA:482,37,0,0
BRDA:482,37,1,0
BRDA:482,38,0,0
BRDA:482,38,1,0
BRDA:487,39,0,0
BRDA:487,39,1,0
BRDA:491,40,0,0
BRDA:491,40,1,0
BRDA:491,41,0,0
BRDA:491,41,1,0
BRDA:492,42,0,0
BRDA:492,42,1,0
BRDA:492,43,0,0
BRDA:492,43,1,0
BRDA:492,44,0,0
BRDA:492,44,1,0
BRDA:500,45,0,0
BRDA:500,45,1,0
BRDA:501,46,0,0
BRDA:501,46,1,0
BRDA:505,47,0,0
BRDA:505,47,1,0
BRDA:506,48,0,0
BRDA:506,48,1,0
BRDA:551,49,0,0
BRDA:551,49,1,0
BRDA:552,50,0,0
BRDA:552,50,1,0
BRDA:555,51,0,0
BRDA:555,51,1,0
BRDA:558,52,0,0
BRDA:558,52,1,0
BRDA:567,53,0,0
BRF:108
BRH:0
end_of_record
TN:
SF:src\components\Company.tsx
FN:15,(anonymous_2)
FN:23,(anonymous_3)
FN:24,(anonymous_4)
FN:28,(anonymous_5)
FN:52,(anonymous_6)
FN:68,(anonymous_7)
FN:69,(anonymous_8)
FN:86,(anonymous_9)
FN:92,(anonymous_10)
FN:100,(anonymous_11)
FN:101,(anonymous_12)
FN:105,(anonymous_13)
FN:130,(anonymous_14)
FN:151,(anonymous_15)
FN:185,(anonymous_16)
FN:230,(anonymous_17)
FN:233,(anonymous_18)
FN:259,(anonymous_19)
FNF:18
FNH:0
FNDA:0,(anonymous_2)
FNDA:0,(anonymous_3)
FNDA:0,(anonymous_4)
FNDA:0,(anonymous_5)
FNDA:0,(anonymous_6)
FNDA:0,(anonymous_7)
FNDA:0,(anonymous_8)
FNDA:0,(anonymous_9)
FNDA:0,(anonymous_10)
FNDA:0,(anonymous_11)
FNDA:0,(anonymous_12)
FNDA:0,(anonymous_13)
FNDA:0,(anonymous_14)
FNDA:0,(anonymous_15)
FNDA:0,(anonymous_16)
FNDA:0,(anonymous_17)
FNDA:0,(anonymous_18)
FNDA:0,(anonymous_19)
DA:4,0
DA:5,0
DA:6,0
DA:7,0
DA:8,0
DA:9,0
DA:15,0
DA:16,0
DA:17,0
DA:18,0
DA:19,0
DA:20,0
DA:23,0
DA:24,0
DA:25,0
DA:26,0
DA:28,0
DA:30,0
DA:31,0
DA:41,0
DA:42,0
DA:52,0
DA:54,0
DA:57,0
DA:58,0
DA:61,0
DA:64,0
DA:68,0
DA:69,0
DA:70,0
DA:71,0
DA:77,0
DA:78,0
DA:79,0
DA:85,0
DA:86,0
DA:88,0
DA:91,0
DA:92,0
DA:100,0
DA:101,0
DA:105,0
DA:106,0
DA:107,0
DA:108,0
DA:110,0
DA:113,0
DA:130,0
DA:151,0
DA:159,0
DA:174,0
DA:185,0
DA:231,0
DA:233,0
DA:259,0
DA:265,0
LF:56
LH:0
BRDA:30,0,0,0
BRDA:30,0,1,0
BRDA:41,1,0,0
BRDA:41,1,1,0
BRDA:41,2,0,0
BRDA:41,2,1,0
BRDA:57,3,0,0
BRDA:57,3,1,0
BRDA:70,4,0,0
BRDA:70,4,1,0
BRDA:70,5,0,0
BRDA:70,5,1,0
BRDA:78,6,0,0
BRDA:78,6,1,0
BRDA:91,7,0,0
BRDA:91,7,1,0
BRDA:94,8,0,0
BRDA:94,8,1,0
BRDA:120,9,0,0
BRDA:141,10,0,0
BRDA:159,11,0,0
BRDA:159,11,1,0
BRDA:174,12,0,0
BRDA:174,12,1,0
BRDA:174,13,0,0
BRDA:174,13,1,0
BRDA:182,14,0,0
BRDA:182,14,1,0
BRDA:182,14,2,0
BRDA:208,15,0,0
BRDA:213,16,0,0
BRDA:213,16,1,0
BRDA:218,17,0,0
BRDA:218,17,1,0
BRDA:238,18,0,0
BRDA:238,18,1,0
BRDA:243,19,0,0
BRDA:243,19,1,0
BRF:38
BRH:0
end_of_record
TN:
SF:src\components\CompetitorAnalysis.tsx
FN:24,(anonymous_4)
FN:68,(anonymous_5)
FN:69,(anonymous_6)
FN:70,(anonymous_7)
FN:81,(anonymous_8)
FN:92,(anonymous_9)
FN:112,(anonymous_11)
FN:144,(anonymous_12)
FN:145,(anonymous_13)
FN:148,(anonymous_14)
FN:178,(anonymous_15)
FN:178,(anonymous_16)
FN:179,(anonymous_17)
FN:182,(anonymous_18)
FN:191,(anonymous_19)
FN:194,(anonymous_20)
FN:200,(anonymous_21)
FN:205,(anonymous_22)
FN:207,(anonymous_23)
FN:211,(anonymous_24)
FN:211,(anonymous_25)
FN:211,(anonymous_26)
FN:215,(anonymous_27)
FN:226,(anonymous_28)
FN:239,(anonymous_29)
FN:240,(anonymous_30)
FN:244,(anonymous_31)
FN:245,(anonymous_32)
FN:258,(anonymous_33)
FN:267,(anonymous_34)
FN:275,(anonymous_35)
FN:277,(anonymous_36)
FN:281,(anonymous_37)
FN:288,(anonymous_38)
FN:296,(anonymous_39)
FN:304,(anonymous_40)
FN:308,(anonymous_41)
FN:309,(anonymous_42)
FN:309,(anonymous_43)
FN:322,(anonymous_44)
FN:329,(anonymous_45)
FN:330,(anonymous_46)
FNF:42
FNH:0
FNDA:0,(anonymous_4)
FNDA:0,(anonymous_5)
FNDA:0,(anonymous_6)
FNDA:0,(anonymous_7)
FNDA:0,(anonymous_8)
FNDA:0,(anonymous_9)
FNDA:0,(anonymous_11)
FNDA:0,(anonymous_12)
FNDA:0,(anonymous_13)
FNDA:0,(anonymous_14)
FNDA:0,(anonymous_15)
FNDA:0,(anonymous_16)
FNDA:0,(anonymous_17)
FNDA:0,(anonymous_18)
FNDA:0,(anonymous_19)
FNDA:0,(anonymous_20)
FNDA:0,(anonymous_21)
FNDA:0,(anonymous_22)
FNDA:0,(anonymous_23)
FNDA:0,(anonymous_24)
FNDA:0,(anonymous_25)
FNDA:0,(anonymous_26)
FNDA:0,(anonymous_27)
FNDA:0,(anonymous_28)
FNDA:0,(anonymous_29)
FNDA:0,(anonymous_30)
FNDA:0,(anonymous_31)
FNDA:0,(anonymous_32)
FNDA:0,(anonymous_33)
FNDA:0,(anonymous_34)
FNDA:0,(anonymous_35)
FNDA:0,(anonymous_36)
FNDA:0,(anonymous_37)
FNDA:0,(anonymous_38)
FNDA:0,(anonymous_39)
FNDA:0,(anonymous_40)
FNDA:0,(anonymous_41)
FNDA:0,(anonymous_42)
FNDA:0,(anonymous_43)
FNDA:0,(anonymous_44)
FNDA:0,(anonymous_45)
FNDA:0,(anonymous_46)
DA:3,0
DA:21,0
DA:24,0
DA:68,0
DA:69,0
DA:70,0
DA:81,0
DA:82,0
DA:87,0
DA:93,0
DA:112,0
DA:113,0
DA:114,0
DA:115,0
DA:116,0
DA:117,0
DA:144,0
DA:145,0
DA:146,0
DA:147,0
DA:148,0
DA:178,0
DA:179,0
DA:182,0
DA:191,0
DA:194,0
DA:200,0
DA:201,0
DA:202,0
DA:203,0
DA:204,0
DA:205,0
DA:206,0
DA:207,0
DA:211,0
DA:215,0
DA:216,0
DA:226,0
DA:227,0
DA:228,0
DA:230,0
DA:234,0
DA:235,0
DA:236,0
DA:237,0
DA:239,0
DA:240,0
DA:244,0
DA:245,0
DA:247,0
DA:248,0
DA:249,0
DA:250,0
DA:251,0
DA:252,0
DA:254,0
DA:255,0
DA:258,0
DA:259,0
DA:267,0
DA:268,0
DA:269,0
DA:270,0
DA:275,0
DA:276,0
DA:277,0
DA:278,0
DA:279,0
DA:281,0
DA:282,0
DA:283,0
DA:285,0
DA:288,0
DA:289,0
DA:296,0
DA:304,0
DA:309,0
DA:322,0
DA:329,0
DA:330,0
DA:337,0
LF:81
LH:0
BRDA:69,0,0,0
BRDA:69,0,1,0
BRDA:69,1,0,0
BRDA:69,1,1,0
BRDA:70,2,0,0
BRDA:70,2,1,0
BRDA:70,3,0,0
BRDA:70,3,1,0
BRDA:106,4,0,0
BRDA:106,4,1,0
BRDA:107,5,0,0
BRDA:107,5,1,0
BRDA:116,6,0,0
BRDA:116,6,1,0
BRDA:116,7,0,0
BRDA:116,7,1,0
BRDA:117,8,0,0
BRDA:117,8,1,0
BRDA:117,9,0,0
BRDA:117,9,1,0
BRDA:193,10,0,0
BRDA:193,10,1,0
BRDA:204,11,0,0
BRDA:204,11,1,0
BRDA:211,12,0,0
BRDA:211,12,1,0
BRDA:211,13,0,0
BRDA:216,14,0,0
BRDA:216,14,1,0
BRDA:234,15,0,0
BRDA:234,15,1,0
BRDA:248,16,0,0
BRDA:248,16,1,0
BRDA:276,17,0,0
BRDA:276,17,1,0
BRDA:279,18,0,0
BRDA:279,18,1,0
BRDA:282,19,0,0
BRDA:282,19,1,0
BRDA:282,20,0,0
BRDA:282,20,1,0
BRDA:308,21,0,0
BRDA:316,22,0,0
BRF:43
BRH:0
end_of_record
TN:
SF:src\components\ContactForm.tsx
FN:28,(anonymous_2)
FN:56,(anonymous_3)
FN:77,(anonymous_4)
FN:86,(anonymous_5)
FN:95,(anonymous_6)
FN:113,(anonymous_7)
FN:126,(anonymous_8)
FN:139,(anonymous_9)
FN:151,(anonymous_10)
FNF:9
FNH:0
FNDA:0,(anonymous_2)
FNDA:0,(anonymous_3)
FNDA:0,(anonymous_4)
FNDA:0,(anonymous_5)
FNDA:0,(anonymous_6)
FNDA:0,(anonymous_7)
FNDA:0,(anonymous_8)
FNDA:0,(anonymous_9)
FNDA:0,(anonymous_10)
DA:3,0
DA:4,0
DA:28,0
DA:57,0
DA:59,0
DA:77,0
DA:86,0
DA:95,0
DA:113,0
DA:126,0
DA:139,0
DA:151,0
DA:177,0
LF:13
LH:0
BRDA:34,0,0,0
BRDA:35,1,0,0
BRDA:36,2,0,0
BRDA:44,3,0,0
BRDA:57,4,0,0
BRDA:57,4,1,0
BRDA:66,5,0,0
BRDA:74,6,0,0
BRDA:80,7,0,0
BRDA:83,8,0,0
BRDA:83,8,1,0
BRDA:92,9,0,0
BRDA:92,9,1,0
BRDA:104,10,0,0
BRDA:138,11,0,0
BRDA:138,11,1,0
BRDA:150,12,0,0
BRDA:150,12,1,0
BRDA:163,13,0,0
BRDA:163,13,1,0
BRF:20
BRH:0
end_of_record
TN:
SF:src\components\ContractApprovalWorkflow.tsx
FN:20,(anonymous_4)
FN:50,(anonymous_5)
FN:51,(anonymous_6)
FN:51,(anonymous_7)
FN:58,(anonymous_8)
FN:59,(anonymous_9)
FN:59,(anonymous_10)
FN:66,(anonymous_11)
FN:75,(anonymous_12)
FN:94,(anonymous_13)
FN:134,(anonymous_14)
FN:141,(anonymous_15)
FNF:12
FNH:0
FNDA:0,(anonymous_4)
FNDA:0,(anonymous_5)
FNDA:0,(anonymous_6)
FNDA:0,(anonymous_7)
FNDA:0,(anonymous_8)
FNDA:0,(anonymous_9)
FNDA:0,(anonymous_10)
FNDA:0,(anonymous_11)
FNDA:0,(anonymous_12)
FNDA:0,(anonymous_13)
FNDA:0,(anonymous_14)
FNDA:0,(anonymous_15)
DA:3,0
DA:4,0
DA:5,0
DA:6,0
DA:7,0
DA:20,0
DA:21,0
DA:50,0
DA:51,0
DA:52,0
DA:58,0
DA:59,0
DA:60,0
DA:66,0
DA:67,0
DA:68,0
DA:69,0
DA:70,0
DA:71,0
DA:75,0
DA:76,0
DA:95,0
DA:134,0
DA:141,0
DA:157,0
LF:25
LH:0
BRDA:52,0,0,0
BRDA:52,0,1,0
BRDA:60,1,0,0
BRDA:60,1,1,0
BRDA:67,2,0,0
BRDA:67,2,1,0
BRDA:67,2,2,0
BRDA:67,2,3,0
BRDA:120,3,0,0
BRDA:120,3,1,0
BRDA:126,4,0,0
BRDA:131,5,0,0
BRF:12
BRH:0
end_of_record
TN:
SF:src\components\Contracts.tsx
FN:24,(anonymous_5)
FN:29,(anonymous_6)
FN:65,(anonymous_7)
FN:78,(anonymous_8)
FN:188,(anonymous_9)
FN:203,(anonymous_10)
FN:220,(anonymous_11)
FN:222,(anonymous_12)
FN:260,(anonymous_13)
FN:266,(anonymous_14)
FN:282,(anonymous_15)
FN:292,(anonymous_16)
FN:317,(anonymous_17)
FN:320,(anonymous_18)
FN:324,(anonymous_19)
FN:325,(anonymous_20)
FNF:16
FNH:0
FNDA:0,(anonymous_5)
FNDA:0,(anonymous_6)
FNDA:0,(anonymous_7)
FNDA:0,(anonymous_8)
FNDA:0,(anonymous_9)
FNDA:0,(anonymous_10)
FNDA:0,(anonymous_11)
FNDA:0,(anonymous_12)
FNDA:0,(anonymous_13)
FNDA:0,(anonymous_14)
FNDA:0,(anonymous_15)
FNDA:0,(anonymous_16)
FNDA:0,(anonymous_17)
FNDA:0,(anonymous_18)
FNDA:0,(anonymous_19)
FNDA:0,(anonymous_20)
DA:3,0
DA:4,0
DA:5,0
DA:6,0
DA:24,0
DA:25,0
DA:26,0
DA:27,0
DA:29,0
DA:30,0
DA:32,0
DA:63,0
DA:65,0
DA:66,0
DA:67,0
DA:69,0
DA:70,0
DA:73,0
DA:74,0
DA:78,0
DA:81,0
DA:82,0
DA:120,0
DA:121,0
DA:154,0
DA:179,0
DA:180,0
DA:181,0
DA:182,0
DA:184,0
DA:188,0
DA:189,0
DA:190,0
DA:191,0
DA:194,0
DA:195,0
DA:197,0
DA:198,0
DA:199,0
DA:203,0
DA:204,0
DA:205,0
DA:206,0
DA:209,0
DA:210,0
DA:211,0
DA:212,0
DA:214,0
DA:215,0
DA:216,0
DA:220,0
DA:222,0
DA:223,0
DA:224,0
DA:261,0
DA:266,0
DA:283,0
DA:284,0
DA:293,0
DA:294,0
DA:317,0
DA:320,0
DA:325,0
DA:326,0
DA:365,0
LF:65
LH:0
BRDA:30,0,0,0
BRDA:30,0,1,0
BRDA:35,1,0,0
BRDA:35,1,1,0
BRDA:38,2,0,0
BRDA:38,2,1,0
BRDA:53,3,0,0
BRDA:53,3,1,0
BRDA:56,4,0,0
BRDA:56,4,1,0
BRDA:69,5,0,0
BRDA:69,5,1,0
BRDA:69,6,0,0
BRDA:69,6,1,0
BRDA:73,7,0,0
BRDA:73,7,1,0
BRDA:81,8,0,0
BRDA:81,8,1,0
BRDA:81,9,0,0
BRDA:81,9,1,0
BRDA:84,10,0,0
BRDA:84,10,1,0
BRDA:87,11,0,0
BRDA:87,11,1,0
BRDA:117,12,0,0
BRDA:117,12,1,0
BRDA:118,13,0,0
BRDA:118,13,1,0
BRDA:120,14,0,0
BRDA:120,14,1,0
BRDA:120,15,0,0
BRDA:120,15,1,0
BRDA:123,16,0,0
BRDA:123,16,1,0
BRDA:126,17,0,0
BRDA:126,17,1,0
BRDA:151,18,0,0
BRDA:151,18,1,0
BRDA:152,19,0,0
BRDA:152,19,1,0
BRDA:179,20,0,0
BRDA:179,20,1,0
BRDA:190,21,0,0
BRDA:190,21,1,0
BRDA:190,22,0,0
BRDA:190,22,1,0
BRDA:190,22,2,0
BRDA:197,23,0,0
BRDA:197,23,1,0
BRDA:205,24,0,0
BRDA:205,24,1,0
BRDA:214,25,0,0
BRDA:214,25,1,0
BRDA:223,26,0,0
BRDA:223,26,1,0
BRDA:234,27,0,0
BRDA:242,28,0,0
BRDA:242,28,1,0
BRDA:264,29,0,0
BRDA:264,29,1,0
BRDA:313,30,0,0
BRDA:326,31,0,0
BRDA:326,31,1,0
BRDA:336,32,0,0
BRF:64
BRH:0
end_of_record
TN:
SF:src\components\CountdownTimer.tsx
FN:18,(anonymous_6)
FN:38,(anonymous_7)
FN:39,(anonymous_8)
FN:65,(anonymous_9)
FN:69,(anonymous_10)
FNF:5
FNH:0
FNDA:0,(anonymous_6)
FNDA:0,(anonymous_7)
FNDA:0,(anonymous_8)
FNDA:0,(anonymous_9)
FNDA:0,(anonymous_10)
DA:3,0
DA:4,0
DA:18,0
DA:29,0
DA:35,0
DA:36,0
DA:38,0
DA:39,0
DA:40,0
DA:41,0
DA:42,0
DA:44,0
DA:45,0
DA:46,0
DA:47,0
DA:48,0
DA:50,0
DA:51,0
DA:53,0
DA:54,0
DA:55,0
DA:56,0
DA:57,0
DA:62,0
DA:63,0
DA:65,0
DA:69,0
DA:70,0
DA:73,0
DA:85,0
DA:132,0
LF:31
LH:0
BRDA:23,0,0,0
BRDA:24,1,0,0
BRDA:26,2,0,0
BRDA:44,3,0,0
BRDA:44,3,1,0
BRDA:54,4,0,0
BRDA:54,4,1,0
BRDA:73,5,0,0
BRDA:73,5,1,0
BRDA:85,6,0,0
BRDA:85,6,1,0
BRDA:85,7,0,0
BRDA:85,7,1,0
BRDA:95,8,0,0
BRDA:97,9,0,0
BRDA:97,9,1,0
BRF:16
BRH:0
end_of_record
TN:
SF:src\components\CustomFieldsManager.tsx
FN:30,(anonymous_4)
FN:73,(anonymous_5)
FN:95,(anonymous_6)
FN:101,(anonymous_7)
FN:214,(anonymous_8)
FN:232,(anonymous_9)
FN:237,(anonymous_10)
FN:242,(anonymous_11)
FN:245,(anonymous_12)
FN:246,(anonymous_13)
FN:253,(anonymous_14)
FN:255,(anonymous_15)
FN:255,(anonymous_16)
FN:259,(anonymous_17)
FN:260,(anonymous_18)
FN:261,(anonymous_19)
FN:267,(anonymous_20)
FN:280,(anonymous_21)
FN:292,(anonymous_22)
FN:300,(anonymous_23)
FN:304,(anonymous_24)
FN:311,(anonymous_25)
FN:315,(anonymous_26)
FN:344,(anonymous_27)
FN:350,(anonymous_28)
FN:385,(anonymous_29)
FN:397,(anonymous_30)
FN:417,(anonymous_31)
FN:433,(anonymous_32)
FN:460,(anonymous_33)
FN:507,(anonymous_34)
FN:516,(anonymous_35)
FN:523,(anonymous_36)
FN:548,(anonymous_37)
FN:567,(anonymous_38)
FN:586,(anonymous_39)
FN:604,(anonymous_40)
FN:622,(anonymous_41)
FN:650,(anonymous_42)
FN:678,(anonymous_43)
FN:683,(anonymous_44)
FN:685,(anonymous_45)
FN:700,(anonymous_46)
FN:702,(anonymous_47)
FN:714,(anonymous_48)
FN:716,(anonymous_49)
FN:737,(anonymous_50)
FN:752,(anonymous_51)
FN:770,(anonymous_52)
FN:786,(anonymous_53)
FNF:50
FNH:0
FNDA:0,(anonymous_4)
FNDA:0,(anonymous_5)
FNDA:0,(anonymous_6)
FNDA:0,(anonymous_7)
FNDA:0,(anonymous_8)
FNDA:0,(anonymous_9)
FNDA:0,(anonymous_10)
FNDA:0,(anonymous_11)
FNDA:0,(anonymous_12)
FNDA:0,(anonymous_13)
FNDA:0,(anonymous_14)
FNDA:0,(anonymous_15)
FNDA:0,(anonymous_16)
FNDA:0,(anonymous_17)
FNDA:0,(anonymous_18)
FNDA:0,(anonymous_19)
[...]
BRDA:45,7,0,0
BRDA:45,7,1,0
BRDA:82,8,0,0
BRDA:82,8,1,0
BRDA:82,9,0,0
BRDA:82,9,1,0
BRDA:88,10,0,0
BRDA:88,10,1,0
BRDA:90,11,0,0
BRDA:90,11,1,0
BRDA:93,12,0,0
BRDA:93,12,1,0
BRDA:95,13,0,0
BRDA:95,13,1,0
BRDA:95,14,0,0
BRDA:95,14,1,0
BRDA:129,15,0,0
BRDA:129,15,1,0
BRDA:134,16,0,0
BRDA:134,16,1,0
BRDA:136,17,0,0
BRDA:136,17,1,0
BRDA:139,18,0,0
BRDA:139,18,1,0
BRDA:140,19,0,0
BRDA:140,19,1,0
BRDA:164,20,0,0
BRDA:164,20,1,0
BRDA:164,21,0,0
BRDA:164,21,1,0
BRDA:169,22,0,0
BRDA:169,22,1,0
BRDA:169,23,0,0
BRDA:169,23,1,0
BRDA:174,24,0,0
BRDA:174,24,1,0
BRDA:174,25,0,0
BRDA:174,25,1,0
BRDA:178,26,0,0
BRDA:178,26,1,0
BRDA:179,27,0,0
BRDA:179,27,1,0
BRDA:179,28,0,0
BRDA:179,28,1,0
BRDA:197,29,0,0
BRDA:197,29,1,0
BRDA:197,30,0,0
BRDA:197,30,1,0
BRDA:197,30,2,0
BRDA:198,31,0,0
BRDA:198,31,1,0
BRDA:198,32,0,0
BRDA:198,32,1,0
BRDA:198,32,2,0
BRDA:201,33,0,0
BRDA:201,33,1,0
BRDA:201,34,0,0
BRDA:201,34,1,0
BRDA:212,35,0,0
BRDA:212,35,1,0
BRDA:212,36,0,0
BRDA:212,36,1,0
BRDA:212,36,2,0
BRDA:213,37,0,0
BRDA:213,37,1,0
BRDA:224,38,0,0
BRDA:224,38,1,0
BRDA:224,39,0,0
BRDA:224,39,1,0
BRDA:224,39,2,0
BRDA:225,40,0,0
BRDA:225,40,1,0
BRDA:225,41,0,0
BRDA:225,41,1,0
BRDA:225,41,2,0
BRDA:228,42,0,0
BRDA:228,42,1,0
BRDA:228,43,0,0
BRDA:228,43,1,0
BRDA:238,44,0,0
BRDA:238,44,1,0
BRDA:238,45,0,0
BRDA:238,45,1,0
BRDA:242,46,0,0
BRDA:242,46,1,0
BRDA:243,47,0,0
BRDA:243,47,1,0
BRDA:243,48,0,0
BRDA:243,48,1,0
BRDA:247,49,0,0
BRDA:247,49,1,0
BRDA:247,50,0,0
BRDA:247,50,1,0
BRDA:255,51,0,0
BRDA:257,52,0,0
BRDA:257,52,1,0
BRDA:257,53,0,0
BRDA:257,53,1,0
BRDA:261,54,0,0
BRDA:261,54,1,0
BRDA:262,55,0,0
BRDA:262,55,1,0
BRDA:262,56,0,0
BRDA:262,56,1,0
BRDA:266,57,0,0
BRDA:266,57,1,0
BRDA:266,58,0,0
BRDA:266,58,1,0
BRDA:290,59,0,0
BRDA:290,59,1,0
BRDA:290,60,0,0
BRDA:290,60,1,0
BRDA:295,61,0,0
BRDA:295,61,1,0
BRDA:297,62,0,0
BRDA:297,62,1,0
BRDA:300,63,0,0
BRDA:300,63,1,0
BRDA:302,64,0,0
BRDA:302,64,1,0
BRDA:302,65,0,0
BRDA:302,65,1,0
BRDA:321,66,0,0
BRDA:323,67,0,0
BRDA:323,67,1,0
BRDA:323,68,0,0
BRDA:323,68,1,0
BRDA:328,69,0,0
BRDA:328,69,1,0
BRDA:330,70,0,0
BRDA:330,70,1,0
BRDA:333,71,0,0
BRDA:333,71,1,0
BRDA:335,72,0,0
BRDA:335,72,1,0
BRDA:335,73,0,0
BRDA:335,73,1,0
BRDA:364,74,0,0
BRDA:364,74,1,0
BRDA:364,75,0,0
BRDA:364,75,1,0
BRDA:364,75,2,0
BRDA:364,75,3,0
BRDA:382,76,0,0
BRDA:382,76,1,0
BRDA:382,77,0,0
BRDA:382,77,1,0
BRDA:386,78,0,0
BRDA:386,78,1,0
BRDA:387,79,0,0
BRDA:387,79,1,0
BRDA:394,80,0,0
BRDA:394,80,1,0
BRDA:416,81,0,0
BRDA:416,81,1,0
BRDA:416,82,0,0
BRDA:416,82,1,0
BRDA:416,82,2,0
BRDA:416,82,3,0
BRDA:421,83,0,0
BRDA:421,83,1,0
BRDA:423,84,0,0
BRDA:423,84,1,0
BRDA:424,85,0,0
BRDA:424,85,1,0
BRDA:437,86,0,0
BRDA:437,87,0,0
BRDA:439,88,0,0
BRDA:439,88,1,0
BRDA:439,89,0,0
BRDA:439,89,1,0
BRDA:443,90,0,0
BRDA:443,90,1,0
BRDA:447,91,0,0
BRDA:447,91,1,0
BRDA:455,92,0,0
BRDA:455,92,1,0
BRF:191
BRH:0
end_of_record
TN:
SF:src\utils\secureStorage.ts
FN:22,(anonymous_13)
FN:40,(anonymous_14)
FN:57,(anonymous_15)
FN:78,(anonymous_16)
FN:103,(anonymous_17)
FN:114,(anonymous_18)
FN:125,(anonymous_19)
FN:137,(anonymous_20)
FN:149,(anonymous_21)
FN:156,(anonymous_22)
FN:163,(anonymous_23)
FN:176,(anonymous_24)
FN:190,(anonymous_25)
FN:196,(anonymous_26)
FN:239,(anonymous_27)
FN:245,(anonymous_28)
FN:255,(anonymous_29)
FN:276,(anonymous_30)
FN:289,(anonymous_31)
FN:308,(anonymous_33)
FN:309,(anonymous_34)
FN:310,(anonymous_35)
FN:311,(anonymous_36)
FN:312,(anonymous_37)
FN:315,setSecureItemAdvanced
FN:319,getSecureItemAdvanced
FN:323,setSecureJSONAdvanced
FN:327,getSecureJSONAdvanced
FN:331,migrateToAdvancedEncryption
FNF:29
FNH:0
FNDA:0,(anonymous_13)
FNDA:0,(anonymous_14)
FNDA:0,(anonymous_15)
FNDA:0,(anonymous_16)
FNDA:0,(anonymous_17)
FNDA:0,(anonymous_18)
FNDA:0,(anonymous_19)
FNDA:0,(anonymous_20)
FNDA:0,(anonymous_21)
FNDA:0,(anonymous_22)
FNDA:0,(anonymous_23)
FNDA:0,(anonymous_24)
FNDA:0,(anonymous_25)
FNDA:0,(anonymous_26)
FNDA:0,(anonymous_27)
FNDA:0,(anonymous_28)
FNDA:0,(anonymous_29)
FNDA:0,(anonymous_30)
FNDA:0,(anonymous_31)
FNDA:0,(anonymous_33)
FNDA:0,(anonymous_34)
FNDA:0,(anonymous_35)
FNDA:0,(anonymous_36)
FNDA:0,(anonymous_37)
FNDA:0,setSecureItemAdvanced
FNDA:0,getSecureItemAdvanced
FNDA:0,setSecureJSONAdvanced
FNDA:0,getSecureJSONAdvanced
FNDA:0,migrateToAdvancedEncryption
DA:1,0
DA:2,0
DA:9,0
DA:23,0
DA:24,0
DA:25,0
DA:26,0
DA:28,0
DA:31,0
DA:32,0
DA:41,0
DA:42,0
DA:43,0
DA:44,0
DA:46,0
DA:49,0
DA:50,0
DA:58,0
DA:59,0
DA:60,0
DA:62,0
DA:63,0
DA:65,0
DA:68,0
DA:70,0
DA:79,0
DA:80,0
DA:81,0
DA:83,0
DA:85,0
DA:86,0
DA:89,0
DA:92,0
DA:95,0
DA:96,0
DA:104,0
DA:105,0
DA:107,0
DA:115,0
DA:116,0
DA:118,0
DA:126,0
DA:127,0
DA:129,0
DA:130,0
DA:138,0
DA:150,0
DA:157,0
DA:164,0
DA:165,0
DA:166,0
DA:168,0
DA:169,0
DA:177,0
DA:178,0
DA:179,0
DA:180,0
DA:182,0
DA:183,0
DA:191,0
DA:192,0
DA:193,0
DA:196,0
DA:197,0
DA:198,0
DA:199,0
DA:200,0
DA:206,0
DA:207,0
DA:209,0
DA:210,0
DA:215,0
DA:216,0
DA:219,0
DA:223,0
DA:224,0
DA:226,0
DA:230,0
DA:232,0
DA:240,0
DA:241,0
DA:242,0
DA:245,0
DA:246,0
DA:247,0
DA:248,0
DA:249,0
DA:255,0
DA:256,0
DA:258,0
DA:262,0
DA:263,0
DA:267,0
DA:269,0
DA:277,0
DA:278,0
DA:279,0
DA:281,0
DA:282,0
DA:290,0
DA:291,0
DA:292,0
DA:293,0
DA:295,0
DA:296,0
DA:302,0
DA:305,0
DA:308,0
DA:309,0
DA:310,0
DA:311,0
DA:312,0
DA:315,0
DA:316,0
DA:319,0
DA:320,0
DA:323,0
DA:324,0
DA:327,0
DA:328,0
DA:331,0
DA:332,0
LF:122
LH:0
BRDA:24,0,0,0
BRDA:24,0,1,0
BRDA:42,1,0,0
BRDA:42,1,1,0
BRDA:60,2,0,0
BRDA:60,2,1,0
BRDA:62,3,0,0
BRDA:62,3,1,0
BRDA:81,4,0,0
BRDA:81,4,1,0
BRDA:83,5,0,0
BRDA:83,5,1,0
BRDA:85,6,0,0
BRDA:85,6,1,0
BRDA:138,7,0,0
BRDA:138,7,1,0
BRDA:138,7,2,0
BRDA:138,7,3,0
BRDA:138,7,4,0
BRDA:138,7,5,0
BRDA:179,8,0,0
BRDA:179,8,1,0
BRDA:197,9,0,0
BRDA:197,9,1,0
BRDA:199,10,0,0
BRDA:199,10,1,0
BRDA:209,11,0,0
BRDA:209,11,1,0
BRDA:246,12,0,0
BRDA:246,12,1,0
BRDA:248,13,0,0
BRDA:248,13,1,0
BRDA:292,14,0,0
BRDA:292,14,1,0
BRF:34
BRH:0
end_of_record
TN:
SF:src\utils\security.ts
FN:6,(anonymous_27)
FN:6,(anonymous_28)
FN:37,(anonymous_29)
FN:55,(anonymous_30)
FN:97,(anonymous_31)
FN:107,(anonymous_32)
FN:116,(anonymous_33)
FN:149,(anonymous_34)
FN:159,(anonymous_35)
FN:163,(anonymous_36)
FN:173,(anonymous_37)
FN:186,(anonymous_38)
FN:231,(anonymous_39)
FN:241,(anonymous_40)
FN:266,(anonymous_41)
FN:272,(anonymous_42)
FN:283,(anonymous_43)
FN:303,(anonymous_44)
FN:340,(anonymous_45)
FN:348,(anonymous_46)
FN:369,(anonymous_47)
FN:386,(anonymous_48)
FN:427,(anonymous_49)
FN:439,(anonymous_50)
FN:445,(anonymous_51)
FN:468,(anonymous_52)
FN:476,(anonymous_53)
FN:480,(anonymous_54)
FN:484,(anonymous_55)
FN:488,(anonymous_56)
FNF:30
FNH:0
FNDA:0,(anonymous_27)
FNDA:0,(anonymous_28)
FNDA:0,(anonymous_29)
FNDA:0,(anonymous_30)
FNDA:0,(anonymous_31)
FNDA:0,(anonymous_32)
FNDA:0,(anonymous_33)
FNDA:0,(anonymous_34)
FNDA:0,(anonymous_35)
FNDA:0,(anonymous_36)
FNDA:0,(anonymous_37)
FNDA:0,(anonymous_38)
FNDA:0,(anonymous_39)
FNDA:0,(anonymous_40)
FNDA:0,(anonymous_41)
FNDA:0,(anonymous_42)
FNDA:0,(anonymous_43)
FNDA:0,(anonymous_44)
FNDA:0,(anonymous_45)
FNDA:0,(anonymous_46)
FNDA:0,(anonymous_47)
FNDA:0,(anonymous_48)
FNDA:0,(anonymous_49)
FNDA:0,(anonymous_50)
FNDA:0,(anonymous_51)
FNDA:0,(anonymous_52)
FNDA:0,(anonymous_53)
FNDA:0,(anonymous_54)
FNDA:0,(anonymous_55)
FNDA:0,(anonymous_56)
DA:4,0
DA:5,0
DA:6,0
DA:7,0
DA:12,0
DA:31,0
DA:37,0
DA:38,0
DA:39,0
DA:42,0
DA:43,0
DA:45,0
DA:55,0
DA:56,0
DA:57,0
DA:60,0
DA:61,0
DA:63,0
DA:97,0
DA:98,0
DA:99,0
DA:100,0
DA:102,0
DA:107,0
DA:108,0
DA:109,0
DA:113,0
DA:116,0
DA:123,0
DA:125,0
DA:126,0
DA:134,0
DA:135,0
DA:136,0
DA:137,0
DA:138,0
DA:139,0
DA:141,0
DA:149,0
DA:150,0
DA:151,0
DA:152,0
DA:155,0
DA:156,0
DA:159,0
DA:163,0
DA:164,0
DA:165,0
DA:168,0
DA:169,0
DA:173,0
DA:174,0
DA:175,0
DA:186,0
DA:192,0
DA:193,0
DA:194,0
DA:203,0
DA:204,0
DA:206,0
DA:207,0
DA:210,0
DA:211,0
DA:220,0
DA:221,0
DA:222,0
DA:224,0
DA:231,0
DA:232,0
DA:233,0
DA:235,0
DA:236,0
DA:237,0
DA:241,0
DA:242,0
DA:243,0
DA:245,0
DA:246,0
DA:247,0
DA:248,0
DA:249,0
DA:253,0
DA:254,0
DA:258,0
DA:262,0
DA:265,0
DA:267,0
DA:268,0
DA:270,0
DA:273,0
DA:274,0
DA:276,0
DA:283,0
DA:284,0
DA:286,0
DA:291,0
DA:293,0
DA:294,0
DA:296,0
DA:303,0
DA:304,0
DA:306,0
DA:307,0
DA:308,0
DA:312,0
DA:313,0
DA:314,0
DA:315,0
DA:316,0
DA:317,0
DA:325,0
DA:326,0
DA:331,0
DA:332,0
DA:340,0
DA:341,0
DA:342,0
DA:343,0
DA:345,0
DA:348,0
DA:349,0
DA:350,0
DA:351,0
DA:352,0
DA:353,0
DA:354,0
DA:355,0
DA:361,0
DA:362,0
DA:364,0
DA:369,0
DA:370,0
DA:372,0
DA:374,0
DA:375,0
DA:376,0
DA:379,0
DA:381,0
DA:386,0
DA:392,0
DA:393,0
DA:394,0
DA:395,0
DA:398,0
DA:401,0
DA:402,0
DA:403,0
DA:404,0
DA:408,0
DA:409,0
DA:412,0
DA:413,0
DA:416,0
DA:417,0
DA:418,0
DA:420,0
DA:427,0
DA:428,0
DA:439,0
DA:440,0
DA:441,0
DA:445,0
DA:452,0
DA:458,0
DA:460,0
DA:461,0
DA:469,0
DA:475,0
DA:477,0
DA:481,0
DA:485,0
DA:489,0
LF:172
LH:0
BRDA:5,0,0,0
BRDA:5,0,1,0
BRDA:7,1,0,0
BRDA:7,1,1,0
BRDA:38,2,0,0
BRDA:38,2,1,0
BRDA:42,3,0,0
BRDA:42,3,1,0
BRDA:56,4,0,0
BRDA:56,4,1,0
BRDA:60,5,0,0
BRDA:60,5,1,0
BRDA:109,6,0,0
BRDA:109,6,1,0
BRDA:125,7,0,0
BRDA:125,7,1,0
BRDA:128,8,0,0
BRDA:128,8,1,0
BRDA:135,9,0,0
BRDA:135,9,1,0
BRDA:136,10,0,0
BRDA:136,10,1,0
BRDA:137,11,0,0
BRDA:137,11,1,0
BRDA:138,12,0,0
BRDA:138,12,1,0
BRDA:139,13,0,0
BRDA:139,13,1,0
BRDA:151,14,0,0
BRDA:151,14,1,0
BRDA:151,15,0,0
BRDA:151,15,1,0
BRDA:164,16,0,0
BRDA:164,16,1,0
BRDA:164,17,0,0
BRDA:164,17,1,0
BRDA:174,18,0,0
BRDA:174,18,1,0
BRDA:203,19,0,0
BRDA:203,19,1,0
BRDA:206,20,0,0
BRDA:206,20,1,0
BRDA:221,21,0,0
BRDA:221,21,1,0
BRDA:221,22,0,0
BRDA:221,22,1,0
BRDA:221,22,2,0
BRDA:232,23,0,0
BRDA:232,23,1,0
BRDA:241,24,0,0
BRDA:245,25,0,0
BRDA:245,25,1,0
BRDA:245,26,0,0
BRDA:245,26,1,0
BRDA:265,27,0,0
BRDA:265,27,1,0
BRDA:266,28,0,0
BRDA:266,28,1,0
BRDA:267,29,0,0
BRDA:267,29,1,0
BRDA:272,30,0,0
BRDA:272,30,1,0
BRDA:273,31,0,0
BRDA:273,31,1,0
BRDA:293,32,0,0
BRDA:293,32,1,0
BRDA:293,33,0,0
BRDA:293,33,1,0
BRDA:306,34,0,0
BRDA:306,34,1,0
BRDA:312,35,0,0
BRDA:312,35,1,0
BRDA:312,36,0,0
BRDA:312,36,1,0
BRDA:316,37,0,0
BRDA:316,37,1,0
BRDA:316,38,0,0
BRDA:316,38,1,0
BRDA:342,39,0,0
BRDA:342,39,1,0
BRDA:342,40,0,0
BRDA:342,40,1,0
BRDA:350,41,0,0
BRDA:350,41,1,0
BRDA:350,42,0,0
BRDA:350,42,1,0
BRDA:354,43,0,0
BRDA:354,43,1,0
BRDA:354,44,0,0
BRDA:354,44,1,0
BRDA:372,45,0,0
BRDA:372,45,1,0
BRDA:376,46,0,0
BRDA:376,46,1,0
BRDA:393,47,0,0
BRDA:393,47,1,0
BRDA:393,48,0,0
BRDA:393,48,1,0
BRDA:393,48,2,0
BRDA:403,49,0,0
BRDA:403,49,1,0
BRDA:403,50,0,0
BRDA:403,50,1,0
BRDA:408,51,0,0
BRDA:408,51,1,0
BRDA:408,52,0,0
BRDA:408,52,1,0
BRDA:408,52,2,0
BRDA:412,53,0,0
BRDA:412,53,1,0
BRDA:412,54,0,0
BRDA:412,54,1,0
BRDA:412,54,2,0
BRDA:417,55,0,0
BRDA:417,55,1,0
BRDA:417,56,0,0
BRDA:417,56,1,0
BRDA:417,56,2,0
BRDA:460,57,0,0
BRDA:460,57,1,0
BRF:120
BRH:0
end_of_record
TN:
SF:src\utils\securityValidation.ts
FN:55,validateEnvironmentSecurity
FN:130,validateApiKey
FN:159,generateSecureKey
FN:171,logSecurityValidation
FN:174,(anonymous_10)
FN:179,(anonymous_11)
FN:190,enforceSecurityValidation
FNF:7
FNH:0
FNDA:0,validateEnvironmentSecurity
FNDA:0,validateApiKey
FNDA:0,generateSecureKey
FNDA:0,logSecurityValidation
FNDA:0,(anonymous_10)
FNDA:0,(anonymous_11)
FNDA:0,enforceSecurityValidation
DA:21,0
DA:55,0
DA:56,0
DA:57,0
DA:58,0
DA:61,0
DA:62,0
DA:63,0
DA:64,0
DA:70,0
DA:71,0
DA:72,0
DA:73,0
DA:78,0
DA:79,0
DA:80,0
DA:81,0
DA:82,0
DA:83,0
DA:85,0
DA:86,0
DA:87,0
DA:89,0
DA:92,0
DA:93,0
DA:98,0
DA:99,0
DA:100,0
DA:101,0
DA:102,0
DA:103,0
DA:104,0
DA:112,0
DA:113,0
DA:114,0
DA:115,0
DA:116,0
DA:120,0
DA:130,0
DA:131,0
DA:133,0
DA:134,0
DA:135,0
DA:138,0
DA:139,0
DA:142,0
DA:143,0
DA:146,0
DA:147,0
DA:148,0
DA:149,0
DA:153,0
DA:159,0
DA:160,0
DA:161,0
DA:164,0
DA:165,0
DA:171,0
DA:172,0
DA:173,0
DA:174,0
DA:177,0
DA:178,0
DA:179,0
DA:182,0
DA:183,0
DA:190,0
DA:191,0
DA:192,0
DA:194,0
DA:195,0
DA:200,0
DA:201,0
DA:202,0
DA:204,0
LF:75
LH:0
BRDA:61,0,0,0
BRDA:61,0,1,0
BRDA:63,1,0,0
BRDA:63,1,1,0
BRDA:72,2,0,0
BRDA:72,2,1,0
BRDA:81,3,0,0
BRDA:81,3,1,0
BRDA:82,4,0,0
BRDA:82,4,1,0
BRDA:85,5,0,0
BRDA:85,5,1,0
BRDA:85,6,0,0
BRDA:85,6,1,0
BRDA:85,6,2,0
BRDA:86,7,0,0
BRDA:86,7,1,0
BRDA:92,8,0,0
BRDA:92,8,1,0
BRDA:98,9,0,0
BRDA:98,9,1,0
BRDA:101,10,0,0
BRDA:101,10,1,0
BRDA:103,11,0,0
BRDA:103,11,1,0
BRDA:115,12,0,0
BRDA:115,12,1,0
BRDA:115,13,0,0
BRDA:115,13,1,0
BRDA:115,13,2,0
BRDA:133,14,0,0
BRDA:133,14,1,0
BRDA:138,15,0,0
BRDA:138,15,1,0
BRDA:142,16,0,0
BRDA:142,16,1,0
BRDA:142,17,0,0
BRDA:142,17,1,0
BRDA:148,18,0,0
BRDA:148,18,1,0
BRDA:159,19,0,0
BRDA:160,20,0,0
BRDA:160,20,1,0
BRDA:172,21,0,0
BRDA:172,21,1,0
BRDA:177,22,0,0
BRDA:177,22,1,0
BRDA:182,23,0,0
BRDA:182,23,1,0
BRDA:182,24,0,0
BRDA:182,24,1,0
BRDA:194,25,0,0
BRDA:194,25,1,0
BRDA:194,26,0,0
BRDA:194,26,1,0
BRDA:200,27,0,0
BRDA:200,27,1,0
BRF:57
BRH:0
end_of_record
TN:
SF:src\utils\standardErrorHandling.tsx
FN:58,configureErrorLogging
FN:65,logError
FN:122,createStandardError
FN:158,(anonymous_20)
FN:169,classifyError
FN:222,handleAsyncOperation
FN:257,useErrorState
FN:271,(anonymous_24)
FN:289,(anonymous_25)
FN:290,(anonymous_26)
FN:293,(anonymous_27)
FN:294,(anonymous_28)
FN:297,(anonymous_29)
FN:317,useErrorReporting
FN:318,(anonymous_31)
FN:353,(anonymous_32)
FN:384,useAsyncOperation
FN:395,(anonymous_34)
FN:416,(anonymous_35)
FN:443,(anonymous_36)
FN:444,(anonymous_37)
FN:484,createValidationError
FN:492,validateRequired
FN:499,validateEmail
FN:507,validateMinLength
FNF:25
FNH:0
FNDA:0,configureErrorLogging
FNDA:0,logError
FNDA:0,createStandardError
FNDA:0,(anonymous_20)
FNDA:0,classifyError
FNDA:0,handleAsyncOperation
FNDA:0,useErrorState
FNDA:0,(anonymous_24)
FNDA:0,(anonymous_25)
FNDA:0,(anonymous_26)
FNDA:0,(anonymous_27)
FNDA:0,(anonymous_28)
FNDA:0,(anonymous_29)
FNDA:0,useErrorReporting
FNDA:0,(anonymous_31)
FNDA:0,(anonymous_32)
FNDA:0,useAsyncOperation
FNDA:0,(anonymous_34)
FNDA:0,(anonymous_35)
FNDA:0,(anonymous_36)
FNDA:0,(anonymous_37)
FNDA:0,createValidationError
FNDA:0,validateRequired
FNDA:0,validateEmail
FNDA:0,validateMinLength
DA:7,0
DA:10,0
DA:11,0
DA:46,0
DA:53,0
DA:58,0
DA:59,0
DA:65,0
DA:70,0
DA:72,0
DA:73,0
DA:85,0
DA:86,0
DA:99,0
DA:100,0
DA:114,0
DA:115,0
DA:122,0
DA:144,0
DA:146,0
DA:157,0
DA:158,0
DA:159,0
DA:163,0
DA:169,0
DA:170,0
DA:172,0
DA:173,0
DA:181,0
DA:182,0
DA:190,0
DA:191,0
DA:199,0
DA:207,0
DA:208,0
DA:212,0
DA:222,0
DA:231,0
DA:232,0
DA:233,0
DA:235,0
DA:238,0
DA:239,0
DA:246,0
DA:247,0
DA:250,0
DA:257,0
DA:265,0
DA:271,0
DA:272,0
DA:273,0
DA:274,0
DA:277,0
DA:281,0
DA:284,0
DA:285,0
DA:289,0
DA:290,0
DA:293,0
DA:294,0
DA:297,0
DA:298,0
DA:299,0
DA:300,0
DA:302,0
DA:305,0
DA:317,0
DA:318,0
DA:329,0
DA:330,0
DA:336,0
DA:337,0
DA:346,0
DA:347,0
DA:350,0
DA:353,0
DA:357,0
DA:358,0
DA:361,0
DA:362,0
DA:375,0
DA:384,0
DA:389,0
DA:395,0
DA:399,0
DA:401,0
DA:407,0
DA:413,0
DA:416,0
DA:417,0
DA:420,0
DA:440,0
DA:443,0
DA:444,0
DA:445,0
DA:446,0
DA:447,0
DA:448,0
DA:449,0
DA:450,0
DA:484,0
DA:489,0
DA:492,0
DA:493,0
DA:494,0
DA:496,0
DA:499,0
DA:500,0
DA:501,0
DA:502,0
DA:504,0
DA:507,0
DA:512,0
DA:513,0
DA:519,0
LF:115
LH:0
BRDA:72,0,0,0
BRDA:72,0,1,0
BRDA:79,1,0,0
BRDA:79,1,1,0
BRDA:85,2,0,0
BRDA:85,2,1,0
BRDA:99,3,0,0
BRDA:99,3,1,0
BRDA:103,4,0,0
BRDA:103,4,1,0
BRDA:105,5,0,0
BRDA:105,5,1,0
BRDA:106,6,0,0
BRDA:106,6,1,0
BRDA:107,7,0,0
BRDA:107,7,1,0
BRDA:124,8,0,0
BRDA:137,9,0,0
BRDA:138,10,0,0
BRDA:143,11,0,0
BRDA:157,12,0,0
BRDA:157,12,1,0
BRDA:170,13,0,0
BRDA:170,13,1,0
BRDA:172,14,0,0
BRDA:172,14,1,0
BRDA:172,15,0,0
BRDA:172,15,1,0
BRDA:181,16,0,0
BRDA:181,16,1,0
BRDA:181,17,0,0
BRDA:181,17,1,0
BRDA:190,18,0,0
BRDA:190,18,1,0
BRDA:190,19,0,0
BRDA:190,19,1,0
BRDA:207,20,0,0
BRDA:207,20,1,0
BRDA:238,21,0,0
BRDA:238,21,1,0
BRDA:246,22,0,0
BRDA:246,22,1,0
BRDA:258,23,0,0
BRDA:272,24,0,0
BRDA:272,24,1,0
BRDA:277,25,0,0
BRDA:277,25,1,0
BRDA:277,26,0,0
BRDA:277,26,1,0
BRDA:284,27,0,0
BRDA:284,27,1,0
BRDA:299,28,0,0
BRDA:299,28,1,0
BRDA:329,29,0,0
BRDA:329,29,1,0
BRDA:332,30,0,0
BRDA:332,30,1,0
BRDA:336,31,0,0
BRDA:336,31,1,0
BRDA:340,32,0,0
BRDA:340,32,1,0
BRDA:357,33,0,0
BRDA:357,33,1,0
BRDA:361,34,0,0
BRDA:361,34,1,0
BRDA:445,35,0,0
BRDA:445,35,1,0
BRDA:445,35,2,0
BRDA:445,35,3,0
BRDA:445,35,4,0
BRDA:460,36,0,0
BRDA:493,37,0,0
BRDA:493,37,1,0
BRDA:493,38,0,0
BRDA:493,38,1,0
BRDA:493,38,2,0
BRDA:501,39,0,0
BRDA:501,39,1,0
BRDA:512,40,0,0
BRDA:512,40,1,0
BRF:80
BRH:0
end_of_record
TN:
SF:src\utils\startupValidator.ts
FN:30,validateStartup
FN:67,(anonymous_4)
FN:69,(anonymous_5)
FN:87,simulateCheck
FN:92,(anonymous_7)
FN:94,(anonymous_8)
FN:107,formatStartupReport
FN:112,(anonymous_10)
FNF:8
FNH:0
FNDA:0,validateStartup
FNDA:0,(anonymous_4)
FNDA:0,(anonymous_5)
FNDA:0,simulateCheck
FNDA:0,(anonymous_7)
FNDA:0,(anonymous_8)
FNDA:0,formatStartupReport
FNDA:0,(anonymous_10)
DA:30,0
DA:31,0
DA:34,0
DA:39,0
DA:42,0
DA:47,0
DA:50,0
DA:55,0
DA:58,0
DA:63,0
DA:66,0
DA:67,0
DA:68,0
DA:69,0
DA:70,0
DA:73,0
DA:92,0
DA:93,0
DA:95,0
DA:107,0
DA:108,0
DA:109,0
DA:111,0
DA:112,0
DA:113,0
DA:116,0
DA:117,0
DA:119,0
DA:120,0
DA:123,0
DA:126,0
LF:31
LH:0
BRDA:36,0,0,0
BRDA:36,0,1,0
BRDA:44,1,0,0
BRDA:44,1,1,0
BRDA:52,2,0,0
BRDA:52,2,1,0
BRDA:60,3,0,0
BRDA:60,3,1,0
BRDA:67,4,0,0
BRDA:67,4,1,0
BRDA:69,5,0,0
BRDA:69,5,1,0
BRDA:116,6,0,0
BRDA:116,6,1,0
BRDA:119,7,0,0
BRDA:119,7,1,0
BRF:16
BRH:0
end_of_record
TN:
SF:src\utils\testRunner.ts
FN:36,runTests
FN:37,(anonymous_5)
FN:44,(anonymous_6)
FN:85,(anonymous_7)
FN:94,formatTestRunReport
FN:104,(anonymous_9)
FN:122,isTestRunSuccessful
FNF:7
FNH:0
FNDA:0,runTests
FNDA:0,(anonymous_5)
FNDA:0,(anonymous_6)
FNDA:0,(anonymous_7)
FNDA:0,formatTestRunReport
FNDA:0,(anonymous_9)
FNDA:0,isTestRunSuccessful
DA:36,0
DA:37,0
DA:38,0
DA:39,0
DA:40,0
DA:41,0
DA:42,0
DA:44,0
DA:45,0
DA:46,0
DA:48,0
DA:52,0
DA:54,0
DA:55,0
DA:56,0
DA:58,0
DA:59,0
DA:60,0
DA:63,0
DA:64,0
DA:67,0
DA:75,0
DA:85,0
DA:94,0
DA:95,0
DA:96,0
DA:97,0
DA:98,0
DA:99,0
DA:100,0
DA:102,0
DA:103,0
DA:104,0
DA:105,0
DA:106,0
DA:107,0
DA:109,0
DA:112,0
DA:114,0
DA:122,0
DA:123,0
LF:41
LH:0
BRDA:52,0,0,0
BRDA:52,0,1,0
BRDA:56,1,0,0
BRDA:56,1,1,0
BRDA:102,2,0,0
BRDA:102,2,1,0
BRDA:106,3,0,0
BRDA:106,3,1,0
BRDA:123,4,0,0
BRDA:123,4,1,0
BRF:10
BRH:0
end_of_record
TN:
SF:src\utils\validation.ts
FN:13,validateEmailSecure
FN:51,validatePasswordSecure
FN:107,isNotEmpty
FN:116,isValidEmail
FN:129,isValidPhone
FN:145,isNumberInRange
FN:154,isValidDateString
FN:168,isPositiveNumber
FN:177,isArrayNotEmpty
FN:188,isValidPassword
FN:199,validateObject
FNF:11
FNH:0
FNDA:0,validateEmailSecure
FNDA:0,validatePasswordSecure
FNDA:0,isNotEmpty
FNDA:0,isValidEmail
FNDA:0,isValidPhone
FNDA:0,isNumberInRange
FNDA:0,isValidDateString
FNDA:0,isPositiveNumber
FNDA:0,isArrayNotEmpty
FNDA:0,isValidPassword
FNDA:0,validateObject
DA:13,0
DA:14,0
DA:15,0
DA:18,0
DA:21,0
DA:22,0
DA:26,0
DA:27,0
DA:31,0
DA:37,0
DA:38,0
DA:39,0
DA:43,0
DA:51,0
DA:52,0
DA:53,0
DA:57,0
DA:58,0
DA:61,0
DA:62,0
DA:66,0
DA:67,0
DA:68,0
DA:69,0
DA:71,0
DA:72,0
DA:73,0
DA:74,0
DA:75,0
DA:77,0
DA:78,0
DA:85,0
DA:93,0
DA:94,0
DA:95,0
DA:99,0
DA:107,0
DA:108,0
DA:116,0
DA:117,0
DA:119,0
DA:120,0
DA:129,0
DA:130,0
DA:132,0
DA:134,0
DA:135,0
DA:145,0
DA:146,0
DA:154,0
DA:155,0
DA:156,0
DA:157,0
DA:158,0
DA:160,0
DA:168,0
DA:169,0
DA:177,0
DA:178,0
DA:188,0
DA:189,0
DA:190,0
DA:199,0
DA:203,0
DA:204,0
DA:205,0
DA:206,0
DA:207,0
DA:208,0
DA:209,0
DA:210,0
DA:215,0
LF:72
LH:0
BRDA:14,0,0,0
BRDA:14,0,1,0
BRDA:14,1,0,0
BRDA:14,1,1,0
BRDA:21,2,0,0
BRDA:21,2,1,0
BRDA:26,3,0,0
BRDA:26,3,1,0
BRDA:38,4,0,0
BRDA:38,4,1,0
BRDA:52,5,0,0
BRDA:52,5,1,0
BRDA:52,6,0,0
BRDA:52,6,1,0
BRDA:57,7,0,0
BRDA:57,7,1,0
BRDA:61,8,0,0
BRDA:61,8,1,0
BRDA:72,9,0,0
BRDA:72,9,1,0
BRDA:73,10,0,0
BRDA:73,10,1,0
BRDA:74,11,0,0
BRDA:74,11,1,0
BRDA:75,12,0,0
BRDA:75,12,1,0
BRDA:77,13,0,0
BRDA:77,13,1,0
BRDA:94,14,0,0
BRDA:94,14,1,0
BRDA:108,15,0,0
BRDA:108,15,1,0
BRDA:117,16,0,0
BRDA:117,16,1,0
BRDA:130,17,0,0
BRDA:130,17,1,0
BRDA:135,18,0,0
BRDA:135,18,1,0
BRDA:146,19,0,0
BRDA:146,19,1,0
BRDA:146,19,2,0
BRDA:155,20,0,0
BRDA:155,20,1,0
BRDA:157,21,0,0
BRDA:157,21,1,0
BRDA:169,22,0,0
BRDA:169,22,1,0
BRDA:178,23,0,0
BRDA:178,23,1,0
BRDA:188,24,0,0
BRDA:205,25,0,0
BRDA:205,25,1,0
BRDA:207,26,0,0
BRDA:207,26,1,0
BRDA:209,27,0,0
BRDA:209,27,1,0
BRF:56
BRH:0
end_of_record
